#
# There is insufficient memory for the Java Runtime Environment to continue.
# Native memory allocation (malloc) failed to allocate 351776 bytes. Error detail: Chunk::new
# Possible reasons:
#   The system is out of physical RAM or swap space
#   This process is running with CompressedOops enabled, and the Java Heap may be blocking the growth of the native heap
# Possible solutions:
#   Reduce memory load on the system
#   Increase physical memory or swap space
#   Check if swap backing store is full
#   Decrease Java heap size (-Xmx/-Xms)
#   Decrease number of Java threads
#   Decrease Java thread stack sizes (-Xss)
#   Set larger code cache with -XX:ReservedCodeCacheSize=
#   JVM is running with Unscaled Compressed Oops mode in which the Java heap is
#     placed in the first 4GB address space. The Java Heap base address is the
#     maximum limit for the native heap growth. Please use -XX:HeapBaseMinAddress
#     to set the Java Heap base and to place the Java Heap above 4GB virtual address.
# This output file may be truncated or incomplete.
#
#  Out of Memory Error (arena.cpp:150), pid=3612, tid=4380
#
# JRE version: OpenJDK Runtime Environment (22.0.1+8) (build 22.0.1+8-16)
# Java VM: OpenJDK 64-Bit Server VM (22.0.1+8-16, mixed mode, sharing, tiered, compressed oops, compressed class ptrs, g1 gc, windows-amd64)
# No core dump will be written. Minidumps are not enabled by default on client versions of Windows
#

---------------  S U M M A R Y ------------

Command Line: -javaagent:C:\Program Files\JetBrains\IntelliJ IDEA Community Edition 2024.1.1\lib\idea_rt.jar=63086:C:\Program Files\JetBrains\IntelliJ IDEA Community Edition 2024.1.1\bin -Dfile.encoding=UTF-8 -Dsun.stdout.encoding=UTF-8 -Dsun.stderr.encoding=UTF-8 Main

Host: AMD Ryzen 5 5625U with Radeon Graphics         , 12 cores, 7G,  Windows 11 , 64 bit Build 22621 (10.0.22621.3527)
Time: Mon May 27 18:38:47 2024 RTZ 7 (s 11 , 64 bit Build 22621 (10.0.22621.3527) elapsed time: 1.929074 seconds (0d 0h 0m 1s)

---------------  T H R E A D  ---------------

Current thread (0x000000001f830d10):  JavaThread "C2 CompilerThread0" daemon [_thread_in_native, id=4380, stack(0x0000000065400000,0x0000000065500000) (1024K)]


Current CompileTask:
C2:1929 1368   !   4       sun.font.FontDesignMetrics::getMetrics (265 bytes)

Stack: [0x0000000065400000,0x0000000065500000]
Native frames: (J=compiled Java code, j=interpreted, Vv=VM code, C=native code)
V  [jvm.dll+0x6e2279]  (no source info available)
V  [jvm.dll+0x874e33]  (no source info available)
V  [jvm.dll+0x87725e]  (no source info available)
V  [jvm.dll+0x877933]  (no source info available)
V  [jvm.dll+0x27fd76]  (no source info available)
V  [jvm.dll+0xc3d0f]  (no source info available)
V  [jvm.dll+0xc3f6b]  (no source info available)
V  [jvm.dll+0x2f3c2f]  (no source info available)
V  [jvm.dll+0x60bc9a]  (no source info available)
V  [jvm.dll+0x249a35]  (no source info available)
V  [jvm.dll+0x246ec6]  (no source info available)
V  [jvm.dll+0x1c4e90]  (no source info available)
V  [jvm.dll+0x2569fe]  (no source info available)
V  [jvm.dll+0x254cba]  (no source info available)
V  [jvm.dll+0x3f5336]  (no source info available)
V  [jvm.dll+0x81d44b]  (no source info available)
V  [jvm.dll+0x6e0915]  (no source info available)
C  [ucrtbase.dll+0x29333]  (no source info available)
C  [KERNEL32.DLL+0x1257d]  (no source info available)
C  [ntdll.dll+0x5aa48]  (no source info available)


---------------  P R O C E S S  ---------------

Threads class SMR info:
_java_thread_list=0x000000006fc5f080, length=17, elements={
0x000000001f816620, 0x000000001f8171e0, 0x000000001f819690, 0x000000001f81c5d0,
0x000000001f81d430, 0x000000001f820d20, 0x000000001f830d10, 0x000000001f8313d0,
0x000000006568eb40, 0x00000000657efea0, 0x000000006582a1c0, 0x0000000065930f10,
0x00000000659344c0, 0x0000000065937e80, 0x000000006fb8c130, 0x0000000000522f20,
0x00000000657c0280
}

Java Threads: ( => current thread )
  0x000000001f816620 JavaThread "Reference Handler"          daemon [_thread_blocked, id=12452, stack(0x000000001fd80000,0x000000001fe80000) (1024K)]
  0x000000001f8171e0 JavaThread "Finalizer"                  daemon [_thread_blocked, id=2256, stack(0x000000001fe80000,0x000000001ff80000) (1024K)]
  0x000000001f819690 JavaThread "Signal Dispatcher"          daemon [_thread_blocked, id=13452, stack(0x0000000065000000,0x0000000065100000) (1024K)]
  0x000000001f81c5d0 JavaThread "Attach Listener"            daemon [_thread_blocked, id=8548, stack(0x0000000065100000,0x0000000065200000) (1024K)]
  0x000000001f81d430 JavaThread "Service Thread"             daemon [_thread_blocked, id=3024, stack(0x0000000065200000,0x0000000065300000) (1024K)]
  0x000000001f820d20 JavaThread "Monitor Deflation Thread"   daemon [_thread_blocked, id=11772, stack(0x0000000065300000,0x0000000065400000) (1024K)]
=>0x000000001f830d10 JavaThread "C2 CompilerThread0"         daemon [_thread_in_native, id=4380, stack(0x0000000065400000,0x0000000065500000) (1024K)]
  0x000000001f8313d0 JavaThread "C1 CompilerThread0"         daemon [_thread_blocked, id=10308, stack(0x0000000065500000,0x0000000065600000) (1024K)]
  0x000000006568eb40 JavaThread "Common-Cleaner"             daemon [_thread_blocked, id=12004, stack(0x0000000065a00000,0x0000000065b00000) (1024K)]
  0x00000000657efea0 JavaThread "Monitor Ctrl-Break"         daemon [_thread_in_native, id=4156, stack(0x0000000065b00000,0x0000000065c00000) (1024K)]
  0x000000006582a1c0 JavaThread "Notification Thread"        daemon [_thread_blocked, id=13672, stack(0x0000000065c00000,0x0000000065d00000) (1024K)]
  0x0000000065930f10 JavaThread "Java2D Disposer"            daemon [_thread_blocked, id=8276, stack(0x000000006e180000,0x000000006e280000) (1024K)]
  0x00000000659344c0 JavaThread "AWT-Shutdown"                      [_thread_blocked, id=13812, stack(0x000000006e280000,0x000000006e380000) (1024K)]
  0x0000000065937e80 JavaThread "AWT-Windows"                daemon [_thread_in_native, id=12920, stack(0x000000006e380000,0x000000006e480000) (1024K)]
  0x000000006fb8c130 JavaThread "AWT-EventQueue-0"                  [_thread_blocked, id=13628, stack(0x00000000757a0000,0x00000000758a0000) (1024K)]
  0x0000000000522f20 JavaThread "DestroyJavaVM"                     [_thread_blocked, id=4208, stack(0x0000000000a30000,0x0000000000b30000) (1024K)]
  0x00000000657c0280 JavaThread "D3D Screen Updater"         daemon [_thread_blocked, id=2876, stack(0x0000000074fb0000,0x00000000750b0000) (1024K)]
Total: 17

Other Threads:
  0x000000001f7fa8a0 VMThread "VM Thread"                           [id=8196, stack(0x000000001fb70000,0x000000001fc70000) (1024K)]
  0x000000001f7e0d20 WatcherThread "VM Periodic Task Thread"        [id=1868, stack(0x000000001fa70000,0x000000001fb70000) (1024K)]
  0x0000000002b82680 WorkerThread "GC Thread#0"                     [id=2240, stack(0x000000001c8d0000,0x000000001c9d0000) (1024K)]
  0x00000000005edaa0 ConcurrentGCThread "G1 Main Marker"            [id=6612, stack(0x000000001c9d0000,0x000000001cad0000) (1024K)]
  0x0000000002b8e970 WorkerThread "G1 Conc#0"                       [id=7676, stack(0x000000001cad0000,0x000000001cbd0000) (1024K)]
  0x0000000002bee860 ConcurrentGCThread "G1 Refine#0"               [id=13028, stack(0x000000001f870000,0x000000001f970000) (1024K)]
  0x000000001f6b16b0 ConcurrentGCThread "G1 Service"                [id=7928, stack(0x000000001f970000,0x000000001fa70000) (1024K)]
Total: 7

Threads with active compile tasks:
C2 CompilerThread0  1980 1368   !   4       sun.font.FontDesignMetrics::getMetrics (265 bytes)
Total: 1

VM state: not at safepoint (normal execution)

VM Mutex/Monitor currently owned by a thread: None

Heap address: 0x0000000089c00000, size: 1892 MB, Compressed Oops mode: 32-bit

CDS archive(s) mapped at: [0x0000000020000000-0x0000000020c50000-0x0000000020c50000), size 12910592, SharedBaseAddress: 0x0000000020000000, ArchiveRelocationMode: 1.
Compressed class space mapped at: 0x0000000021000000-0x0000000061000000, reserved size: 1073741824
Narrow klass base: 0x0000000000000000, Narrow klass shift: 0, Narrow klass range: 0x61000000

GC Precious Log:
 CardTable entry size: 512
 Card Set container configuration: InlinePtr #cards 5 size 8 Array Of Cards #cards 12 size 40 Howl #buckets 4 coarsen threshold 1843 Howl Bitmap #cards 512 size 80 coarsen threshold 460 Card regions per heap region 1 cards per card region 2048
 CPUs: 12 total, 12 available
 Memory: 7561M
 Large Page Support: Disabled
 NUMA Support: Disabled
 Compressed Oops: Enabled (32-bit)
 Heap Region Size: 1M
 Heap Min Capacity: 8M
 Heap Initial Capacity: 120M
 Heap Max Capacity: 1892M
 Pre-touch: Disabled
 Parallel Workers: 10
 Concurrent Workers: 3
 Concurrent Refinement Workers: 10
 Periodic GC: Disabled

Heap:
 garbage-first heap   total reserved 1937408K, committed 122880K, used 14336K [0x0000000089c00000, 0x0000000100000000)
  region size 1024K, 12 young (12288K), 0 survivors (0K)
 Metaspace       used 9775K, committed 10112K, reserved 1114112K
  class space    used 1113K, committed 1280K, reserved 1048576K

Heap Regions: E=young(eden), S=young(survivor), O=old, HS=humongous(starts), HC=humongous(continues), CS=collection set, F=free, TAMS=top-at-mark-start, PB=parsable bottom
|   0|0x0000000089c00000, 0x0000000089d00000, 0x0000000089d00000|100%|HS|  |TAMS 0x0000000089c00000| PB 0x0000000089c00000| Complete |  0
|   1|0x0000000089d00000, 0x0000000089e00000, 0x0000000089e00000|100%|HC|  |TAMS 0x0000000089d00000| PB 0x0000000089d00000| Complete |  0
|   2|0x0000000089e00000, 0x0000000089f00000, 0x0000000089f00000|100%|HC|  |TAMS 0x0000000089e00000| PB 0x0000000089e00000| Complete |  0
|   3|0x0000000089f00000, 0x0000000089f00000, 0x000000008a000000|  0%| F|  |TAMS 0x0000000089f00000| PB 0x0000000089f00000| Untracked |  0
|   4|0x000000008a000000, 0x000000008a000000, 0x000000008a100000|  0%| F|  |TAMS 0x000000008a000000| PB 0x000000008a000000| Untracked |  0
|   5|0x000000008a100000, 0x000000008a100000, 0x000000008a200000|  0%| F|  |TAMS 0x000000008a100000| PB 0x000000008a100000| Untracked |  0
|   6|0x000000008a200000, 0x000000008a200000, 0x000000008a300000|  0%| F|  |TAMS 0x000000008a200000| PB 0x000000008a200000| Untracked |  0
|   7|0x000000008a300000, 0x000000008a300000, 0x000000008a400000|  0%| F|  |TAMS 0x000000008a300000| PB 0x000000008a300000| Untracked |  0
|   8|0x000000008a400000, 0x000000008a400000, 0x000000008a500000|  0%| F|  |TAMS 0x000000008a400000| PB 0x000000008a400000| Untracked |  0
|   9|0x000000008a500000, 0x000000008a500000, 0x000000008a600000|  0%| F|  |TAMS 0x000000008a500000| PB 0x000000008a500000| Untracked |  0
|  10|0x000000008a600000, 0x000000008a600000, 0x000000008a700000|  0%| F|  |TAMS 0x000000008a600000| PB 0x000000008a600000| Untracked |  0
|  11|0x000000008a700000, 0x000000008a700000, 0x000000008a800000|  0%| F|  |TAMS 0x000000008a700000| PB 0x000000008a700000| Untracked |  0
|  12|0x000000008a800000, 0x000000008a800000, 0x000000008a900000|  0%| F|  |TAMS 0x000000008a800000| PB 0x000000008a800000| Untracked |  0
|  13|0x000000008a900000, 0x000000008a900000, 0x000000008aa00000|  0%| F|  |TAMS 0x000000008a900000| PB 0x000000008a900000| Untracked |  0
|  14|0x000000008aa00000, 0x000000008aa00000, 0x000000008ab00000|  0%| F|  |TAMS 0x000000008aa00000| PB 0x000000008aa00000| Untracked |  0
|  15|0x000000008ab00000, 0x000000008ab00000, 0x000000008ac00000|  0%| F|  |TAMS 0x000000008ab00000| PB 0x000000008ab00000| Untracked |  0
|  16|0x000000008ac00000, 0x000000008ac00000, 0x000000008ad00000|  0%| F|  |TAMS 0x000000008ac00000| PB 0x000000008ac00000| Untracked |  0
|  17|0x000000008ad00000, 0x000000008ad00000, 0x000000008ae00000|  0%| F|  |TAMS 0x000000008ad00000| PB 0x000000008ad00000| Untracked |  0
|  18|0x000000008ae00000, 0x000000008ae00000, 0x000000008af00000|  0%| F|  |TAMS 0x000000008ae00000| PB 0x000000008ae00000| Untracked |  0
|  19|0x000000008af00000, 0x000000008af00000, 0x000000008b000000|  0%| F|  |TAMS 0x000000008af00000| PB 0x000000008af00000| Untracked |  0
|  20|0x000000008b000000, 0x000000008b000000, 0x000000008b100000|  0%| F|  |TAMS 0x000000008b000000| PB 0x000000008b000000| Untracked |  0
|  21|0x000000008b100000, 0x000000008b100000, 0x000000008b200000|  0%| F|  |TAMS 0x000000008b100000| PB 0x000000008b100000| Untracked |  0
|  22|0x000000008b200000, 0x000000008b200000, 0x000000008b300000|  0%| F|  |TAMS 0x000000008b200000| PB 0x000000008b200000| Untracked |  0
|  23|0x000000008b300000, 0x000000008b300000, 0x000000008b400000|  0%| F|  |TAMS 0x000000008b300000| PB 0x000000008b300000| Untracked |  0
|  24|0x000000008b400000, 0x000000008b400000, 0x000000008b500000|  0%| F|  |TAMS 0x000000008b400000| PB 0x000000008b400000| Untracked |  0
|  25|0x000000008b500000, 0x000000008b500000, 0x000000008b600000|  0%| F|  |TAMS 0x000000008b500000| PB 0x000000008b500000| Untracked |  0
|  26|0x000000008b600000, 0x000000008b600000, 0x000000008b700000|  0%| F|  |TAMS 0x000000008b600000| PB 0x000000008b600000| Untracked |  0
|  27|0x000000008b700000, 0x000000008b700000, 0x000000008b800000|  0%| F|  |TAMS 0x000000008b700000| PB 0x000000008b700000| Untracked |  0
|  28|0x000000008b800000, 0x000000008b800000, 0x000000008b900000|  0%| F|  |TAMS 0x000000008b800000| PB 0x000000008b800000| Untracked |  0
|  29|0x000000008b900000, 0x000000008b900000, 0x000000008ba00000|  0%| F|  |TAMS 0x000000008b900000| PB 0x000000008b900000| Untracked |  0
|  30|0x000000008ba00000, 0x000000008ba00000, 0x000000008bb00000|  0%| F|  |TAMS 0x000000008ba00000| PB 0x000000008ba00000| Untracked |  0
|  31|0x000000008bb00000, 0x000000008bb00000, 0x000000008bc00000|  0%| F|  |TAMS 0x000000008bb00000| PB 0x000000008bb00000| Untracked |  0
|  32|0x000000008bc00000, 0x000000008bc00000, 0x000000008bd00000|  0%| F|  |TAMS 0x000000008bc00000| PB 0x000000008bc00000| Untracked |  0
|  33|0x000000008bd00000, 0x000000008bd00000, 0x000000008be00000|  0%| F|  |TAMS 0x000000008bd00000| PB 0x000000008bd00000| Untracked |  0
|  34|0x000000008be00000, 0x000000008be00000, 0x000000008bf00000|  0%| F|  |TAMS 0x000000008be00000| PB 0x000000008be00000| Untracked |  0
|  35|0x000000008bf00000, 0x000000008bf00000, 0x000000008c000000|  0%| F|  |TAMS 0x000000008bf00000| PB 0x000000008bf00000| Untracked |  0
|  36|0x000000008c000000, 0x000000008c000000, 0x000000008c100000|  0%| F|  |TAMS 0x000000008c000000| PB 0x000000008c000000| Untracked |  0
|  37|0x000000008c100000, 0x000000008c100000, 0x000000008c200000|  0%| F|  |TAMS 0x000000008c100000| PB 0x000000008c100000| Untracked |  0
|  38|0x000000008c200000, 0x000000008c200000, 0x000000008c300000|  0%| F|  |TAMS 0x000000008c200000| PB 0x000000008c200000| Untracked |  0
|  39|0x000000008c300000, 0x000000008c300000, 0x000000008c400000|  0%| F|  |TAMS 0x000000008c300000| PB 0x000000008c300000| Untracked |  0
|  40|0x000000008c400000, 0x000000008c400000, 0x000000008c500000|  0%| F|  |TAMS 0x000000008c400000| PB 0x000000008c400000| Untracked |  0
|  41|0x000000008c500000, 0x000000008c500000, 0x000000008c600000|  0%| F|  |TAMS 0x000000008c500000| PB 0x000000008c500000| Untracked |  0
|  42|0x000000008c600000, 0x000000008c600000, 0x000000008c700000|  0%| F|  |TAMS 0x000000008c600000| PB 0x000000008c600000| Untracked |  0
|  43|0x000000008c700000, 0x000000008c700000, 0x000000008c800000|  0%| F|  |TAMS 0x000000008c700000| PB 0x000000008c700000| Untracked |  0
|  44|0x000000008c800000, 0x000000008c800000, 0x000000008c900000|  0%| F|  |TAMS 0x000000008c800000| PB 0x000000008c800000| Untracked |  0
|  45|0x000000008c900000, 0x000000008c900000, 0x000000008ca00000|  0%| F|  |TAMS 0x000000008c900000| PB 0x000000008c900000| Untracked |  0
|  46|0x000000008ca00000, 0x000000008ca00000, 0x000000008cb00000|  0%| F|  |TAMS 0x000000008ca00000| PB 0x000000008ca00000| Untracked |  0
|  47|0x000000008cb00000, 0x000000008cb00000, 0x000000008cc00000|  0%| F|  |TAMS 0x000000008cb00000| PB 0x000000008cb00000| Untracked |  0
|  48|0x000000008cc00000, 0x000000008cc00000, 0x000000008cd00000|  0%| F|  |TAMS 0x000000008cc00000| PB 0x000000008cc00000| Untracked |  0
|  49|0x000000008cd00000, 0x000000008cd00000, 0x000000008ce00000|  0%| F|  |TAMS 0x000000008cd00000| PB 0x000000008cd00000| Untracked |  0
|  50|0x000000008ce00000, 0x000000008ce00000, 0x000000008cf00000|  0%| F|  |TAMS 0x000000008ce00000| PB 0x000000008ce00000| Untracked |  0
|  51|0x000000008cf00000, 0x000000008cf00000, 0x000000008d000000|  0%| F|  |TAMS 0x000000008cf00000| PB 0x000000008cf00000| Untracked |  0
|  52|0x000000008d000000, 0x000000008d000000, 0x000000008d100000|  0%| F|  |TAMS 0x000000008d000000| PB 0x000000008d000000| Untracked |  0
|  53|0x000000008d100000, 0x000000008d100000, 0x000000008d200000|  0%| F|  |TAMS 0x000000008d100000| PB 0x000000008d100000| Untracked |  0
|  54|0x000000008d200000, 0x000000008d200000, 0x000000008d300000|  0%| F|  |TAMS 0x000000008d200000| PB 0x000000008d200000| Untracked |  0
|  55|0x000000008d300000, 0x000000008d300000, 0x000000008d400000|  0%| F|  |TAMS 0x000000008d300000| PB 0x000000008d300000| Untracked |  0
|  56|0x000000008d400000, 0x000000008d400000, 0x000000008d500000|  0%| F|  |TAMS 0x000000008d400000| PB 0x000000008d400000| Untracked |  0
|  57|0x000000008d500000, 0x000000008d500000, 0x000000008d600000|  0%| F|  |TAMS 0x000000008d500000| PB 0x000000008d500000| Untracked |  0
|  58|0x000000008d600000, 0x000000008d600000, 0x000000008d700000|  0%| F|  |TAMS 0x000000008d600000| PB 0x000000008d600000| Untracked |  0
|  59|0x000000008d700000, 0x000000008d700000, 0x000000008d800000|  0%| F|  |TAMS 0x000000008d700000| PB 0x000000008d700000| Untracked |  0
|  60|0x000000008d800000, 0x000000008d800000, 0x000000008d900000|  0%| F|  |TAMS 0x000000008d800000| PB 0x000000008d800000| Untracked |  0
|  61|0x000000008d900000, 0x000000008d900000, 0x000000008da00000|  0%| F|  |TAMS 0x000000008d900000| PB 0x000000008d900000| Untracked |  0
|  62|0x000000008da00000, 0x000000008da00000, 0x000000008db00000|  0%| F|  |TAMS 0x000000008da00000| PB 0x000000008da00000| Untracked |  0
|  63|0x000000008db00000, 0x000000008db00000, 0x000000008dc00000|  0%| F|  |TAMS 0x000000008db00000| PB 0x000000008db00000| Untracked |  0
|  64|0x000000008dc00000, 0x000000008dc00000, 0x000000008dd00000|  0%| F|  |TAMS 0x000000008dc00000| PB 0x000000008dc00000| Untracked |  0
|  65|0x000000008dd00000, 0x000000008dd00000, 0x000000008de00000|  0%| F|  |TAMS 0x000000008dd00000| PB 0x000000008dd00000| Untracked |  0
|  66|0x000000008de00000, 0x000000008de00000, 0x000000008df00000|  0%| F|  |TAMS 0x000000008de00000| PB 0x000000008de00000| Untracked |  0
|  67|0x000000008df00000, 0x000000008df00000, 0x000000008e000000|  0%| F|  |TAMS 0x000000008df00000| PB 0x000000008df00000| Untracked |  0
|  68|0x000000008e000000, 0x000000008e000000, 0x000000008e100000|  0%| F|  |TAMS 0x000000008e000000| PB 0x000000008e000000| Untracked |  0
|  69|0x000000008e100000, 0x000000008e100000, 0x000000008e200000|  0%| F|  |TAMS 0x000000008e100000| PB 0x000000008e100000| Untracked |  0
|  70|0x000000008e200000, 0x000000008e200000, 0x000000008e300000|  0%| F|  |TAMS 0x000000008e200000| PB 0x000000008e200000| Untracked |  0
|  71|0x000000008e300000, 0x000000008e300000, 0x000000008e400000|  0%| F|  |TAMS 0x000000008e300000| PB 0x000000008e300000| Untracked |  0
|  72|0x000000008e400000, 0x000000008e400000, 0x000000008e500000|  0%| F|  |TAMS 0x000000008e400000| PB 0x000000008e400000| Untracked |  0
|  73|0x000000008e500000, 0x000000008e500000, 0x000000008e600000|  0%| F|  |TAMS 0x000000008e500000| PB 0x000000008e500000| Untracked |  0
|  74|0x000000008e600000, 0x000000008e600000, 0x000000008e700000|  0%| F|  |TAMS 0x000000008e600000| PB 0x000000008e600000| Untracked |  0
|  75|0x000000008e700000, 0x000000008e700000, 0x000000008e800000|  0%| F|  |TAMS 0x000000008e700000| PB 0x000000008e700000| Untracked |  0
|  76|0x000000008e800000, 0x000000008e800000, 0x000000008e900000|  0%| F|  |TAMS 0x000000008e800000| PB 0x000000008e800000| Untracked |  0
|  77|0x000000008e900000, 0x000000008e900000, 0x000000008ea00000|  0%| F|  |TAMS 0x000000008e900000| PB 0x000000008e900000| Untracked |  0
|  78|0x000000008ea00000, 0x000000008ea00000, 0x000000008eb00000|  0%| F|  |TAMS 0x000000008ea00000| PB 0x000000008ea00000| Untracked |  0
|  79|0x000000008eb00000, 0x000000008eb00000, 0x000000008ec00000|  0%| F|  |TAMS 0x000000008eb00000| PB 0x000000008eb00000| Untracked |  0
|  80|0x000000008ec00000, 0x000000008ec00000, 0x000000008ed00000|  0%| F|  |TAMS 0x000000008ec00000| PB 0x000000008ec00000| Untracked |  0
|  81|0x000000008ed00000, 0x000000008ed00000, 0x000000008ee00000|  0%| F|  |TAMS 0x000000008ed00000| PB 0x000000008ed00000| Untracked |  0
|  82|0x000000008ee00000, 0x000000008ee00000, 0x000000008ef00000|  0%| F|  |TAMS 0x000000008ee00000| PB 0x000000008ee00000| Untracked |  0
|  83|0x000000008ef00000, 0x000000008ef00000, 0x000000008f000000|  0%| F|  |TAMS 0x000000008ef00000| PB 0x000000008ef00000| Untracked |  0
|  84|0x000000008f000000, 0x000000008f000000, 0x000000008f100000|  0%| F|  |TAMS 0x000000008f000000| PB 0x000000008f000000| Untracked |  0
|  85|0x000000008f100000, 0x000000008f100000, 0x000000008f200000|  0%| F|  |TAMS 0x000000008f100000| PB 0x000000008f100000| Untracked |  0
|  86|0x000000008f200000, 0x000000008f200000, 0x000000008f300000|  0%| F|  |TAMS 0x000000008f200000| PB 0x000000008f200000| Untracked |  0
|  87|0x000000008f300000, 0x000000008f300000, 0x000000008f400000|  0%| F|  |TAMS 0x000000008f300000| PB 0x000000008f300000| Untracked |  0
|  88|0x000000008f400000, 0x000000008f400000, 0x000000008f500000|  0%| F|  |TAMS 0x000000008f400000| PB 0x000000008f400000| Untracked |  0
|  89|0x000000008f500000, 0x000000008f500000, 0x000000008f600000|  0%| F|  |TAMS 0x000000008f500000| PB 0x000000008f500000| Untracked |  0
|  90|0x000000008f600000, 0x000000008f600000, 0x000000008f700000|  0%| F|  |TAMS 0x000000008f600000| PB 0x000000008f600000| Untracked |  0
|  91|0x000000008f700000, 0x000000008f700000, 0x000000008f800000|  0%| F|  |TAMS 0x000000008f700000| PB 0x000000008f700000| Untracked |  0
|  92|0x000000008f800000, 0x000000008f800000, 0x000000008f900000|  0%| F|  |TAMS 0x000000008f800000| PB 0x000000008f800000| Untracked |  0
|  93|0x000000008f900000, 0x000000008f900000, 0x000000008fa00000|  0%| F|  |TAMS 0x000000008f900000| PB 0x000000008f900000| Untracked |  0
|  94|0x000000008fa00000, 0x000000008fa00000, 0x000000008fb00000|  0%| F|  |TAMS 0x000000008fa00000| PB 0x000000008fa00000| Untracked |  0
|  95|0x000000008fb00000, 0x000000008fb00000, 0x000000008fc00000|  0%| F|  |TAMS 0x000000008fb00000| PB 0x000000008fb00000| Untracked |  0
|  96|0x000000008fc00000, 0x000000008fc00000, 0x000000008fd00000|  0%| F|  |TAMS 0x000000008fc00000| PB 0x000000008fc00000| Untracked |  0
|  97|0x000000008fd00000, 0x000000008fd00000, 0x000000008fe00000|  0%| F|  |TAMS 0x000000008fd00000| PB 0x000000008fd00000| Untracked |  0
|  98|0x000000008fe00000, 0x000000008fe00000, 0x000000008ff00000|  0%| F|  |TAMS 0x000000008fe00000| PB 0x000000008fe00000| Untracked |  0
|  99|0x000000008ff00000, 0x000000008ff00000, 0x0000000090000000|  0%| F|  |TAMS 0x000000008ff00000| PB 0x000000008ff00000| Untracked |  0
| 100|0x0000000090000000, 0x0000000090000000, 0x0000000090100000|  0%| F|  |TAMS 0x0000000090000000| PB 0x0000000090000000| Untracked |  0
| 101|0x0000000090100000, 0x0000000090100000, 0x0000000090200000|  0%| F|  |TAMS 0x0000000090100000| PB 0x0000000090100000| Untracked |  0
| 102|0x0000000090200000, 0x0000000090200000, 0x0000000090300000|  0%| F|  |TAMS 0x0000000090200000| PB 0x0000000090200000| Untracked |  0
| 103|0x0000000090300000, 0x0000000090300000, 0x0000000090400000|  0%| F|  |TAMS 0x0000000090300000| PB 0x0000000090300000| Untracked |  0
| 104|0x0000000090400000, 0x0000000090400000, 0x0000000090500000|  0%| F|  |TAMS 0x0000000090400000| PB 0x0000000090400000| Untracked |  0
| 105|0x0000000090500000, 0x0000000090500000, 0x0000000090600000|  0%| F|  |TAMS 0x0000000090500000| PB 0x0000000090500000| Untracked |  0
| 106|0x0000000090600000, 0x0000000090600000, 0x0000000090700000|  0%| F|  |TAMS 0x0000000090600000| PB 0x0000000090600000| Untracked |  0
| 107|0x0000000090700000, 0x0000000090700000, 0x0000000090800000|  0%| F|  |TAMS 0x0000000090700000| PB 0x0000000090700000| Untracked |  0
| 108|0x0000000090800000, 0x00000000908f5c78, 0x0000000090900000| 96%| E|  |TAMS 0x0000000090800000| PB 0x0000000090800000| Complete |  0
| 109|0x0000000090900000, 0x0000000090a00000, 0x0000000090a00000|100%| E|CS|TAMS 0x0000000090900000| PB 0x0000000090900000| Complete |  0
| 110|0x0000000090a00000, 0x0000000090b00000, 0x0000000090b00000|100%| E|CS|TAMS 0x0000000090a00000| PB 0x0000000090a00000| Complete |  0
| 111|0x0000000090b00000, 0x0000000090c00000, 0x0000000090c00000|100%| E|CS|TAMS 0x0000000090b00000| PB 0x0000000090b00000| Complete |  0
| 112|0x0000000090c00000, 0x0000000090d00000, 0x0000000090d00000|100%| E|CS|TAMS 0x0000000090c00000| PB 0x0000000090c00000| Complete |  0
| 113|0x0000000090d00000, 0x0000000090e00000, 0x0000000090e00000|100%| E|CS|TAMS 0x0000000090d00000| PB 0x0000000090d00000| Complete |  0
| 114|0x0000000090e00000, 0x0000000090f00000, 0x0000000090f00000|100%| E|CS|TAMS 0x0000000090e00000| PB 0x0000000090e00000| Complete |  0
| 115|0x0000000090f00000, 0x0000000091000000, 0x0000000091000000|100%| E|CS|TAMS 0x0000000090f00000| PB 0x0000000090f00000| Complete |  0
| 116|0x0000000091000000, 0x0000000091100000, 0x0000000091100000|100%| E|CS|TAMS 0x0000000091000000| PB 0x0000000091000000| Complete |  0
| 117|0x0000000091100000, 0x0000000091200000, 0x0000000091200000|100%| E|CS|TAMS 0x0000000091100000| PB 0x0000000091100000| Complete |  0
| 118|0x0000000091200000, 0x0000000091300000, 0x0000000091300000|100%| E|CS|TAMS 0x0000000091200000| PB 0x0000000091200000| Complete |  0
| 119|0x0000000091300000, 0x0000000091400000, 0x0000000091400000|100%| E|CS|TAMS 0x0000000091300000| PB 0x0000000091300000| Complete |  0

Card table byte_map: [0x000000001a780000,0x000000001ab40000] _byte_map_base: 0x000000001a332000

Marking Bits: (CMBitMap*) 0x0000000002b82d90
 Bits: [0x000000001ab40000, 0x000000001c8d0000)

Polling page: 0x00000000004b0000

Metaspace:

Usage:
  Non-class:      8.46 MB used.
      Class:      1.09 MB used.
       Both:      9.55 MB used.

Virtual space:
  Non-class space:       64.00 MB reserved,       8.62 MB ( 13%) committed,  1 nodes.
      Class space:        1.00 GB reserved,       1.25 MB ( <1%) committed,  1 nodes.
             Both:        1.06 GB reserved,       9.88 MB ( <1%) committed. 

Chunk freelists:
   Non-Class:  7.00 MB
       Class:  14.74 MB
        Both:  21.74 MB

MaxMetaspaceSize: unlimited
CompressedClassSpaceSize: 1.00 GB
Initial GC threshold: 21.00 MB
Current GC threshold: 21.00 MB
CDS: on
 - commit_granule_bytes: 65536.
 - commit_granule_words: 8192.
 - virtual_space_node_default_size: 8388608.
 - enlarge_chunks_in_place: 1.
 - use_allocation_guard: 0.


Internal statistics:

num_allocs_failed_limit: 0.
num_arena_births: 238.
num_arena_deaths: 0.
num_vsnodes_births: 2.
num_vsnodes_deaths: 0.
num_space_committed: 158.
num_space_uncommitted: 0.
num_chunks_returned_to_freelist: 0.
num_chunks_taken_from_freelist: 311.
num_chunk_merges: 0.
num_chunk_splits: 184.
num_chunks_enlarged: 76.
num_inconsistent_stats: 0.

CodeHeap 'non-profiled nmethods': size=120000Kb used=449Kb max_used=449Kb free=119550Kb
 bounds [0x0000000012940000, 0x0000000012bb0000, 0x0000000019e70000]
CodeHeap 'profiled nmethods': size=120000Kb used=1987Kb max_used=1987Kb free=118012Kb
 bounds [0x000000000ae70000, 0x000000000b0e0000, 0x00000000123a0000]
CodeHeap 'non-nmethods': size=5760Kb used=1623Kb max_used=1639Kb free=4137Kb
 bounds [0x00000000123a0000, 0x0000000012610000, 0x0000000012940000]
 total_blobs=2100 nmethods=1420 adapters=585
 compilation: enabled
              stopped_count=0, restarted_count=0
 full_count=0

Compilation events (20 events):
Event: 1.924 Thread 0x000000001f8313d0 1405       3       java.awt.geom.Rectangle2D$Float::getY (6 bytes)
Event: 1.924 Thread 0x000000001f8313d0 nmethod 1405 0x000000000b059d10 code [0x000000000b059ea0, 0x000000000b059fb8]
Event: 1.924 Thread 0x000000001f8313d0 1406  s    3       sun.java2d.loops.GraphicsPrimitiveMgr::locatePrim (95 bytes)
Event: 1.925 Thread 0x000000001f8313d0 nmethod 1406 0x000000000b05a090 code [0x000000000b05a2a0, 0x000000000b05aaf8]
Event: 1.925 Thread 0x000000001f8313d0 1407       3       java.awt.image.PackedColorModel::countBits (44 bytes)
Event: 1.925 Thread 0x000000001f8313d0 nmethod 1407 0x000000000b05ae90 code [0x000000000b05b040, 0x000000000b05b300]
Event: 1.925 Thread 0x000000001f8313d0 1408       1       java.awt.AlphaComposite::getRule (5 bytes)
Event: 1.925 Thread 0x000000001f8313d0 nmethod 1408 0x00000000129aea10 code [0x00000000129aeba0, 0x00000000129aec68]
Event: 1.926 Thread 0x000000001f8313d0 1409       1       java.awt.AlphaComposite::getAlpha (5 bytes)
Event: 1.926 Thread 0x000000001f8313d0 nmethod 1409 0x00000000129aed10 code [0x00000000129aeea0, 0x00000000129aef68]
Event: 1.926 Thread 0x000000001f8313d0 1410       1       sun.awt.image.SunVolatileImage::getWidth (5 bytes)
Event: 1.926 Thread 0x000000001f8313d0 nmethod 1410 0x00000000129af010 code [0x00000000129af1a0, 0x00000000129af268]
Event: 1.926 Thread 0x000000001f8313d0 1411       1       sun.java2d.pipe.Region::getLoX (5 bytes)
Event: 1.926 Thread 0x000000001f8313d0 nmethod 1411 0x00000000129af310 code [0x00000000129af4a0, 0x00000000129af568]
Event: 1.926 Thread 0x000000001f8313d0 1412       3       sun.swing.SwingUtilities2::getFRCProperty (38 bytes)
Event: 1.926 Thread 0x000000001f8313d0 nmethod 1412 0x000000000b05b410 code [0x000000000b05b600, 0x000000000b05b9d8]
Event: 1.926 Thread 0x000000001f8313d0 1413       1       sun.awt.image.SunVolatileImage::getHeight (5 bytes)
Event: 1.927 Thread 0x000000001f8313d0 nmethod 1413 0x00000000129af610 code [0x00000000129af7a0, 0x00000000129af868]
Event: 1.927 Thread 0x000000001f8313d0 1414       1       sun.java2d.pipe.Region::getLoY (5 bytes)
Event: 1.927 Thread 0x000000001f8313d0 nmethod 1414 0x00000000129af910 code [0x00000000129afaa0, 0x00000000129afb68]

GC Heap History (0 events):
No events

Dll operation events (13 events):
Event: 0.010 Loaded shared library C:\Users\Любовь\.jdks\openjdk-22.0.1\bin\java.dll
Event: 0.031 Loaded shared library C:\Users\Любовь\.jdks\openjdk-22.0.1\bin\jsvml.dll
Event: 0.058 Loaded shared library C:\Users\Любовь\.jdks\openjdk-22.0.1\bin\zip.dll
Event: 0.062 Loaded shared library C:\Users\Любовь\.jdks\openjdk-22.0.1\bin\instrument.dll
Event: 0.066 Loaded shared library C:\Users\Любовь\.jdks\openjdk-22.0.1\bin\net.dll
Event: 0.067 Loaded shared library C:\Users\Любовь\.jdks\openjdk-22.0.1\bin\nio.dll
Event: 0.071 Loaded shared library C:\Users\Любовь\.jdks\openjdk-22.0.1\bin\zip.dll
Event: 0.316 Loaded shared library C:\Program Files\JetBrains\IntelliJ IDEA Community Edition 2024.1.1\bin\breakgen64.dll
Event: 0.327 Loaded shared library C:\Users\Любовь\.jdks\openjdk-22.0.1\bin\extnet.dll
Event: 0.351 Loaded shared library C:\Users\Любовь\.jdks\openjdk-22.0.1\bin\jimage.dll
Event: 0.389 Loaded shared library C:\Users\Любовь\.jdks\openjdk-22.0.1\bin\awt.dll
Event: 0.676 Loaded shared library C:\Users\Любовь\.jdks\openjdk-22.0.1\bin\freetype.dll
Event: 0.679 Loaded shared library C:\Users\Любовь\.jdks\openjdk-22.0.1\bin\fontmanager.dll

Deoptimization events (20 events):
Event: 1.849 Thread 0x000000006fb8c130 Uncommon trap: trap_request=0xffffff45 fr.pc=0x000000001299dd94 relative=0x00000000000000f4
Event: 1.849 Thread 0x000000006fb8c130 Uncommon trap: reason=unstable_if action=reinterpret pc=0x000000001299dd94 method=java.awt.font.FontRenderContext.equals(Ljava/awt/font/FontRenderContext;)Z @ 46 c2
Event: 1.849 Thread 0x000000006fb8c130 DEOPT PACKING pc=0x000000001299dd94 sp=0x000000007589d2a0
Event: 1.849 Thread 0x000000006fb8c130 DEOPT UNPACKING pc=0x00000000123f46a2 sp=0x000000007589d228 mode 2
Event: 1.885 Thread 0x000000006fb8c130 Uncommon trap: trap_request=0xffffffde fr.pc=0x00000000129a2cbc relative=0x00000000000005bc
Event: 1.885 Thread 0x000000006fb8c130 Uncommon trap: reason=class_check action=maybe_recompile pc=0x00000000129a2cbc method=sun.font.FontDesignMetrics.handleCharWidth(I)F @ 5 c2
Event: 1.885 Thread 0x000000006fb8c130 DEOPT PACKING pc=0x00000000129a2cbc sp=0x000000007589d740
Event: 1.885 Thread 0x000000006fb8c130 DEOPT UNPACKING pc=0x00000000123f46a2 sp=0x000000007589d738 mode 2
Event: 1.885 Thread 0x000000006fb8c130 Uncommon trap: trap_request=0xffffffde fr.pc=0x00000000129a2cbc relative=0x00000000000005bc
Event: 1.885 Thread 0x000000006fb8c130 Uncommon trap: reason=class_check action=maybe_recompile pc=0x00000000129a2cbc method=sun.font.FontDesignMetrics.handleCharWidth(I)F @ 5 c2
Event: 1.885 Thread 0x000000006fb8c130 DEOPT PACKING pc=0x00000000129a2cbc sp=0x000000007589d740
Event: 1.885 Thread 0x000000006fb8c130 DEOPT UNPACKING pc=0x00000000123f46a2 sp=0x000000007589d738 mode 2
Event: 1.885 Thread 0x000000006fb8c130 Uncommon trap: trap_request=0xffffffde fr.pc=0x00000000129a2cbc relative=0x00000000000005bc
Event: 1.885 Thread 0x000000006fb8c130 Uncommon trap: reason=class_check action=maybe_recompile pc=0x00000000129a2cbc method=sun.font.FontDesignMetrics.handleCharWidth(I)F @ 5 c2
Event: 1.885 Thread 0x000000006fb8c130 DEOPT PACKING pc=0x00000000129a2cbc sp=0x000000007589d740
Event: 1.885 Thread 0x000000006fb8c130 DEOPT UNPACKING pc=0x00000000123f46a2 sp=0x000000007589d738 mode 2
Event: 1.885 Thread 0x000000006fb8c130 Uncommon trap: trap_request=0xffffffde fr.pc=0x00000000129a2cbc relative=0x00000000000005bc
Event: 1.885 Thread 0x000000006fb8c130 Uncommon trap: reason=class_check action=maybe_recompile pc=0x00000000129a2cbc method=sun.font.FontDesignMetrics.handleCharWidth(I)F @ 5 c2
Event: 1.885 Thread 0x000000006fb8c130 DEOPT PACKING pc=0x00000000129a2cbc sp=0x000000007589d740
Event: 1.885 Thread 0x000000006fb8c130 DEOPT UNPACKING pc=0x00000000123f46a2 sp=0x000000007589d738 mode 2

Classes loaded (20 events):
Event: 1.888 Loading class sun/java2d/d3d/D3DPaints$Texture
Event: 1.888 Loading class sun/java2d/d3d/D3DPaints$Texture done
Event: 1.888 Loading class sun/awt/image/MultiResolutionToolkitImage
Event: 1.888 Loading class sun/awt/image/MultiResolutionToolkitImage done
Event: 1.889 Loading class sun/awt/image/BufImgSurfaceManager
Event: 1.889 Loading class sun/awt/image/BufImgSurfaceManager done
Event: 1.889 Loading class sun/java2d/loops/MaskBlit$General
Event: 1.889 Loading class sun/java2d/loops/GraphicsPrimitive$GeneralBinaryOp
Event: 1.889 Loading class sun/java2d/loops/GraphicsPrimitive$GeneralBinaryOp done
Event: 1.889 Loading class sun/java2d/loops/MaskBlit$General done
Event: 1.911 Loading class javax/swing/CellRendererPane
Event: 1.911 Loading class javax/swing/CellRendererPane done
Event: 1.914 Loading class javax/swing/JToggleButton$1
Event: 1.914 Loading class javax/swing/JToggleButton$1 done
Event: 1.915 Loading class java/awt/LightweightDispatcher$2
Event: 1.915 Loading class java/awt/LightweightDispatcher$2 done
Event: 1.915 Loading class java/awt/event/MouseWheelEvent
Event: 1.915 Loading class java/awt/event/MouseWheelEvent done
Event: 1.916 Loading class javax/swing/RepaintManager$3
Event: 1.916 Loading class javax/swing/RepaintManager$3 done

Classes unloaded (0 events):
No events

Classes redefined (0 events):
No events

Internal exceptions (20 events):
Event: 0.329 Thread 0x00000000657efea0 Exception <a 'java/lang/NoSuchMethodError'{0x00000000911ff160}: 'void java.lang.invoke.DirectMethodHandle$Holder.invokeStatic(java.lang.Object, java.lang.Object)'> (0x00000000911ff160) 
thrown [s\open\src\hotspot\share\interpreter\linkResolver.cpp, line 774]
Event: 0.353 Thread 0x0000000000522f20 Exception <a 'java/lang/NoSuchMethodError'{0x000000009119b300}: 'void java.lang.invoke.DirectMethodHandle$Holder.invokeVirtual(java.lang.Object, java.lang.Object)'> (0x000000009119b300) 
thrown [s\open\src\hotspot\share\interpreter\linkResolver.cpp, line 774]
Event: 0.353 Thread 0x0000000000522f20 Exception <a 'java/lang/NoSuchMethodError'{0x000000009119eab0}: 'void java.lang.invoke.DirectMethodHandle$Holder.invokeSpecial(java.lang.Object, java.lang.Object, java.lang.Object)'> (0x000000009119eab0) 
thrown [s\open\src\hotspot\share\interpreter\linkResolver.cpp, line 774]
Event: 0.356 Thread 0x0000000000522f20 Exception <a 'java/lang/NoSuchMethodError'{0x00000000911b1da8}: 'int java.lang.invoke.DirectMethodHandle$Holder.invokeSpecial(java.lang.Object, java.lang.Object, java.lang.Object, int)'> (0x00000000911b1da8) 
thrown [s\open\src\hotspot\share\interpreter\linkResolver.cpp, line 774]
Event: 0.358 Thread 0x0000000000522f20 Exception <a 'java/lang/NoSuchMethodError'{0x00000000911c4a60}: 'java.lang.Object java.lang.invoke.DirectMethodHandle$Holder.invokeStatic(java.lang.Object, java.lang.Object, java.lang.Object, java.lang.Object, int)'> (0x00000000911c4a60) 
thrown [s\open\src\hotspot\share\interpreter\linkResolver.cpp, line 774]
Event: 0.359 Thread 0x0000000000522f20 Exception <a 'java/lang/NoSuchMethodError'{0x00000000911ccbb0}: 'long java.lang.invoke.DirectMethodHandle$Holder.invokeStatic(java.lang.Object, java.lang.Object, int)'> (0x00000000911ccbb0) 
thrown [s\open\src\hotspot\share\interpreter\linkResolver.cpp, line 774]
Event: 0.359 Thread 0x0000000000522f20 Exception <a 'java/lang/NoSuchMethodError'{0x00000000911d8370}: 'java.lang.Object java.lang.invoke.DelegatingMethodHandle$Holder.reinvoke_L(java.lang.Object, int, long, java.lang.Object, java.lang.Object, int, java.lang.Object)'> (0x00000000911d8370) 
thrown [s\open\src\hotspot\share\interpreter\linkResolver.cpp, line 774]
Event: 0.360 Thread 0x0000000000522f20 Exception <a 'java/lang/NoSuchMethodError'{0x00000000911dfb40}: 'int java.lang.invoke.DirectMethodHandle$Holder.invokeSpecial(java.lang.Object, java.lang.Object, java.lang.Object)'> (0x00000000911dfb40) 
thrown [s\open\src\hotspot\share\interpreter\linkResolver.cpp, line 774]
Event: 0.364 Thread 0x0000000000522f20 Exception <a 'java/lang/NoSuchMethodError'{0x0000000091089690}: 'java.lang.Object java.lang.invoke.DirectMethodHandle$Holder.invokeStatic(java.lang.Object, java.lang.Object, int)'> (0x0000000091089690) 
thrown [s\open\src\hotspot\share\interpreter\linkResolver.cpp, line 774]
Event: 0.365 Thread 0x0000000000522f20 Exception <a 'java/lang/NoSuchMethodError'{0x00000000910951a0}: 'void java.lang.invoke.DelegatingMethodHandle$Holder.delegate(java.lang.Object, java.lang.Object, int, java.lang.Object)'> (0x00000000910951a0) 
thrown [s\open\src\hotspot\share\interpreter\linkResolver.cpp, line 774]
Event: 0.373 Thread 0x0000000000522f20 Exception <a 'java/lang/ClassNotFoundException'{0x00000000910a5f30}: sun/awt/resources/spi/awtProvider> (0x00000000910a5f30) 
thrown [s\open\src\hotspot\share\classfile\systemDictionary.cpp, line 313]
Event: 0.394 Thread 0x0000000000522f20 Exception <a 'java/io/FileNotFoundException'{0x00000000910f4278}> (0x00000000910f4278) 
thrown [s\open\src\hotspot\share\prims\jni.cpp, line 520]
Event: 0.398 Thread 0x0000000000522f20 Exception <a 'java/io/FileNotFoundException'{0x0000000090f22750}> (0x0000000090f22750) 
thrown [s\open\src\hotspot\share\prims\jni.cpp, line 520]
Event: 0.578 Thread 0x0000000000522f20 Exception <a 'java/lang/NoSuchMethodError'{0x0000000090fdb8a8}: 'java.lang.Object java.lang.invoke.DirectMethodHandle$Holder.newInvokeSpecial(java.lang.Object, java.lang.Object, java.lang.Object, java.lang.Object, java.lang.Object)'> (0x0000000090fdb8a8) 
thrown [s\open\src\hotspot\share\interpreter\linkResolver.cpp, line 774]
Event: 0.582 Thread 0x0000000000522f20 Exception <a 'java/lang/NoSuchMethodError'{0x0000000090e8d3b8}: 'java.lang.Object java.lang.invoke.DirectMethodHandle$Holder.invokeStatic(java.lang.Object, int, java.lang.Object)'> (0x0000000090e8d3b8) 
thrown [s\open\src\hotspot\share\interpreter\linkResolver.cpp, line 774]
Event: 0.598 Thread 0x0000000000522f20 Exception <a 'java/lang/ClassNotFoundException'{0x0000000090d2f448}: com/sun/swing/internal/plaf/metal/resources/spi/metalProvider> (0x0000000090d2f448) 
thrown [s\open\src\hotspot\share\classfile\systemDictionary.cpp, line 313]
Event: 0.599 Thread 0x0000000000522f20 Exception <a 'java/lang/ClassNotFoundException'{0x0000000090d333a8}: com/sun/swing/internal/plaf/basic/resources/spi/basicProvider> (0x0000000090d333a8) 
thrown [s\open\src\hotspot\share\classfile\systemDictionary.cpp, line 313]
Event: 0.611 Thread 0x0000000000522f20 Exception <a 'java/lang/NoSuchMethodError'{0x0000000090d4f788}: 'int java.lang.invoke.Invokers$Holder.invokeExact_MT(java.lang.Object, java.lang.Object)'> (0x0000000090d4f788) 
thrown [s\open\src\hotspot\share\interpreter\linkResolver.cpp, line 774]
Event: 0.670 Thread 0x0000000000522f20 Exception <a 'java/lang/NoSuchMethodError'{0x0000000090dfd838}: 'void java.lang.invoke.DirectMethodHandle$Holder.invokeStaticInit(java.lang.Object)'> (0x0000000090dfd838) 
thrown [s\open\src\hotspot\share\interpreter\linkResolver.cpp, line 774]
Event: 1.265 Thread 0x000000001f81c5d0 Exception <a 'java/lang/NoSuchMethodError'{0x0000000090a882a8}: 'java.lang.Object java.lang.invoke.Invokers$Holder.invokeExact_MT(java.lang.Object, java.lang.Object, java.lang.Object, java.lang.Object, java.lang.Object, java.lang.Object)'> (0x0000000090a882a8) 
thrown [s\open\src\hotspot\share\interpreter\linkResolver.cpp, line 774]

ZGC Phase Switch (0 events):
No events

VM Operations (12 events):
Event: 0.049 Executing VM operation: HandshakeAllThreads (Deoptimize)
Event: 0.049 Executing VM operation: HandshakeAllThreads (Deoptimize) done
Event: 0.411 Executing VM operation: HandshakeAllThreads (Deoptimize)
Event: 0.411 Executing VM operation: HandshakeAllThreads (Deoptimize) done
Event: 0.615 Executing VM operation: HandshakeAllThreads (Deoptimize)
Event: 0.615 Executing VM operation: HandshakeAllThreads (Deoptimize) done
Event: 1.252 Executing VM operation: HandshakeAllThreads (Deoptimize)
Event: 1.252 Executing VM operation: HandshakeAllThreads (Deoptimize) done
Event: 1.252 Executing VM operation: Cleanup
Event: 1.252 Executing VM operation: Cleanup done
Event: 1.883 Executing VM operation: HandshakeAllThreads (Deoptimize)
Event: 1.883 Executing VM operation: HandshakeAllThreads (Deoptimize) done

Events (19 events):
Event: 0.020 Thread 0x0000000000522f20 Thread added: 0x0000000000522f20
Event: 0.030 Thread 0x000000001f816620 Thread added: 0x000000001f816620
Event: 0.030 Thread 0x000000001f8171e0 Thread added: 0x000000001f8171e0
Event: 0.030 Thread 0x000000001f819690 Thread added: 0x000000001f819690
Event: 0.031 Thread 0x000000001f81c5d0 Thread added: 0x000000001f81c5d0
Event: 0.031 Thread 0x000000001f81d430 Thread added: 0x000000001f81d430
Event: 0.031 Thread 0x000000001f820d20 Thread added: 0x000000001f820d20
Event: 0.031 Thread 0x000000001f830d10 Thread added: 0x000000001f830d10
Event: 0.031 Thread 0x000000001f8313d0 Thread added: 0x000000001f8313d0
Event: 0.045 Thread 0x000000006568eb40 Thread added: 0x000000006568eb40
Event: 0.317 Thread 0x00000000657efea0 Thread added: 0x00000000657efea0
Event: 0.317 Thread 0x000000006582a1c0 Thread added: 0x000000006582a1c0
Event: 0.457 Thread 0x0000000065930f10 Thread added: 0x0000000065930f10
Event: 0.458 Thread 0x00000000659344c0 Thread added: 0x00000000659344c0
Event: 0.459 Thread 0x0000000065937e80 Thread added: 0x0000000065937e80
Event: 0.647 Thread 0x000000006fb8c130 Thread added: 0x000000006fb8c130
Event: 0.753 Thread 0x0000000000522f20 Thread exited: 0x0000000000522f20
Event: 0.753 Thread 0x0000000000522f20 Thread added: 0x0000000000522f20
Event: 0.761 Thread 0x00000000657c0280 Thread added: 0x00000000657c0280


Dynamic libraries:
0x00007ff639b60000 - 0x00007ff639b6e000 	C:\Users\Любовь\.jdks\openjdk-22.0.1\bin\java.exe
0x00007fff6bad0000 - 0x00007fff6bce7000 	C:\WINDOWS\SYSTEM32\ntdll.dll
0x00007fff6b090000 - 0x00007fff6b154000 	C:\WINDOWS\System32\KERNEL32.DLL
0x00007fff69450000 - 0x00007fff697f7000 	C:\WINDOWS\System32\KERNELBASE.dll
0x00007fff68f30000 - 0x00007fff69041000 	C:\WINDOWS\System32\ucrtbase.dll
0x00007fff5fc80000 - 0x00007fff5fc97000 	C:\Users\Любовь\.jdks\openjdk-22.0.1\bin\jli.dll
0x00007fff64370000 - 0x00007fff6438b000 	C:\Users\Любовь\.jdks\openjdk-22.0.1\bin\VCRUNTIME140.dll
0x00007fff6b710000 - 0x00007fff6b8be000 	C:\WINDOWS\System32\USER32.dll
0x00007fff69080000 - 0x00007fff690a6000 	C:\WINDOWS\System32\win32u.dll
0x00007fff583f0000 - 0x00007fff58683000 	C:\WINDOWS\WinSxS\amd64_microsoft.windows.common-controls_6595b64144ccf1df_6.0.22621.3527_none_270e469b73872a76\COMCTL32.dll
0x00007fff69bf0000 - 0x00007fff69c19000 	C:\WINDOWS\System32\GDI32.dll
0x00007fff69b40000 - 0x00007fff69be7000 	C:\WINDOWS\System32\msvcrt.dll
0x00007fff69220000 - 0x00007fff69339000 	C:\WINDOWS\System32\gdi32full.dll
0x00007fff69340000 - 0x00007fff693da000 	C:\WINDOWS\System32\msvcp_win.dll
0x00007fff6b210000 - 0x00007fff6b241000 	C:\WINDOWS\System32\IMM32.DLL
0x00007fff64360000 - 0x00007fff6436c000 	C:\Users\Любовь\.jdks\openjdk-22.0.1\bin\vcruntime140_1.dll
0x00007fff1dc10000 - 0x00007fff1dc9e000 	C:\Users\Любовь\.jdks\openjdk-22.0.1\bin\msvcp140.dll
0x00007fff0bb20000 - 0x00007fff0c867000 	C:\Users\Любовь\.jdks\openjdk-22.0.1\bin\server\jvm.dll
0x00007fff6ab80000 - 0x00007fff6ac32000 	C:\WINDOWS\System32\ADVAPI32.dll
0x00007fff6b250000 - 0x00007fff6b2f8000 	C:\WINDOWS\System32\sechost.dll
0x00007fff69050000 - 0x00007fff69078000 	C:\WINDOWS\System32\bcrypt.dll
0x00007fff6a920000 - 0x00007fff6aa35000 	C:\WINDOWS\System32\RPCRT4.dll
0x00007fff69900000 - 0x00007fff69971000 	C:\WINDOWS\System32\WS2_32.dll
0x00007fff68cb0000 - 0x00007fff68cfd000 	C:\WINDOWS\SYSTEM32\POWRPROF.dll
0x00007fff5e220000 - 0x00007fff5e254000 	C:\WINDOWS\SYSTEM32\WINMM.dll
0x00007fff5f100000 - 0x00007fff5f10a000 	C:\WINDOWS\SYSTEM32\VERSION.dll
0x00007fff68c90000 - 0x00007fff68ca3000 	C:\WINDOWS\SYSTEM32\UMPDC.dll
0x00007fff67e10000 - 0x00007fff67e28000 	C:\WINDOWS\SYSTEM32\kernel.appcore.dll
0x00007fff64270000 - 0x00007fff6427a000 	C:\Users\Любовь\.jdks\openjdk-22.0.1\bin\jimage.dll
0x00007fff60a70000 - 0x00007fff60ca2000 	C:\WINDOWS\SYSTEM32\DBGHELP.DLL
0x00007fff6ac40000 - 0x00007fff6afc8000 	C:\WINDOWS\System32\combase.dll
0x00007fff6b610000 - 0x00007fff6b6e7000 	C:\WINDOWS\System32\OLEAUT32.dll
0x00007fff20de0000 - 0x00007fff20e12000 	C:\WINDOWS\SYSTEM32\dbgcore.DLL
0x00007fff68eb0000 - 0x00007fff68f29000 	C:\WINDOWS\System32\bcryptPrimitives.dll
0x00007fff59720000 - 0x00007fff5972f000 	C:\Users\Любовь\.jdks\openjdk-22.0.1\bin\instrument.dll
0x00007fff51c50000 - 0x00007fff51c6e000 	C:\Users\Любовь\.jdks\openjdk-22.0.1\bin\java.dll
0x00007fff6a0c0000 - 0x00007fff6a91c000 	C:\WINDOWS\System32\SHELL32.dll
0x00007fff6b310000 - 0x00007fff6b4b5000 	C:\WINDOWS\System32\ole32.dll
0x00007fff66d30000 - 0x00007fff67626000 	C:\WINDOWS\SYSTEM32\windows.storage.dll
0x00007fff66bf0000 - 0x00007fff66d2e000 	C:\WINDOWS\SYSTEM32\wintypes.dll
0x00007fff6b510000 - 0x00007fff6b605000 	C:\WINDOWS\System32\SHCORE.dll
0x00007fff6afd0000 - 0x00007fff6b02e000 	C:\WINDOWS\System32\shlwapi.dll
0x00007fff68d20000 - 0x00007fff68d41000 	C:\WINDOWS\SYSTEM32\profapi.dll
0x00007fff1db30000 - 0x00007fff1dc07000 	C:\Users\Любовь\.jdks\openjdk-22.0.1\bin\jsvml.dll
0x00007fff45770000 - 0x00007fff45787000 	C:\Users\Любовь\.jdks\openjdk-22.0.1\bin\zip.dll
0x00007fff63100000 - 0x00007fff63110000 	C:\Users\Любовь\.jdks\openjdk-22.0.1\bin\net.dll
0x00007fff68280000 - 0x00007fff682e9000 	C:\WINDOWS\system32\mswsock.dll
0x00007fff46870000 - 0x00007fff46886000 	C:\Users\Любовь\.jdks\openjdk-22.0.1\bin\nio.dll
0x00007fff2d290000 - 0x00007fff2d2aa000 	C:\Program Files\JetBrains\IntelliJ IDEA Community Edition 2024.1.1\bin\breakgen64.dll
0x00007fff4b080000 - 0x00007fff4b089000 	C:\Users\Любовь\.jdks\openjdk-22.0.1\bin\extnet.dll
0x00007fff17260000 - 0x00007fff173ed000 	C:\Users\Любовь\.jdks\openjdk-22.0.1\bin\awt.dll
0x00007fff66160000 - 0x00007fff661f7000 	C:\WINDOWS\SYSTEM32\apphelp.dll
0x00007fff66670000 - 0x00007fff6669b000 	C:\WINDOWS\system32\DWMAPI.DLL
0x00007fff66330000 - 0x00007fff663db000 	C:\WINDOWS\system32\uxtheme.dll
0x00007fff21370000 - 0x00007fff21470000 	C:\WINDOWS\system32\opengl32.dll
0x00007fff20ec0000 - 0x00007fff20eed000 	C:\WINDOWS\SYSTEM32\GLU32.dll
0x00007fff66430000 - 0x00007fff66469000 	C:\WINDOWS\SYSTEM32\dxcore.dll
0x00007fff6b8c0000 - 0x00007fff6ba13000 	C:\WINDOWS\System32\MSCTF.dll
0x00007fff2afb0000 - 0x00007fff2b159000 	C:\WINDOWS\system32\d3d9.dll
0x00007fff5dec0000 - 0x00007fff5e07b000 	C:\WINDOWS\System32\DriverStore\FileRepository\u0397033.inf_amd64_bf2b1fc18ba7195d\B396953\aticfx64.dll
0x00007fff20a90000 - 0x00007fff20ac4000 	C:\WINDOWS\System32\DriverStore\FileRepository\u0397033.inf_amd64_bf2b1fc18ba7195d\B396953\atiu9p64.dll
0x00007fff09680000 - 0x00007fff0a3c7000 	C:\WINDOWS\System32\DriverStore\FileRepository\u0397033.inf_amd64_bf2b1fc18ba7195d\B396953\atiumd64.dll
0x000000006e850000 - 0x000000006f763000 	C:\WINDOWS\System32\DriverStore\FileRepository\u0397033.inf_amd64_bf2b1fc18ba7195d\B396953\atiumd6a.dll
0x00007fff69c20000 - 0x00007fff6a094000 	C:\WINDOWS\System32\SETUPAPI.dll
0x00007fff5be10000 - 0x00007fff5be45000 	C:\WINDOWS\SYSTEM32\amdihk64.dll
0x00007fff62000000 - 0x00007fff6204a000 	C:\WINDOWS\SYSTEM32\directxdatabasehelper.dll
0x00007fff17490000 - 0x00007fff17517000 	C:\Users\Любовь\.jdks\openjdk-22.0.1\bin\freetype.dll
0x00007fff16910000 - 0x00007fff169e7000 	C:\Users\Любовь\.jdks\openjdk-22.0.1\bin\fontmanager.dll
0x00007fff58800000 - 0x00007fff5894b000 	C:\WINDOWS\SYSTEM32\textinputframework.dll
0x00007fff65d60000 - 0x00007fff65e93000 	C:\WINDOWS\SYSTEM32\CoreMessaging.dll
0x00007fff60cb0000 - 0x00007fff6101c000 	C:\WINDOWS\SYSTEM32\CoreUIComponents.dll
0x00007fff68500000 - 0x00007fff6850c000 	C:\WINDOWS\SYSTEM32\CRYPTBASE.DLL

dbghelp: loaded successfully - version: 4.0.5 - missing functions: none
symbol engine: initialized successfully - sym options: 0x614 - pdb path: .;C:\Users\Любовь\.jdks\openjdk-22.0.1\bin;C:\WINDOWS\SYSTEM32;C:\WINDOWS\WinSxS\amd64_microsoft.windows.common-controls_6595b64144ccf1df_6.0.22621.3527_none_270e469b73872a76;C:\Users\Любовь\.jdks\openjdk-22.0.1\bin\server;C:\Program Files\JetBrains\IntelliJ IDEA Community Edition 2024.1.1\bin;C:\WINDOWS\System32\DriverStore\FileRepository\u0397033.inf_amd64_bf2b1fc18ba7195d\B396953

VM Arguments:
jvm_args: -javaagent:C:\Program Files\JetBrains\IntelliJ IDEA Community Edition 2024.1.1\lib\idea_rt.jar=63086:C:\Program Files\JetBrains\IntelliJ IDEA Community Edition 2024.1.1\bin -Dfile.encoding=UTF-8 -Dsun.stdout.encoding=UTF-8 -Dsun.stderr.encoding=UTF-8 
java_command: Main
java_class_path (initial): C:\Users\Любовь\IdeaProjects\VKC\out\production\VKC;C:\Users\Любовь\Downloads\sqlite-jdbc-3.45.2.0.jar;C:\Users\Любовь\Downloads\slf4j-simple-1.7.36.jar;C:\Users\Любовь\Downloads\slf4j-api-1.7.36.jar
Launcher Type: SUN_STANDARD

[Global flags]
     intx CICompilerCount                          = 4                                         {product} {ergonomic}
     uint ConcGCThreads                            = 3                                         {product} {ergonomic}
     uint G1ConcRefinementThreads                  = 10                                        {product} {ergonomic}
   size_t G1HeapRegionSize                         = 1048576                                   {product} {ergonomic}
   size_t InitialHeapSize                          = 125829120                                 {product} {ergonomic}
   size_t MarkStackSize                            = 4194304                                   {product} {ergonomic}
   size_t MaxHeapSize                              = 1983905792                                {product} {ergonomic}
   size_t MaxNewSize                               = 1190133760                                {product} {ergonomic}
   size_t MinHeapDeltaBytes                        = 1048576                                   {product} {ergonomic}
   size_t MinHeapSize                              = 8388608                                   {product} {ergonomic}
    uintx NonNMethodCodeHeapSize                   = 5839372                                {pd product} {ergonomic}
    uintx NonProfiledCodeHeapSize                  = 122909434                              {pd product} {ergonomic}
    uintx ProfiledCodeHeapSize                     = 122909434                              {pd product} {ergonomic}
    uintx ReservedCodeCacheSize                    = 251658240                              {pd product} {ergonomic}
     bool SegmentedCodeCache                       = true                                      {product} {ergonomic}
   size_t SoftMaxHeapSize                          = 1983905792                             {manageable} {ergonomic}
     bool UseCompressedOops                        = true                           {product lp64_product} {ergonomic}
     bool UseG1GC                                  = true                                      {product} {ergonomic}
     bool UseLargePagesIndividualAllocation        = false                                  {pd product} {ergonomic}

Logging:
Log output configuration:
 #0: stdout all=warning uptime,level,tags foldmultilines=false
 #1: stderr all=off uptime,level,tags foldmultilines=false

Environment Variables:
PATH=C:\Program Files (x86)\Embarcadero\Studio\22.0\bin;C:\Users\Public\Documents\Embarcadero\Studio\22.0\Bpl;C:\Program Files (x86)\Embarcadero\Studio\22.0\bin64;C:\Users\Public\Documents\Embarcadero\Studio\22.0\Bpl\Win64;C:\WINDOWS\system32;C:\WINDOWS;C:\WINDOWS\System32\Wbem;C:\WINDOWS\System32\WindowsPowerShell\v1.0\;C:\WINDOWS\System32\OpenSSH\;C:\Program Files\dotnet\;C:\Program Files (x86)\Windows Kits\10\Windows Performance Toolkit\;C:\Program Files\Git\cmd;C:\Program Files\nodejs\;C:\Users\Любовь\AppData\Local\Microsoft\WindowsApps;C:\Users\Любовь\.dotnet\tools;C:\Users\Любовь\AppData\Local\Programs\Microsoft VS Code\bin;C:\Users\Любовь\AppData\Roaming\npm
USERNAME=Любовь
OS=Windows_NT
PROCESSOR_IDENTIFIER=AMD64 Family 25 Model 80 Stepping 0, AuthenticAMD
TMP=C:\Users\E151~1\AppData\Local\Temp
TEMP=C:\Users\E151~1\AppData\Local\Temp




Periodic native trim disabled

---------------  S Y S T E M  ---------------

OS:
 Windows 11 , 64 bit Build 22621 (10.0.22621.3527)
OS uptime: 1 days 10:33 hours

CPU: total 12 (initial active 12) (12 cores per cpu, 2 threads per core) family 25 model 80 stepping 0 microcode 0x0, cx8, cmov, fxsr, ht, mmx, 3dnowpref, sse, sse2, sse3, ssse3, sse4a, sse4.1, sse4.2, popcnt, lzcnt, tsc, tscinvbit, avx, avx2, aes, erms, clmul, bmi1, bmi2, adx, sha, fma, vzeroupper, clflush, clflushopt, rdtscp, rdpid, fsrm, f16c, pku, cet_ss
Processor Information for all 12 processors :
  Max Mhz: 2301, Current Mhz: 2301, Mhz Limit: 2301

Memory: 4k page, system-wide physical 7561M (170M free)
TotalPageFile size 11561M (AvailPageFile size 1M)
current process WorkingSet (physical memory assigned to process): 102M, peak: 102M
current process commit charge ("private bytes"): 260M, peak: 261M

vm_info: OpenJDK 64-Bit Server VM (22.0.1+8-16) for windows-amd64 JRE (22.0.1+8-16), built on 2024-03-12T10:33:16Z by "mach5one" with MS VC++ 17.6 (VS2022)

END.
