#
# There is insufficient memory for the Java Runtime Environment to continue.
# Native memory allocation (mmap) failed to map 65536 bytes. Error detail: Failed to commit metaspace.
# Possible reasons:
#   The system is out of physical RAM or swap space
#   This process is running with CompressedOops enabled, and the Java Heap may be blocking the growth of the native heap
# Possible solutions:
#   Reduce memory load on the system
#   Increase physical memory or swap space
#   Check if swap backing store is full
#   Decrease Java heap size (-Xmx/-Xms)
#   Decrease number of Java threads
#   Decrease Java thread stack sizes (-Xss)
#   Set larger code cache with -XX:ReservedCodeCacheSize=
#   JVM is running with Unscaled Compressed Oops mode in which the Java heap is
#     placed in the first 4GB address space. The Java Heap base address is the
#     maximum limit for the native heap growth. Please use -XX:HeapBaseMinAddress
#     to set the Java Heap base and to place the Java Heap above 4GB virtual address.
# This output file may be truncated or incomplete.
#
#  Out of Memory Error (virtualSpaceNode.cpp:112), pid=4932, tid=11816
#
# JRE version: OpenJDK Runtime Environment (22.0.1+8) (build 22.0.1+8-16)
# Java VM: OpenJDK 64-Bit Server VM (22.0.1+8-16, mixed mode, sharing, tiered, compressed oops, compressed class ptrs, g1 gc, windows-amd64)
# No core dump will be written. Minidumps are not enabled by default on client versions of Windows
#

---------------  S U M M A R Y ------------

Command Line: -javaagent:C:\Program Files\JetBrains\IntelliJ IDEA Community Edition 2024.1.1\lib\idea_rt.jar=59572:C:\Program Files\JetBrains\IntelliJ IDEA Community Edition 2024.1.1\bin -Dfile.encoding=UTF-8 -Dsun.stdout.encoding=UTF-8 -Dsun.stderr.encoding=UTF-8 Main

Host: AMD Ryzen 5 5625U with Radeon Graphics         , 12 cores, 7G,  Windows 11 , 64 bit Build 22621 (10.0.22621.3527)
Time: Sat May 25 19:20:50 2024 RTZ 7 (s 11 , 64 bit Build 22621 (10.0.22621.3527) elapsed time: 0.596805 seconds (0d 0h 0m 0s)

---------------  T H R E A D  ---------------

Current thread (0x000000006f9c60b0):  JavaThread "AWT-EventQueue-0"        [_thread_in_vm, id=11816, stack(0x0000000075690000,0x0000000075790000) (1024K)]

Stack: [0x0000000075690000,0x0000000075790000]
Native frames: (J=compiled Java code, j=interpreted, Vv=VM code, C=native code)
V  [jvm.dll+0x6e2279]  (no source info available)
V  [jvm.dll+0x874e33]  (no source info available)
V  [jvm.dll+0x87725e]  (no source info available)
V  [jvm.dll+0x877933]  (no source info available)
V  [jvm.dll+0x27fd76]  (no source info available)
V  [jvm.dll+0x870a7e]  (no source info available)
V  [jvm.dll+0x6852e5]  (no source info available)
V  [jvm.dll+0x68534a]  (no source info available)
V  [jvm.dll+0x687b8a]  (no source info available)
V  [jvm.dll+0x2250ac]  (no source info available)
V  [jvm.dll+0x685cfe]  (no source info available)
V  [jvm.dll+0x269eaf]  (no source info available)
V  [jvm.dll+0x68ff54]  (no source info available)
V  [jvm.dll+0x215301]  (no source info available)
V  [jvm.dll+0x21578a]  (no source info available)
V  [jvm.dll+0x2161b1]  (no source info available)
V  [jvm.dll+0x20b4ee]  (no source info available)
V  [jvm.dll+0x5c462f]  (no source info available)
V  [jvm.dll+0x21cc6a]  (no source info available)
V  [jvm.dll+0x7eb6dc]  (no source info available)
V  [jvm.dll+0x7ec776]  (no source info available)
V  [jvm.dll+0x7ecd84]  (no source info available)
V  [jvm.dll+0x7eca08]  (no source info available)
V  [jvm.dll+0x26d79b]  (no source info available)
V  [jvm.dll+0x26d9ca]  (no source info available)
V  [jvm.dll+0x5e7c21]  (no source info available)
V  [jvm.dll+0x5ea274]  (no source info available)
V  [jvm.dll+0x3dd40a]  (no source info available)
V  [jvm.dll+0x3dce90]  (no source info available)
C  0x0000000012367831  (no source info available)

The last pc belongs to getstatic (printed below).
Java frames: (J=compiled Java code, j=interpreted, Vv=VM code)
j  java.awt.DefaultKeyboardFocusManager.dispatchEvent(Ljava/awt/AWTEvent;)Z+492 java.desktop@22.0.1
j  java.awt.Component.dispatchEventImpl(Ljava/awt/AWTEvent;)V+134 java.desktop@22.0.1
j  java.awt.Container.dispatchEventImpl(Ljava/awt/AWTEvent;)V+42 java.desktop@22.0.1
j  java.awt.Window.dispatchEventImpl(Ljava/awt/AWTEvent;)V+19 java.desktop@22.0.1
j  java.awt.Component.dispatchEvent(Ljava/awt/AWTEvent;)V+2 java.desktop@22.0.1
j  java.awt.EventQueue.dispatchEventImpl(Ljava/awt/AWTEvent;Ljava/lang/Object;)V+41 java.desktop@22.0.1
j  java.awt.EventQueue$4.run()Ljava/lang/Void;+32 java.desktop@22.0.1
j  java.awt.EventQueue$4.run()Ljava/lang/Object;+1 java.desktop@22.0.1
j  java.security.AccessController.executePrivileged(Ljava/security/PrivilegedAction;Ljava/security/AccessControlContext;Ljava/lang/Class;)Ljava/lang/Object;+29 java.base@22.0.1
j  java.security.AccessController.doPrivileged(Ljava/security/PrivilegedAction;Ljava/security/AccessControlContext;)Ljava/lang/Object;+13 java.base@22.0.1
j  java.security.ProtectionDomain$JavaSecurityAccessImpl.doIntersectionPrivilege(Ljava/security/PrivilegedAction;Ljava/security/AccessControlContext;Ljava/security/AccessControlContext;)Ljava/lang/Object;+18 java.base@22.0.1
j  java.security.ProtectionDomain$JavaSecurityAccessImpl.doIntersectionPrivilege(Ljava/security/PrivilegedAction;Ljava/security/AccessControlContext;)Ljava/lang/Object;+6 java.base@22.0.1
j  java.awt.EventQueue$5.run()Ljava/lang/Void;+11 java.desktop@22.0.1
j  java.awt.EventQueue$5.run()Ljava/lang/Object;+1 java.desktop@22.0.1
j  java.security.AccessController.executePrivileged(Ljava/security/PrivilegedAction;Ljava/security/AccessControlContext;Ljava/lang/Class;)Ljava/lang/Object;+29 java.base@22.0.1
j  java.security.AccessController.doPrivileged(Ljava/security/PrivilegedAction;Ljava/security/AccessControlContext;)Ljava/lang/Object;+13 java.base@22.0.1
j  java.security.ProtectionDomain$JavaSecurityAccessImpl.doIntersectionPrivilege(Ljava/security/PrivilegedAction;Ljava/security/AccessControlContext;Ljava/security/AccessControlContext;)Ljava/lang/Object;+18 java.base@22.0.1
j  java.awt.EventQueue.dispatchEvent(Ljava/awt/AWTEvent;)V+73 java.desktop@22.0.1
j  java.awt.SequencedEvent.dispatch()V+150 java.desktop@22.0.1
j  java.awt.EventQueue.dispatchEventImpl(Ljava/awt/AWTEvent;Ljava/lang/Object;)V+21 java.desktop@22.0.1
j  java.awt.EventQueue$4.run()Ljava/lang/Void;+32 java.desktop@22.0.1
j  java.awt.EventQueue$4.run()Ljava/lang/Object;+1 java.desktop@22.0.1
j  java.security.AccessController.executePrivileged(Ljava/security/PrivilegedAction;Ljava/security/AccessControlContext;Ljava/lang/Class;)Ljava/lang/Object;+29 java.base@22.0.1
j  java.security.AccessController.doPrivileged(Ljava/security/PrivilegedAction;Ljava/security/AccessControlContext;)Ljava/lang/Object;+13 java.base@22.0.1
j  java.security.ProtectionDomain$JavaSecurityAccessImpl.doIntersectionPrivilege(Ljava/security/PrivilegedAction;Ljava/security/AccessControlContext;Ljava/security/AccessControlContext;)Ljava/lang/Object;+18 java.base@22.0.1
j  java.security.ProtectionDomain$JavaSecurityAccessImpl.doIntersectionPrivilege(Ljava/security/PrivilegedAction;Ljava/security/AccessControlContext;)Ljava/lang/Object;+6 java.base@22.0.1
j  java.awt.EventQueue$5.run()Ljava/lang/Void;+11 java.desktop@22.0.1
j  java.awt.EventQueue$5.run()Ljava/lang/Object;+1 java.desktop@22.0.1
j  java.security.AccessController.executePrivileged(Ljava/security/PrivilegedAction;Ljava/security/AccessControlContext;Ljava/lang/Class;)Ljava/lang/Object;+29 java.base@22.0.1
j  java.security.AccessController.doPrivileged(Ljava/security/PrivilegedAction;Ljava/security/AccessControlContext;)Ljava/lang/Object;+13 java.base@22.0.1
j  java.security.ProtectionDomain$JavaSecurityAccessImpl.doIntersectionPrivilege(Ljava/security/PrivilegedAction;Ljava/security/AccessControlContext;Ljava/security/AccessControlContext;)Ljava/lang/Object;+18 java.base@22.0.1
j  java.awt.EventQueue.dispatchEvent(Ljava/awt/AWTEvent;)V+73 java.desktop@22.0.1
j  java.awt.EventDispatchThread.pumpOneEventForFilters(I)V+81 java.desktop@22.0.1
j  java.awt.EventDispatchThread.pumpEventsForFilter(ILjava/awt/Conditional;Ljava/awt/EventFilter;)V+35 java.desktop@22.0.1
j  java.awt.EventDispatchThread.pumpEventsForHierarchy(ILjava/awt/Conditional;Ljava/awt/Component;)V+11 java.desktop@22.0.1
j  java.awt.EventDispatchThread.pumpEvents(ILjava/awt/Conditional;)V+4 java.desktop@22.0.1
j  java.awt.EventDispatchThread.pumpEvents(Ljava/awt/Conditional;)V+3 java.desktop@22.0.1
j  java.awt.EventDispatchThread.run()V+9 java.desktop@22.0.1
v  ~StubRoutines::call_stub 0x000000001235100d
getstatic  178 getstatic  [0x0000000012367780, 0x0000000012367980]  512 bytes
[MachCode]
  0x0000000012367780: 4883 ec08 | c5fa 1104 | 24eb 1f48 | 83ec 10c5 | fb11 0424 | eb14 4883 | ec10 4889 | 0424 48c7 
  0x00000000123677a0: 4424 0800 | 0000 00eb | 0150 488b | 4dd0 410f | b755 0148 | 8b49 286b | d218 488d | 4c11 080f 
  0x00000000123677c0: b659 1281 | fbb2 0000 | 000f 84bd | 0000 00bb | b200 0000 | e805 0000 | 00e9 9900 | 0000 488b 
  0x00000000123677e0: d348 8d44 | 2408 4c89 | 6dc0 498b | cfc5 f877 | 4989 afb0 | 0300 0049 | 8987 a003 | 0000 4883 
  0x0000000012367800: ec20 40f6 | c40f 0f84 | 1900 0000 | 4883 ec08 | 48b8 30ce | 334d fc7f | 0000 ffd0 | 4883 c408 
  0x0000000012367820: e90c 0000 | 0048 b830 | ce33 4dfc | 7f00 00ff | d048 83c4 | 2049 c787 | a003 0000 | 0000 0000 
  0x0000000012367840: 49c7 87b0 | 0300 0000 | 0000 0049 | c787 a803 | 0000 0000 | 0000 c5f8 | 7749 837f | 0800 0f84 
  0x0000000012367860: 0500 0000 | e997 96fe | ff4c 8b6d | c04c 8b75 | c84e 8d74 | f500 c348 | 8b4d d041 | 0fb7 5501 
  0x0000000012367880: 488b 4928 | 6bd2 1848 | 8d4c 1108 | 8b59 080f | b651 110f | b641 104c | 8b09 4d8b | 4970 4d8b 
  0x00000000123678a0: 0985 c00f | 850b 0000 | 0041 0fbe | 0419 50e9 | b100 0000 | 83f8 010f | 850b 0000 | 0041 0fb6 
  0x00000000123678c0: 0419 50e9 | 9d00 0000 | 83f8 080f | 850a 0000 | 0041 8b04 | 1950 e98a | 0000 0083 | f804 0f85 
  0x00000000123678e0: 0a00 0000 | 418b 0419 | 50e9 7700 | 0000 83f8 | 020f 850b | 0000 0041 | 0fb7 0419 | 50e9 6300 
  0x0000000012367900: 0000 83f8 | 030f 850b | 0000 0041 | 0fbf 0419 | 50e9 4f00 | 0000 83f8 | 050f 851a | 0000 0049 
  0x0000000012367920: 8b04 1948 | 83ec 1048 | 8904 2448 | c744 2408 | 0000 0000 | e92c 0000 | 0083 f806 | 0f85 1400 
  0x0000000012367940: 0000 c4c1 | 7a10 0419 | 4883 ec08 | c5fa 1104 | 24e9 0f00 | 0000 c4c1 | 7b10 0419 | 4883 ec10 
  0x0000000012367960: c5fb 1104 | 2441 0fb6 | 5d03 4983 | c503 49ba | f001 be4d | fc7f 0000 | 41ff 24da | 0f1f 4000 
[/MachCode]

---------------  P R O C E S S  ---------------

Threads class SMR info:
_java_thread_list=0x000000006fa201d0, length=17, elements={
0x000000001f7c5980, 0x000000001f7c66a0, 0x000000001f7c9520, 0x000000001f7c9f80,
0x000000001f7ceb70, 0x000000001f7d8430, 0x000000001f7e1300, 0x000000001f7e1ee0,
0x0000000065690d80, 0x00000000657d4890, 0x00000000657d4f00, 0x0000000065938da0,
0x000000006593c350, 0x000000006593f900, 0x000000006f9c60b0, 0x00000000005643d0,
0x0000000065771230
}

Java Threads: ( => current thread )
  0x000000001f7c5980 JavaThread "Reference Handler"          daemon [_thread_blocked, id=11300, stack(0x000000001fd50000,0x000000001fe50000) (1024K)]
  0x000000001f7c66a0 JavaThread "Finalizer"                  daemon [_thread_blocked, id=11268, stack(0x000000001fe50000,0x000000001ff50000) (1024K)]
  0x000000001f7c9520 JavaThread "Signal Dispatcher"          daemon [_thread_blocked, id=6840, stack(0x0000000065000000,0x0000000065100000) (1024K)]
  0x000000001f7c9f80 JavaThread "Attach Listener"            daemon [_thread_blocked, id=12796, stack(0x0000000065100000,0x0000000065200000) (1024K)]
  0x000000001f7ceb70 JavaThread "Service Thread"             daemon [_thread_blocked, id=4240, stack(0x0000000065200000,0x0000000065300000) (1024K)]
  0x000000001f7d8430 JavaThread "Monitor Deflation Thread"   daemon [_thread_blocked, id=3060, stack(0x0000000065300000,0x0000000065400000) (1024K)]
  0x000000001f7e1300 JavaThread "C2 CompilerThread0"         daemon [_thread_blocked, id=2548, stack(0x0000000065400000,0x0000000065500000) (1024K)]
  0x000000001f7e1ee0 JavaThread "C1 CompilerThread0"         daemon [_thread_blocked, id=9996, stack(0x0000000065500000,0x0000000065600000) (1024K)]
  0x0000000065690d80 JavaThread "Common-Cleaner"             daemon [_thread_blocked, id=9156, stack(0x0000000065a00000,0x0000000065b00000) (1024K)]
  0x00000000657d4890 JavaThread "Monitor Ctrl-Break"         daemon [_thread_in_native, id=6056, stack(0x0000000065b00000,0x0000000065c00000) (1024K)]
  0x00000000657d4f00 JavaThread "Notification Thread"        daemon [_thread_blocked, id=3568, stack(0x0000000065c00000,0x0000000065d00000) (1024K)]
  0x0000000065938da0 JavaThread "Java2D Disposer"            daemon [_thread_blocked, id=13172, stack(0x000000006e0e0000,0x000000006e1e0000) (1024K)]
  0x000000006593c350 JavaThread "AWT-Shutdown"                      [_thread_blocked, id=4204, stack(0x000000006e1e0000,0x000000006e2e0000) (1024K)]
  0x000000006593f900 JavaThread "AWT-Windows"                daemon [_thread_in_native, id=7788, stack(0x000000006e2e0000,0x000000006e3e0000) (1024K)]
=>0x000000006f9c60b0 JavaThread "AWT-EventQueue-0"                  [_thread_in_vm, id=11816, stack(0x0000000075690000,0x0000000075790000) (1024K)]
  0x00000000005643d0 JavaThread "DestroyJavaVM"                     [_thread_blocked, id=2188, stack(0x00000000021a0000,0x00000000022a0000) (1024K)]
  0x0000000065771230 JavaThread "D3D Screen Updater"         daemon [_thread_blocked, id=8372, stack(0x0000000075890000,0x0000000075990000) (1024K)]
Total: 17

Other Threads:
  0x000000001f7ab830 VMThread "VM Thread"                           [id=11512, stack(0x000000001fb20000,0x000000001fc20000) (1024K)]
  0x000000001f78fb50 WatcherThread "VM Periodic Task Thread"        [id=1172, stack(0x000000001fa20000,0x000000001fb20000) (1024K)]
  0x0000000002b31950 WorkerThread "GC Thread#0"                     [id=8852, stack(0x000000001c880000,0x000000001c980000) (1024K)]
  0x000000000062da90 ConcurrentGCThread "G1 Main Marker"            [id=11744, stack(0x000000001c980000,0x000000001ca80000) (1024K)]
  0x000000000062e5a0 WorkerThread "G1 Conc#0"                       [id=10268, stack(0x000000001ca80000,0x000000001cb80000) (1024K)]
  0x000000001f65e540 ConcurrentGCThread "G1 Refine#0"               [id=7712, stack(0x000000001f820000,0x000000001f920000) (1024K)]
  0x000000001f65fe80 ConcurrentGCThread "G1 Service"                [id=11692, stack(0x000000001f920000,0x000000001fa20000) (1024K)]
Total: 7

Threads with active compile tasks:
Total: 0

VM state: not at safepoint (normal execution)

VM Mutex/Monitor currently owned by a thread:  ([mutex/lock_event])
[0x00007ffc4dbc9b38] Metaspace_lock - owner thread: 0x000000006f9c60b0

Heap address: 0x0000000089c00000, size: 1892 MB, Compressed Oops mode: 32-bit

CDS archive(s) mapped at: [0x0000000020000000-0x0000000020c50000-0x0000000020c50000), size 12910592, SharedBaseAddress: 0x0000000020000000, ArchiveRelocationMode: 1.
Compressed class space mapped at: 0x0000000021000000-0x0000000061000000, reserved size: 1073741824
Narrow klass base: 0x0000000000000000, Narrow klass shift: 0, Narrow klass range: 0x61000000

GC Precious Log:
 CardTable entry size: 512
 Card Set container configuration: InlinePtr #cards 5 size 8 Array Of Cards #cards 12 size 40 Howl #buckets 4 coarsen threshold 1843 Howl Bitmap #cards 512 size 80 coarsen threshold 460 Card regions per heap region 1 cards per card region 2048
 CPUs: 12 total, 12 available
 Memory: 7561M
 Large Page Support: Disabled
 NUMA Support: Disabled
 Compressed Oops: Enabled (32-bit)
 Heap Region Size: 1M
 Heap Min Capacity: 8M
 Heap Initial Capacity: 120M
 Heap Max Capacity: 1892M
 Pre-touch: Disabled
 Parallel Workers: 10
 Concurrent Workers: 3
 Concurrent Refinement Workers: 10
 Periodic GC: Disabled

Heap:
 garbage-first heap   total reserved 1937408K, committed 122880K, used 11264K [0x0000000089c00000, 0x0000000100000000)
  region size 1024K, 9 young (9216K), 0 survivors (0K)
 Metaspace       used 6991K, committed 7168K, reserved 1114112K
  class space    used 792K, committed 896K, reserved 1048576K

Heap Regions: E=young(eden), S=young(survivor), O=old, HS=humongous(starts), HC=humongous(continues), CS=collection set, F=free, TAMS=top-at-mark-start, PB=parsable bottom
|   0|0x0000000089c00000, 0x0000000089d00000, 0x0000000089d00000|100%|HS|  |TAMS 0x0000000089c00000| PB 0x0000000089c00000| Complete |  0
|   1|0x0000000089d00000, 0x0000000089e00000, 0x0000000089e00000|100%|HC|  |TAMS 0x0000000089d00000| PB 0x0000000089d00000| Complete |  0
|   2|0x0000000089e00000, 0x0000000089f00000, 0x0000000089f00000|100%|HC|  |TAMS 0x0000000089e00000| PB 0x0000000089e00000| Complete |  0
|   3|0x0000000089f00000, 0x0000000089f00000, 0x000000008a000000|  0%| F|  |TAMS 0x0000000089f00000| PB 0x0000000089f00000| Untracked |  0
|   4|0x000000008a000000, 0x000000008a000000, 0x000000008a100000|  0%| F|  |TAMS 0x000000008a000000| PB 0x000000008a000000| Untracked |  0
|   5|0x000000008a100000, 0x000000008a100000, 0x000000008a200000|  0%| F|  |TAMS 0x000000008a100000| PB 0x000000008a100000| Untracked |  0
|   6|0x000000008a200000, 0x000000008a200000, 0x000000008a300000|  0%| F|  |TAMS 0x000000008a200000| PB 0x000000008a200000| Untracked |  0
|   7|0x000000008a300000, 0x000000008a300000, 0x000000008a400000|  0%| F|  |TAMS 0x000000008a300000| PB 0x000000008a300000| Untracked |  0
|   8|0x000000008a400000, 0x000000008a400000, 0x000000008a500000|  0%| F|  |TAMS 0x000000008a400000| PB 0x000000008a400000| Untracked |  0
|   9|0x000000008a500000, 0x000000008a500000, 0x000000008a600000|  0%| F|  |TAMS 0x000000008a500000| PB 0x000000008a500000| Untracked |  0
|  10|0x000000008a600000, 0x000000008a600000, 0x000000008a700000|  0%| F|  |TAMS 0x000000008a600000| PB 0x000000008a600000| Untracked |  0
|  11|0x000000008a700000, 0x000000008a700000, 0x000000008a800000|  0%| F|  |TAMS 0x000000008a700000| PB 0x000000008a700000| Untracked |  0
|  12|0x000000008a800000, 0x000000008a800000, 0x000000008a900000|  0%| F|  |TAMS 0x000000008a800000| PB 0x000000008a800000| Untracked |  0
|  13|0x000000008a900000, 0x000000008a900000, 0x000000008aa00000|  0%| F|  |TAMS 0x000000008a900000| PB 0x000000008a900000| Untracked |  0
|  14|0x000000008aa00000, 0x000000008aa00000, 0x000000008ab00000|  0%| F|  |TAMS 0x000000008aa00000| PB 0x000000008aa00000| Untracked |  0
|  15|0x000000008ab00000, 0x000000008ab00000, 0x000000008ac00000|  0%| F|  |TAMS 0x000000008ab00000| PB 0x000000008ab00000| Untracked |  0
|  16|0x000000008ac00000, 0x000000008ac00000, 0x000000008ad00000|  0%| F|  |TAMS 0x000000008ac00000| PB 0x000000008ac00000| Untracked |  0
|  17|0x000000008ad00000, 0x000000008ad00000, 0x000000008ae00000|  0%| F|  |TAMS 0x000000008ad00000| PB 0x000000008ad00000| Untracked |  0
|  18|0x000000008ae00000, 0x000000008ae00000, 0x000000008af00000|  0%| F|  |TAMS 0x000000008ae00000| PB 0x000000008ae00000| Untracked |  0
|  19|0x000000008af00000, 0x000000008af00000, 0x000000008b000000|  0%| F|  |TAMS 0x000000008af00000| PB 0x000000008af00000| Untracked |  0
|  20|0x000000008b000000, 0x000000008b000000, 0x000000008b100000|  0%| F|  |TAMS 0x000000008b000000| PB 0x000000008b000000| Untracked |  0
|  21|0x000000008b100000, 0x000000008b100000, 0x000000008b200000|  0%| F|  |TAMS 0x000000008b100000| PB 0x000000008b100000| Untracked |  0
|  22|0x000000008b200000, 0x000000008b200000, 0x000000008b300000|  0%| F|  |TAMS 0x000000008b200000| PB 0x000000008b200000| Untracked |  0
|  23|0x000000008b300000, 0x000000008b300000, 0x000000008b400000|  0%| F|  |TAMS 0x000000008b300000| PB 0x000000008b300000| Untracked |  0
|  24|0x000000008b400000, 0x000000008b400000, 0x000000008b500000|  0%| F|  |TAMS 0x000000008b400000| PB 0x000000008b400000| Untracked |  0
|  25|0x000000008b500000, 0x000000008b500000, 0x000000008b600000|  0%| F|  |TAMS 0x000000008b500000| PB 0x000000008b500000| Untracked |  0
|  26|0x000000008b600000, 0x000000008b600000, 0x000000008b700000|  0%| F|  |TAMS 0x000000008b600000| PB 0x000000008b600000| Untracked |  0
|  27|0x000000008b700000, 0x000000008b700000, 0x000000008b800000|  0%| F|  |TAMS 0x000000008b700000| PB 0x000000008b700000| Untracked |  0
|  28|0x000000008b800000, 0x000000008b800000, 0x000000008b900000|  0%| F|  |TAMS 0x000000008b800000| PB 0x000000008b800000| Untracked |  0
|  29|0x000000008b900000, 0x000000008b900000, 0x000000008ba00000|  0%| F|  |TAMS 0x000000008b900000| PB 0x000000008b900000| Untracked |  0
|  30|0x000000008ba00000, 0x000000008ba00000, 0x000000008bb00000|  0%| F|  |TAMS 0x000000008ba00000| PB 0x000000008ba00000| Untracked |  0
|  31|0x000000008bb00000, 0x000000008bb00000, 0x000000008bc00000|  0%| F|  |TAMS 0x000000008bb00000| PB 0x000000008bb00000| Untracked |  0
|  32|0x000000008bc00000, 0x000000008bc00000, 0x000000008bd00000|  0%| F|  |TAMS 0x000000008bc00000| PB 0x000000008bc00000| Untracked |  0
|  33|0x000000008bd00000, 0x000000008bd00000, 0x000000008be00000|  0%| F|  |TAMS 0x000000008bd00000| PB 0x000000008bd00000| Untracked |  0
|  34|0x000000008be00000, 0x000000008be00000, 0x000000008bf00000|  0%| F|  |TAMS 0x000000008be00000| PB 0x000000008be00000| Untracked |  0
|  35|0x000000008bf00000, 0x000000008bf00000, 0x000000008c000000|  0%| F|  |TAMS 0x000000008bf00000| PB 0x000000008bf00000| Untracked |  0
|  36|0x000000008c000000, 0x000000008c000000, 0x000000008c100000|  0%| F|  |TAMS 0x000000008c000000| PB 0x000000008c000000| Untracked |  0
|  37|0x000000008c100000, 0x000000008c100000, 0x000000008c200000|  0%| F|  |TAMS 0x000000008c100000| PB 0x000000008c100000| Untracked |  0
|  38|0x000000008c200000, 0x000000008c200000, 0x000000008c300000|  0%| F|  |TAMS 0x000000008c200000| PB 0x000000008c200000| Untracked |  0
|  39|0x000000008c300000, 0x000000008c300000, 0x000000008c400000|  0%| F|  |TAMS 0x000000008c300000| PB 0x000000008c300000| Untracked |  0
|  40|0x000000008c400000, 0x000000008c400000, 0x000000008c500000|  0%| F|  |TAMS 0x000000008c400000| PB 0x000000008c400000| Untracked |  0
|  41|0x000000008c500000, 0x000000008c500000, 0x000000008c600000|  0%| F|  |TAMS 0x000000008c500000| PB 0x000000008c500000| Untracked |  0
|  42|0x000000008c600000, 0x000000008c600000, 0x000000008c700000|  0%| F|  |TAMS 0x000000008c600000| PB 0x000000008c600000| Untracked |  0
|  43|0x000000008c700000, 0x000000008c700000, 0x000000008c800000|  0%| F|  |TAMS 0x000000008c700000| PB 0x000000008c700000| Untracked |  0
|  44|0x000000008c800000, 0x000000008c800000, 0x000000008c900000|  0%| F|  |TAMS 0x000000008c800000| PB 0x000000008c800000| Untracked |  0
|  45|0x000000008c900000, 0x000000008c900000, 0x000000008ca00000|  0%| F|  |TAMS 0x000000008c900000| PB 0x000000008c900000| Untracked |  0
|  46|0x000000008ca00000, 0x000000008ca00000, 0x000000008cb00000|  0%| F|  |TAMS 0x000000008ca00000| PB 0x000000008ca00000| Untracked |  0
|  47|0x000000008cb00000, 0x000000008cb00000, 0x000000008cc00000|  0%| F|  |TAMS 0x000000008cb00000| PB 0x000000008cb00000| Untracked |  0
|  48|0x000000008cc00000, 0x000000008cc00000, 0x000000008cd00000|  0%| F|  |TAMS 0x000000008cc00000| PB 0x000000008cc00000| Untracked |  0
|  49|0x000000008cd00000, 0x000000008cd00000, 0x000000008ce00000|  0%| F|  |TAMS 0x000000008cd00000| PB 0x000000008cd00000| Untracked |  0
|  50|0x000000008ce00000, 0x000000008ce00000, 0x000000008cf00000|  0%| F|  |TAMS 0x000000008ce00000| PB 0x000000008ce00000| Untracked |  0
|  51|0x000000008cf00000, 0x000000008cf00000, 0x000000008d000000|  0%| F|  |TAMS 0x000000008cf00000| PB 0x000000008cf00000| Untracked |  0
|  52|0x000000008d000000, 0x000000008d000000, 0x000000008d100000|  0%| F|  |TAMS 0x000000008d000000| PB 0x000000008d000000| Untracked |  0
|  53|0x000000008d100000, 0x000000008d100000, 0x000000008d200000|  0%| F|  |TAMS 0x000000008d100000| PB 0x000000008d100000| Untracked |  0
|  54|0x000000008d200000, 0x000000008d200000, 0x000000008d300000|  0%| F|  |TAMS 0x000000008d200000| PB 0x000000008d200000| Untracked |  0
|  55|0x000000008d300000, 0x000000008d300000, 0x000000008d400000|  0%| F|  |TAMS 0x000000008d300000| PB 0x000000008d300000| Untracked |  0
|  56|0x000000008d400000, 0x000000008d400000, 0x000000008d500000|  0%| F|  |TAMS 0x000000008d400000| PB 0x000000008d400000| Untracked |  0
|  57|0x000000008d500000, 0x000000008d500000, 0x000000008d600000|  0%| F|  |TAMS 0x000000008d500000| PB 0x000000008d500000| Untracked |  0
|  58|0x000000008d600000, 0x000000008d600000, 0x000000008d700000|  0%| F|  |TAMS 0x000000008d600000| PB 0x000000008d600000| Untracked |  0
|  59|0x000000008d700000, 0x000000008d700000, 0x000000008d800000|  0%| F|  |TAMS 0x000000008d700000| PB 0x000000008d700000| Untracked |  0
|  60|0x000000008d800000, 0x000000008d800000, 0x000000008d900000|  0%| F|  |TAMS 0x000000008d800000| PB 0x000000008d800000| Untracked |  0
|  61|0x000000008d900000, 0x000000008d900000, 0x000000008da00000|  0%| F|  |TAMS 0x000000008d900000| PB 0x000000008d900000| Untracked |  0
|  62|0x000000008da00000, 0x000000008da00000, 0x000000008db00000|  0%| F|  |TAMS 0x000000008da00000| PB 0x000000008da00000| Untracked |  0
|  63|0x000000008db00000, 0x000000008db00000, 0x000000008dc00000|  0%| F|  |TAMS 0x000000008db00000| PB 0x000000008db00000| Untracked |  0
|  64|0x000000008dc00000, 0x000000008dc00000, 0x000000008dd00000|  0%| F|  |TAMS 0x000000008dc00000| PB 0x000000008dc00000| Untracked |  0
|  65|0x000000008dd00000, 0x000000008dd00000, 0x000000008de00000|  0%| F|  |TAMS 0x000000008dd00000| PB 0x000000008dd00000| Untracked |  0
|  66|0x000000008de00000, 0x000000008de00000, 0x000000008df00000|  0%| F|  |TAMS 0x000000008de00000| PB 0x000000008de00000| Untracked |  0
|  67|0x000000008df00000, 0x000000008df00000, 0x000000008e000000|  0%| F|  |TAMS 0x000000008df00000| PB 0x000000008df00000| Untracked |  0
|  68|0x000000008e000000, 0x000000008e000000, 0x000000008e100000|  0%| F|  |TAMS 0x000000008e000000| PB 0x000000008e000000| Untracked |  0
|  69|0x000000008e100000, 0x000000008e100000, 0x000000008e200000|  0%| F|  |TAMS 0x000000008e100000| PB 0x000000008e100000| Untracked |  0
|  70|0x000000008e200000, 0x000000008e200000, 0x000000008e300000|  0%| F|  |TAMS 0x000000008e200000| PB 0x000000008e200000| Untracked |  0
|  71|0x000000008e300000, 0x000000008e300000, 0x000000008e400000|  0%| F|  |TAMS 0x000000008e300000| PB 0x000000008e300000| Untracked |  0
|  72|0x000000008e400000, 0x000000008e400000, 0x000000008e500000|  0%| F|  |TAMS 0x000000008e400000| PB 0x000000008e400000| Untracked |  0
|  73|0x000000008e500000, 0x000000008e500000, 0x000000008e600000|  0%| F|  |TAMS 0x000000008e500000| PB 0x000000008e500000| Untracked |  0
|  74|0x000000008e600000, 0x000000008e600000, 0x000000008e700000|  0%| F|  |TAMS 0x000000008e600000| PB 0x000000008e600000| Untracked |  0
|  75|0x000000008e700000, 0x000000008e700000, 0x000000008e800000|  0%| F|  |TAMS 0x000000008e700000| PB 0x000000008e700000| Untracked |  0
|  76|0x000000008e800000, 0x000000008e800000, 0x000000008e900000|  0%| F|  |TAMS 0x000000008e800000| PB 0x000000008e800000| Untracked |  0
|  77|0x000000008e900000, 0x000000008e900000, 0x000000008ea00000|  0%| F|  |TAMS 0x000000008e900000| PB 0x000000008e900000| Untracked |  0
|  78|0x000000008ea00000, 0x000000008ea00000, 0x000000008eb00000|  0%| F|  |TAMS 0x000000008ea00000| PB 0x000000008ea00000| Untracked |  0
|  79|0x000000008eb00000, 0x000000008eb00000, 0x000000008ec00000|  0%| F|  |TAMS 0x000000008eb00000| PB 0x000000008eb00000| Untracked |  0
|  80|0x000000008ec00000, 0x000000008ec00000, 0x000000008ed00000|  0%| F|  |TAMS 0x000000008ec00000| PB 0x000000008ec00000| Untracked |  0
|  81|0x000000008ed00000, 0x000000008ed00000, 0x000000008ee00000|  0%| F|  |TAMS 0x000000008ed00000| PB 0x000000008ed00000| Untracked |  0
|  82|0x000000008ee00000, 0x000000008ee00000, 0x000000008ef00000|  0%| F|  |TAMS 0x000000008ee00000| PB 0x000000008ee00000| Untracked |  0
|  83|0x000000008ef00000, 0x000000008ef00000, 0x000000008f000000|  0%| F|  |TAMS 0x000000008ef00000| PB 0x000000008ef00000| Untracked |  0
|  84|0x000000008f000000, 0x000000008f000000, 0x000000008f100000|  0%| F|  |TAMS 0x000000008f000000| PB 0x000000008f000000| Untracked |  0
|  85|0x000000008f100000, 0x000000008f100000, 0x000000008f200000|  0%| F|  |TAMS 0x000000008f100000| PB 0x000000008f100000| Untracked |  0
|  86|0x000000008f200000, 0x000000008f200000, 0x000000008f300000|  0%| F|  |TAMS 0x000000008f200000| PB 0x000000008f200000| Untracked |  0
|  87|0x000000008f300000, 0x000000008f300000, 0x000000008f400000|  0%| F|  |TAMS 0x000000008f300000| PB 0x000000008f300000| Untracked |  0
|  88|0x000000008f400000, 0x000000008f400000, 0x000000008f500000|  0%| F|  |TAMS 0x000000008f400000| PB 0x000000008f400000| Untracked |  0
|  89|0x000000008f500000, 0x000000008f500000, 0x000000008f600000|  0%| F|  |TAMS 0x000000008f500000| PB 0x000000008f500000| Untracked |  0
|  90|0x000000008f600000, 0x000000008f600000, 0x000000008f700000|  0%| F|  |TAMS 0x000000008f600000| PB 0x000000008f600000| Untracked |  0
|  91|0x000000008f700000, 0x000000008f700000, 0x000000008f800000|  0%| F|  |TAMS 0x000000008f700000| PB 0x000000008f700000| Untracked |  0
|  92|0x000000008f800000, 0x000000008f800000, 0x000000008f900000|  0%| F|  |TAMS 0x000000008f800000| PB 0x000000008f800000| Untracked |  0
|  93|0x000000008f900000, 0x000000008f900000, 0x000000008fa00000|  0%| F|  |TAMS 0x000000008f900000| PB 0x000000008f900000| Untracked |  0
|  94|0x000000008fa00000, 0x000000008fa00000, 0x000000008fb00000|  0%| F|  |TAMS 0x000000008fa00000| PB 0x000000008fa00000| Untracked |  0
|  95|0x000000008fb00000, 0x000000008fb00000, 0x000000008fc00000|  0%| F|  |TAMS 0x000000008fb00000| PB 0x000000008fb00000| Untracked |  0
|  96|0x000000008fc00000, 0x000000008fc00000, 0x000000008fd00000|  0%| F|  |TAMS 0x000000008fc00000| PB 0x000000008fc00000| Untracked |  0
|  97|0x000000008fd00000, 0x000000008fd00000, 0x000000008fe00000|  0%| F|  |TAMS 0x000000008fd00000| PB 0x000000008fd00000| Untracked |  0
|  98|0x000000008fe00000, 0x000000008fe00000, 0x000000008ff00000|  0%| F|  |TAMS 0x000000008fe00000| PB 0x000000008fe00000| Untracked |  0
|  99|0x000000008ff00000, 0x000000008ff00000, 0x0000000090000000|  0%| F|  |TAMS 0x000000008ff00000| PB 0x000000008ff00000| Untracked |  0
| 100|0x0000000090000000, 0x0000000090000000, 0x0000000090100000|  0%| F|  |TAMS 0x0000000090000000| PB 0x0000000090000000| Untracked |  0
| 101|0x0000000090100000, 0x0000000090100000, 0x0000000090200000|  0%| F|  |TAMS 0x0000000090100000| PB 0x0000000090100000| Untracked |  0
| 102|0x0000000090200000, 0x0000000090200000, 0x0000000090300000|  0%| F|  |TAMS 0x0000000090200000| PB 0x0000000090200000| Untracked |  0
| 103|0x0000000090300000, 0x0000000090300000, 0x0000000090400000|  0%| F|  |TAMS 0x0000000090300000| PB 0x0000000090300000| Untracked |  0
| 104|0x0000000090400000, 0x0000000090400000, 0x0000000090500000|  0%| F|  |TAMS 0x0000000090400000| PB 0x0000000090400000| Untracked |  0
| 105|0x0000000090500000, 0x0000000090500000, 0x0000000090600000|  0%| F|  |TAMS 0x0000000090500000| PB 0x0000000090500000| Untracked |  0
| 106|0x0000000090600000, 0x0000000090600000, 0x0000000090700000|  0%| F|  |TAMS 0x0000000090600000| PB 0x0000000090600000| Untracked |  0
| 107|0x0000000090700000, 0x0000000090700000, 0x0000000090800000|  0%| F|  |TAMS 0x0000000090700000| PB 0x0000000090700000| Untracked |  0
| 108|0x0000000090800000, 0x0000000090800000, 0x0000000090900000|  0%| F|  |TAMS 0x0000000090800000| PB 0x0000000090800000| Untracked |  0
| 109|0x0000000090900000, 0x0000000090900000, 0x0000000090a00000|  0%| F|  |TAMS 0x0000000090900000| PB 0x0000000090900000| Untracked |  0
| 110|0x0000000090a00000, 0x0000000090a00000, 0x0000000090b00000|  0%| F|  |TAMS 0x0000000090a00000| PB 0x0000000090a00000| Untracked |  0
| 111|0x0000000090b00000, 0x0000000090b7ae80, 0x0000000090c00000| 48%| E|  |TAMS 0x0000000090b00000| PB 0x0000000090b00000| Complete |  0
| 112|0x0000000090c00000, 0x0000000090d00000, 0x0000000090d00000|100%| E|CS|TAMS 0x0000000090c00000| PB 0x0000000090c00000| Complete |  0
| 113|0x0000000090d00000, 0x0000000090e00000, 0x0000000090e00000|100%| E|CS|TAMS 0x0000000090d00000| PB 0x0000000090d00000| Complete |  0
| 114|0x0000000090e00000, 0x0000000090f00000, 0x0000000090f00000|100%| E|CS|TAMS 0x0000000090e00000| PB 0x0000000090e00000| Complete |  0
| 115|0x0000000090f00000, 0x0000000091000000, 0x0000000091000000|100%| E|CS|TAMS 0x0000000090f00000| PB 0x0000000090f00000| Complete |  0
| 116|0x0000000091000000, 0x0000000091100000, 0x0000000091100000|100%| E|CS|TAMS 0x0000000091000000| PB 0x0000000091000000| Complete |  0
| 117|0x0000000091100000, 0x0000000091200000, 0x0000000091200000|100%| E|CS|TAMS 0x0000000091100000| PB 0x0000000091100000| Complete |  0
| 118|0x0000000091200000, 0x0000000091300000, 0x0000000091300000|100%| E|CS|TAMS 0x0000000091200000| PB 0x0000000091200000| Complete |  0
| 119|0x0000000091300000, 0x0000000091400000, 0x0000000091400000|100%| E|CS|TAMS 0x0000000091300000| PB 0x0000000091300000| Complete |  0

Card table byte_map: [0x000000001a730000,0x000000001aaf0000] _byte_map_base: 0x000000001a2e2000

Marking Bits: (CMBitMap*) 0x0000000002b32060
 Bits: [0x000000001aaf0000, 0x000000001c880000)

Polling page: 0x00000000022a0000

Metaspace:

Usage:
  Non-class:      6.05 MB used.
      Class:    792.37 KB used.
       Both:      6.83 MB used.

Virtual space:
  Non-class space:       64.00 MB reserved,       6.12 MB ( 10%) committed,  1 nodes.
      Class space:        1.00 GB reserved,     896.00 KB ( <1%) committed,  1 nodes.
             Both:        1.06 GB reserved,       7.00 MB ( <1%) committed. 

Chunk freelists:
   Non-Class:  9.00 MB
       Class:  15.11 MB
        Both:  24.11 MB

MaxMetaspaceSize: unlimited
CompressedClassSpaceSize: 1.00 GB
Initial GC threshold: 21.00 MB
Current GC threshold: 21.00 MB
CDS: on
 - commit_granule_bytes: 65536.
 - commit_granule_words: 8192.
 - virtual_space_node_default_size: 8388608.
 - enlarge_chunks_in_place: 1.
 - use_allocation_guard: 0.


Internal statistics:

num_allocs_failed_limit: 0.
num_arena_births: 198.
num_arena_deaths: 0.
num_vsnodes_births: 2.
num_vsnodes_deaths: 0.
num_space_committed: 112.
num_space_uncommitted: 0.
num_chunks_returned_to_freelist: 0.
num_chunks_taken_from_freelist: 243.
num_chunk_merges: 0.
num_chunk_splits: 150.
num_chunks_enlarged: 67.
num_inconsistent_stats: 0.

CodeHeap 'non-profiled nmethods': size=120000Kb used=237Kb max_used=237Kb free=119762Kb
 bounds [0x00000000128f0000, 0x0000000012b60000, 0x0000000019e20000]
CodeHeap 'profiled nmethods': size=120000Kb used=1036Kb max_used=1036Kb free=118963Kb
 bounds [0x000000000ae20000, 0x000000000b090000, 0x0000000012350000]
CodeHeap 'non-nmethods': size=5760Kb used=1547Kb max_used=1560Kb free=4212Kb
 bounds [0x0000000012350000, 0x00000000125c0000, 0x00000000128f0000]
 total_blobs=1404 nmethods=787 adapters=522
 compilation: enabled
              stopped_count=0, restarted_count=0
 full_count=0

Compilation events (20 events):
Event: 0.521 Thread 0x000000001f7e1ee0  776       3       java.lang.invoke.InnerClassLambdaMetafactory::getOpcodeOffset (38 bytes)
Event: 0.521 Thread 0x000000001f7e1ee0 nmethod 776 0x000000000af21710 code [0x000000000af218e0, 0x000000000af21b98]
Event: 0.582 Thread 0x000000001f7e1300  777       4       sun.java2d.loops.GraphicsPrimitiveMgr$2::compare (24 bytes)
Event: 0.582 Thread 0x000000001f7e1300 nmethod 777 0x000000001292a190 code [0x000000001292a320, 0x000000001292a438]
Event: 0.583 Thread 0x000000001f7e1ee0  778       3       java.lang.StrictMath::floorOrCeil (128 bytes)
Event: 0.584 Thread 0x000000001f7e1ee0 nmethod 778 0x000000000af21c90 code [0x000000000af21e60, 0x000000000af222c0]
Event: 0.584 Thread 0x000000001f7e1ee0  779       3       java.lang.Math::getExponent (17 bytes)
Event: 0.584 Thread 0x000000001f7e1ee0 nmethod 779 0x000000000af22390 code [0x000000000af22520, 0x000000000af22648]
Event: 0.584 Thread 0x000000001f7e1ee0  780       3       java.lang.Math::ceil (5 bytes)
Event: 0.584 Thread 0x000000001f7e1ee0 nmethod 780 0x000000000af22710 code [0x000000000af228c0, 0x000000000af229d8]
Event: 0.584 Thread 0x000000001f7e1ee0  781       3       java.lang.StrictMath::ceil (10 bytes)
Event: 0.584 Thread 0x000000001f7e1ee0 nmethod 781 0x000000000af22a90 code [0x000000000af22c60, 0x000000000af22d90]
Event: 0.586 Thread 0x000000001f7e1ee0  783       1       java.awt.Color::getRGB (5 bytes)
Event: 0.586 Thread 0x000000001f7e1ee0 nmethod 783 0x000000001292a890 code [0x000000001292aa20, 0x000000001292aae8]
Event: 0.595 Thread 0x000000001f7e1ee0  785       1       java.util.EventObject::getSource (5 bytes)
Event: 0.595 Thread 0x000000001f7e1ee0 nmethod 785 0x000000001292af90 code [0x000000001292b120, 0x000000001292b1e8]
Event: 0.595 Thread 0x000000001f7e1ee0  786       1       java.util.concurrent.locks.AbstractOwnableSynchronizer::getExclusiveOwnerThread (5 bytes)
Event: 0.595 Thread 0x000000001f7e1ee0 nmethod 786 0x000000001292b290 code [0x000000001292b420, 0x000000001292b4e8]
Event: 0.595 Thread 0x000000001f7e1ee0  787       3       java.util.ArrayList$Itr::checkForComodification (23 bytes)
Event: 0.596 Thread 0x000000001f7e1ee0 nmethod 787 0x000000000af22e10 code [0x000000000af22fc0, 0x000000000af23188]

GC Heap History (0 events):
No events

Dll operation events (13 events):
Event: 0.012 Loaded shared library C:\Users\Любовь\.jdks\openjdk-22.0.1\bin\java.dll
Event: 0.053 Loaded shared library C:\Users\Любовь\.jdks\openjdk-22.0.1\bin\jsvml.dll
Event: 0.086 Loaded shared library C:\Users\Любовь\.jdks\openjdk-22.0.1\bin\zip.dll
Event: 0.090 Loaded shared library C:\Users\Любовь\.jdks\openjdk-22.0.1\bin\instrument.dll
Event: 0.094 Loaded shared library C:\Users\Любовь\.jdks\openjdk-22.0.1\bin\net.dll
Event: 0.096 Loaded shared library C:\Users\Любовь\.jdks\openjdk-22.0.1\bin\nio.dll
Event: 0.099 Loaded shared library C:\Users\Любовь\.jdks\openjdk-22.0.1\bin\zip.dll
Event: 0.106 Loaded shared library C:\Program Files\JetBrains\IntelliJ IDEA Community Edition 2024.1.1\bin\breakgen64.dll
Event: 0.120 Loaded shared library C:\Users\Любовь\.jdks\openjdk-22.0.1\bin\jimage.dll
Event: 0.120 Loaded shared library C:\Users\Любовь\.jdks\openjdk-22.0.1\bin\extnet.dll
Event: 0.164 Loaded shared library C:\Users\Любовь\.jdks\openjdk-22.0.1\bin\awt.dll
Event: 0.452 Loaded shared library C:\Users\Любовь\.jdks\openjdk-22.0.1\bin\freetype.dll
Event: 0.455 Loaded shared library C:\Users\Любовь\.jdks\openjdk-22.0.1\bin\fontmanager.dll

Deoptimization events (20 events):
Event: 0.486 Thread 0x00000000005643d0 Uncommon trap: trap_request=0xffffff45 fr.pc=0x000000001291fdac relative=0x000000000000090c
Event: 0.486 Thread 0x00000000005643d0 Uncommon trap: reason=unstable_if action=reinterpret pc=0x000000001291fdac method=java.util.HashMap.putVal(ILjava/lang/Object;Ljava/lang/Object;ZZ)Ljava/lang/Object; @ 181 c2
Event: 0.486 Thread 0x00000000005643d0 DEOPT PACKING pc=0x000000001291fdac sp=0x000000000229e3a0
Event: 0.486 Thread 0x00000000005643d0 DEOPT UNPACKING pc=0x00000000123a46a2 sp=0x000000000229e350 mode 2
Event: 0.521 Thread 0x000000006f9c60b0 Uncommon trap: trap_request=0xffffffbe fr.pc=0x00000000129277e0 relative=0x0000000000000ba0
Event: 0.521 Thread 0x000000006f9c60b0 Uncommon trap: reason=profile_predicate action=maybe_recompile pc=0x00000000129277e0 method=jdk.internal.org.objectweb.asm.ByteVector.putUTF8(Ljava/lang/String;)Ljdk/internal/org/objectweb/asm/ByteVector; @ 79 c2
Event: 0.521 Thread 0x000000006f9c60b0 DEOPT PACKING pc=0x00000000129277e0 sp=0x000000007578d9b0
Event: 0.521 Thread 0x000000006f9c60b0 DEOPT UNPACKING pc=0x00000000123a46a2 sp=0x000000007578d8e8 mode 2
Event: 0.521 Thread 0x000000006f9c60b0 Uncommon trap: trap_request=0xffffffbe fr.pc=0x00000000129277e0 relative=0x0000000000000ba0
Event: 0.521 Thread 0x000000006f9c60b0 Uncommon trap: reason=profile_predicate action=maybe_recompile pc=0x00000000129277e0 method=jdk.internal.org.objectweb.asm.ByteVector.putUTF8(Ljava/lang/String;)Ljdk/internal/org/objectweb/asm/ByteVector; @ 79 c2
Event: 0.521 Thread 0x000000006f9c60b0 DEOPT PACKING pc=0x00000000129277e0 sp=0x000000007578da20
Event: 0.521 Thread 0x000000006f9c60b0 DEOPT UNPACKING pc=0x00000000123a46a2 sp=0x000000007578d958 mode 2
Event: 0.521 Thread 0x000000006f9c60b0 Uncommon trap: trap_request=0xffffffbe fr.pc=0x00000000129277e0 relative=0x0000000000000ba0
Event: 0.521 Thread 0x000000006f9c60b0 Uncommon trap: reason=profile_predicate action=maybe_recompile pc=0x00000000129277e0 method=jdk.internal.org.objectweb.asm.ByteVector.putUTF8(Ljava/lang/String;)Ljdk/internal/org/objectweb/asm/ByteVector; @ 79 c2
Event: 0.521 Thread 0x000000006f9c60b0 DEOPT PACKING pc=0x00000000129277e0 sp=0x000000007578da10
Event: 0.521 Thread 0x000000006f9c60b0 DEOPT UNPACKING pc=0x00000000123a46a2 sp=0x000000007578d948 mode 2
Event: 0.521 Thread 0x000000006f9c60b0 Uncommon trap: trap_request=0xffffffbe fr.pc=0x00000000129277e0 relative=0x0000000000000ba0
Event: 0.521 Thread 0x000000006f9c60b0 Uncommon trap: reason=profile_predicate action=maybe_recompile pc=0x00000000129277e0 method=jdk.internal.org.objectweb.asm.ByteVector.putUTF8(Ljava/lang/String;)Ljdk/internal/org/objectweb/asm/ByteVector; @ 79 c2
Event: 0.521 Thread 0x000000006f9c60b0 DEOPT PACKING pc=0x00000000129277e0 sp=0x000000007578da80
Event: 0.521 Thread 0x000000006f9c60b0 DEOPT UNPACKING pc=0x00000000123a46a2 sp=0x000000007578d9c8 mode 2

Classes loaded (20 events):
Event: 0.582 Loading class sun/awt/image/BufferedImageDevice done
Event: 0.584 Loading class java/awt/print/PrinterGraphics
Event: 0.584 Loading class java/awt/print/PrinterGraphics done
Event: 0.584 Loading class java/awt/PrintGraphics
Event: 0.584 Loading class java/awt/PrintGraphics done
Event: 0.584 Loading class sun/java2d/loops/FontInfo
Event: 0.585 Loading class sun/java2d/loops/FontInfo done
Event: 0.585 Loading class javax/swing/plaf/metal/MetalUtils
Event: 0.585 Loading class javax/swing/plaf/metal/MetalUtils done
Event: 0.585 Loading class javax/swing/JToolBar
Event: 0.585 Loading class javax/swing/JToolBar done
Event: 0.586 Loading class sun/awt/image/ToolkitImage
Event: 0.586 Loading class sun/awt/image/ToolkitImage done
Event: 0.595 Loading class java/awt/DefaultKeyboardFocusManager$DefaultKeyboardFocusManagerSentEvent
Event: 0.595 Loading class java/awt/SentEvent
Event: 0.595 Loading class java/awt/SentEvent done
Event: 0.595 Loading class java/awt/DefaultKeyboardFocusManager$DefaultKeyboardFocusManagerSentEvent done
Event: 0.595 Loading class java/util/ArrayList$ListItr
Event: 0.595 Loading class java/util/ArrayList$ListItr done
Event: 0.596 Loading class java/awt/event/FocusEvent$Cause

Classes unloaded (0 events):
No events

Classes redefined (0 events):
No events

Internal exceptions (20 events):
Event: 0.103 Thread 0x00000000005643d0 Exception <a 'java/lang/NoSuchMethodError'{0x00000000911600b0}: 'java.lang.Object java.lang.invoke.Invokers$Holder.invokeExact_MT(java.lang.Object, java.lang.Object, java.lang.Object, java.lang.Object, java.lang.Object)'> (0x00000000911600b0) 
thrown [s\open\src\hotspot\share\interpreter\linkResolver.cpp, line 774]
Event: 0.121 Thread 0x00000000657d4890 Exception <a 'java/lang/NoSuchMethodError'{0x0000000091184208}: 'void java.lang.invoke.DirectMethodHandle$Holder.invokeStatic(java.lang.Object, java.lang.Object)'> (0x0000000091184208) 
thrown [s\open\src\hotspot\share\interpreter\linkResolver.cpp, line 774]
Event: 0.126 Thread 0x00000000005643d0 Exception <a 'java/lang/NoSuchMethodError'{0x0000000091004860}: 'void java.lang.invoke.DirectMethodHandle$Holder.invokeVirtual(java.lang.Object, java.lang.Object)'> (0x0000000091004860) 
thrown [s\open\src\hotspot\share\interpreter\linkResolver.cpp, line 774]
Event: 0.126 Thread 0x00000000005643d0 Exception <a 'java/lang/NoSuchMethodError'{0x0000000091008010}: 'void java.lang.invoke.DirectMethodHandle$Holder.invokeSpecial(java.lang.Object, java.lang.Object, java.lang.Object)'> (0x0000000091008010) 
thrown [s\open\src\hotspot\share\interpreter\linkResolver.cpp, line 774]
Event: 0.131 Thread 0x00000000005643d0 Exception <a 'java/lang/NoSuchMethodError'{0x000000009101b218}: 'int java.lang.invoke.DirectMethodHandle$Holder.invokeSpecial(java.lang.Object, java.lang.Object, java.lang.Object, int)'> (0x000000009101b218) 
thrown [s\open\src\hotspot\share\interpreter\linkResolver.cpp, line 774]
Event: 0.133 Thread 0x00000000005643d0 Exception <a 'java/lang/NoSuchMethodError'{0x000000009102ded0}: 'java.lang.Object java.lang.invoke.DirectMethodHandle$Holder.invokeStatic(java.lang.Object, java.lang.Object, java.lang.Object, java.lang.Object, int)'> (0x000000009102ded0) 
thrown [s\open\src\hotspot\share\interpreter\linkResolver.cpp, line 774]
Event: 0.134 Thread 0x00000000005643d0 Exception <a 'java/lang/NoSuchMethodError'{0x0000000091036020}: 'long java.lang.invoke.DirectMethodHandle$Holder.invokeStatic(java.lang.Object, java.lang.Object, int)'> (0x0000000091036020) 
thrown [s\open\src\hotspot\share\interpreter\linkResolver.cpp, line 774]
Event: 0.135 Thread 0x00000000005643d0 Exception <a 'java/lang/NoSuchMethodError'{0x00000000910417e0}: 'java.lang.Object java.lang.invoke.DelegatingMethodHandle$Holder.reinvoke_L(java.lang.Object, int, long, java.lang.Object, java.lang.Object, int, java.lang.Object)'> (0x00000000910417e0) 
thrown [s\open\src\hotspot\share\interpreter\linkResolver.cpp, line 774]
Event: 0.137 Thread 0x00000000005643d0 Exception <a 'java/lang/NoSuchMethodError'{0x0000000091053d78}: 'int java.lang.invoke.DirectMethodHandle$Holder.invokeSpecial(java.lang.Object, java.lang.Object, java.lang.Object)'> (0x0000000091053d78) 
thrown [s\open\src\hotspot\share\interpreter\linkResolver.cpp, line 774]
Event: 0.139 Thread 0x00000000005643d0 Exception <a 'java/lang/NoSuchMethodError'{0x000000009106d328}: 'java.lang.Object java.lang.invoke.DirectMethodHandle$Holder.invokeStatic(java.lang.Object, java.lang.Object, int)'> (0x000000009106d328) 
thrown [s\open\src\hotspot\share\interpreter\linkResolver.cpp, line 774]
Event: 0.140 Thread 0x00000000005643d0 Exception <a 'java/lang/NoSuchMethodError'{0x0000000091078e38}: 'void java.lang.invoke.DelegatingMethodHandle$Holder.delegate(java.lang.Object, java.lang.Object, int, java.lang.Object)'> (0x0000000091078e38) 
thrown [s\open\src\hotspot\share\interpreter\linkResolver.cpp, line 774]
Event: 0.147 Thread 0x00000000005643d0 Exception <a 'java/lang/ClassNotFoundException'{0x0000000091089e08}: sun/awt/resources/spi/awtProvider> (0x0000000091089e08) 
thrown [s\open\src\hotspot\share\classfile\systemDictionary.cpp, line 313]
Event: 0.171 Thread 0x00000000005643d0 Exception <a 'java/io/FileNotFoundException'{0x00000000910d82f8}> (0x00000000910d82f8) 
thrown [s\open\src\hotspot\share\prims\jni.cpp, line 520]
Event: 0.175 Thread 0x00000000005643d0 Exception <a 'java/io/FileNotFoundException'{0x0000000090f06df8}> (0x0000000090f06df8) 
thrown [s\open\src\hotspot\share\prims\jni.cpp, line 520]
Event: 0.369 Thread 0x00000000005643d0 Exception <a 'java/lang/NoSuchMethodError'{0x0000000090e44c78}: 'java.lang.Object java.lang.invoke.DirectMethodHandle$Holder.newInvokeSpecial(java.lang.Object, java.lang.Object, java.lang.Object, java.lang.Object, java.lang.Object)'> (0x0000000090e44c78) 
thrown [s\open\src\hotspot\share\interpreter\linkResolver.cpp, line 774]
Event: 0.373 Thread 0x00000000005643d0 Exception <a 'java/lang/NoSuchMethodError'{0x0000000090e717c8}: 'java.lang.Object java.lang.invoke.DirectMethodHandle$Holder.invokeStatic(java.lang.Object, int, java.lang.Object)'> (0x0000000090e717c8) 
thrown [s\open\src\hotspot\share\interpreter\linkResolver.cpp, line 774]
Event: 0.390 Thread 0x00000000005643d0 Exception <a 'java/lang/ClassNotFoundException'{0x0000000090d135e0}: com/sun/swing/internal/plaf/metal/resources/spi/metalProvider> (0x0000000090d135e0) 
thrown [s\open\src\hotspot\share\classfile\systemDictionary.cpp, line 313]
Event: 0.391 Thread 0x00000000005643d0 Exception <a 'java/lang/ClassNotFoundException'{0x0000000090d17540}: com/sun/swing/internal/plaf/basic/resources/spi/basicProvider> (0x0000000090d17540) 
thrown [s\open\src\hotspot\share\classfile\systemDictionary.cpp, line 313]
Event: 0.402 Thread 0x00000000005643d0 Exception <a 'java/lang/NoSuchMethodError'{0x0000000090d33920}: 'int java.lang.invoke.Invokers$Holder.invokeExact_MT(java.lang.Object, java.lang.Object)'> (0x0000000090d33920) 
thrown [s\open\src\hotspot\share\interpreter\linkResolver.cpp, line 774]
Event: 0.445 Thread 0x00000000005643d0 Exception <a 'java/lang/NoSuchMethodError'{0x0000000090d64238}: 'void java.lang.invoke.DirectMethodHandle$Holder.invokeStaticInit(java.lang.Object)'> (0x0000000090d64238) 
thrown [s\open\src\hotspot\share\interpreter\linkResolver.cpp, line 774]

ZGC Phase Switch (0 events):
No events

VM Operations (6 events):
Event: 0.075 Executing VM operation: HandshakeAllThreads (Deoptimize)
Event: 0.075 Executing VM operation: HandshakeAllThreads (Deoptimize) done
Event: 0.187 Executing VM operation: HandshakeAllThreads (Deoptimize)
Event: 0.187 Executing VM operation: HandshakeAllThreads (Deoptimize) done
Event: 0.405 Executing VM operation: HandshakeAllThreads (Deoptimize)
Event: 0.405 Executing VM operation: HandshakeAllThreads (Deoptimize) done

Events (19 events):
Event: 0.038 Thread 0x00000000005643d0 Thread added: 0x00000000005643d0
Event: 0.050 Thread 0x000000001f7c5980 Thread added: 0x000000001f7c5980
Event: 0.050 Thread 0x000000001f7c66a0 Thread added: 0x000000001f7c66a0
Event: 0.050 Thread 0x000000001f7c9520 Thread added: 0x000000001f7c9520
Event: 0.050 Thread 0x000000001f7c9f80 Thread added: 0x000000001f7c9f80
Event: 0.050 Thread 0x000000001f7ceb70 Thread added: 0x000000001f7ceb70
Event: 0.051 Thread 0x000000001f7d8430 Thread added: 0x000000001f7d8430
Event: 0.051 Thread 0x000000001f7e1300 Thread added: 0x000000001f7e1300
Event: 0.051 Thread 0x000000001f7e1ee0 Thread added: 0x000000001f7e1ee0
Event: 0.069 Thread 0x0000000065690d80 Thread added: 0x0000000065690d80
Event: 0.107 Thread 0x00000000657d4890 Thread added: 0x00000000657d4890
Event: 0.107 Thread 0x00000000657d4f00 Thread added: 0x00000000657d4f00
Event: 0.239 Thread 0x0000000065938da0 Thread added: 0x0000000065938da0
Event: 0.240 Thread 0x000000006593c350 Thread added: 0x000000006593c350
Event: 0.241 Thread 0x000000006593f900 Thread added: 0x000000006593f900
Event: 0.421 Thread 0x000000006f9c60b0 Thread added: 0x000000006f9c60b0
Event: 0.518 Thread 0x00000000005643d0 Thread exited: 0x00000000005643d0
Event: 0.518 Thread 0x00000000005643d0 Thread added: 0x00000000005643d0
Event: 0.522 Thread 0x0000000065771230 Thread added: 0x0000000065771230


Dynamic libraries:
0x00007ff6faa00000 - 0x00007ff6faa0e000 	C:\Users\Любовь\.jdks\openjdk-22.0.1\bin\java.exe
0x00007ffc7fdf0000 - 0x00007ffc80007000 	C:\WINDOWS\SYSTEM32\ntdll.dll
0x00007ffc7e6c0000 - 0x00007ffc7e784000 	C:\WINDOWS\System32\KERNEL32.DLL
0x00007ffc7d140000 - 0x00007ffc7d4e7000 	C:\WINDOWS\System32\KERNELBASE.dll
0x00007ffc7d630000 - 0x00007ffc7d741000 	C:\WINDOWS\System32\ucrtbase.dll
0x00007ffc7a370000 - 0x00007ffc7a387000 	C:\Users\Любовь\.jdks\openjdk-22.0.1\bin\jli.dll
0x00007ffc7a3f0000 - 0x00007ffc7a40b000 	C:\Users\Любовь\.jdks\openjdk-22.0.1\bin\VCRUNTIME140.dll
0x00007ffc7fab0000 - 0x00007ffc7fc5e000 	C:\WINDOWS\System32\USER32.dll
0x00007ffc6ba90000 - 0x00007ffc6bd23000 	C:\WINDOWS\WinSxS\amd64_microsoft.windows.common-controls_6595b64144ccf1df_6.0.22621.3527_none_270e469b73872a76\COMCTL32.dll
0x00007ffc7d110000 - 0x00007ffc7d136000 	C:\WINDOWS\System32\win32u.dll
0x00007ffc7fd80000 - 0x00007ffc7fda9000 	C:\WINDOWS\System32\GDI32.dll
0x00007ffc7e520000 - 0x00007ffc7e5c7000 	C:\WINDOWS\System32\msvcrt.dll
0x00007ffc7da00000 - 0x00007ffc7db19000 	C:\WINDOWS\System32\gdi32full.dll
0x00007ffc7d520000 - 0x00007ffc7d5ba000 	C:\WINDOWS\System32\msvcp_win.dll
0x00007ffc7e5d0000 - 0x00007ffc7e601000 	C:\WINDOWS\System32\IMM32.DLL
0x00007ffc7a3e0000 - 0x00007ffc7a3ec000 	C:\Users\Любовь\.jdks\openjdk-22.0.1\bin\vcruntime140_1.dll
0x00007ffc6ed50000 - 0x00007ffc6edde000 	C:\Users\Любовь\.jdks\openjdk-22.0.1\bin\msvcp140.dll
0x00007ffc4cf60000 - 0x00007ffc4dca7000 	C:\Users\Любовь\.jdks\openjdk-22.0.1\bin\server\jvm.dll
0x00007ffc7f0e0000 - 0x00007ffc7f192000 	C:\WINDOWS\System32\ADVAPI32.dll
0x00007ffc7e610000 - 0x00007ffc7e6b8000 	C:\WINDOWS\System32\sechost.dll
0x00007ffc7d4f0000 - 0x00007ffc7d518000 	C:\WINDOWS\System32\bcrypt.dll
0x00007ffc7fc60000 - 0x00007ffc7fd75000 	C:\WINDOWS\System32\RPCRT4.dll
0x00007ffc7f5a0000 - 0x00007ffc7f611000 	C:\WINDOWS\System32\WS2_32.dll
0x00007ffc7cfd0000 - 0x00007ffc7d01d000 	C:\WINDOWS\SYSTEM32\POWRPROF.dll
0x00007ffc75890000 - 0x00007ffc758c4000 	C:\WINDOWS\SYSTEM32\WINMM.dll
0x00007ffc750b0000 - 0x00007ffc750ba000 	C:\WINDOWS\SYSTEM32\VERSION.dll
0x00007ffc7cfb0000 - 0x00007ffc7cfc3000 	C:\WINDOWS\SYSTEM32\UMPDC.dll
0x00007ffc7c0d0000 - 0x00007ffc7c0e8000 	C:\WINDOWS\SYSTEM32\kernel.appcore.dll
0x00007ffc786b0000 - 0x00007ffc786ba000 	C:\Users\Любовь\.jdks\openjdk-22.0.1\bin\jimage.dll
0x00007ffc74220000 - 0x00007ffc74452000 	C:\WINDOWS\SYSTEM32\DBGHELP.DLL
0x00007ffc7f1a0000 - 0x00007ffc7f528000 	C:\WINDOWS\System32\combase.dll
0x00007ffc7f9c0000 - 0x00007ffc7fa97000 	C:\WINDOWS\System32\OLEAUT32.dll
0x00007ffc35060000 - 0x00007ffc35092000 	C:\WINDOWS\SYSTEM32\dbgcore.DLL
0x00007ffc7d810000 - 0x00007ffc7d889000 	C:\WINDOWS\System32\bcryptPrimitives.dll
0x00007ffc78580000 - 0x00007ffc7858f000 	C:\Users\Любовь\.jdks\openjdk-22.0.1\bin\instrument.dll
0x00007ffc76d70000 - 0x00007ffc76d8e000 	C:\Users\Любовь\.jdks\openjdk-22.0.1\bin\java.dll
0x00007ffc7e790000 - 0x00007ffc7efec000 	C:\WINDOWS\System32\SHELL32.dll
0x00007ffc7f780000 - 0x00007ffc7f925000 	C:\WINDOWS\System32\ole32.dll
0x00007ffc7b050000 - 0x00007ffc7b946000 	C:\WINDOWS\SYSTEM32\windows.storage.dll
0x00007ffc7af10000 - 0x00007ffc7b04e000 	C:\WINDOWS\SYSTEM32\wintypes.dll
0x00007ffc7e420000 - 0x00007ffc7e515000 	C:\WINDOWS\System32\SHCORE.dll
0x00007ffc7f940000 - 0x00007ffc7f99e000 	C:\WINDOWS\System32\shlwapi.dll
0x00007ffc7d040000 - 0x00007ffc7d061000 	C:\WINDOWS\SYSTEM32\profapi.dll
0x00007ffc6a2e0000 - 0x00007ffc6a3b7000 	C:\Users\Любовь\.jdks\openjdk-22.0.1\bin\jsvml.dll
0x00007ffc76870000 - 0x00007ffc76887000 	C:\Users\Любовь\.jdks\openjdk-22.0.1\bin\zip.dll
0x00007ffc76d20000 - 0x00007ffc76d30000 	C:\Users\Любовь\.jdks\openjdk-22.0.1\bin\net.dll
0x00007ffc7c5a0000 - 0x00007ffc7c609000 	C:\WINDOWS\system32\mswsock.dll
0x00007ffc769c0000 - 0x00007ffc769d6000 	C:\Users\Любовь\.jdks\openjdk-22.0.1\bin\nio.dll
0x00007ffc76840000 - 0x00007ffc7685a000 	C:\Program Files\JetBrains\IntelliJ IDEA Community Edition 2024.1.1\bin\breakgen64.dll
0x00007ffc76af0000 - 0x00007ffc76af9000 	C:\Users\Любовь\.jdks\openjdk-22.0.1\bin\extnet.dll
0x00007ffc4b700000 - 0x00007ffc4b88d000 	C:\Users\Любовь\.jdks\openjdk-22.0.1\bin\awt.dll
0x00007ffc7a480000 - 0x00007ffc7a517000 	C:\WINDOWS\SYSTEM32\apphelp.dll
0x00007ffc7a990000 - 0x00007ffc7a9bb000 	C:\WINDOWS\system32\DWMAPI.DLL
0x00007ffc7a650000 - 0x00007ffc7a6fb000 	C:\WINDOWS\system32\uxtheme.dll
0x00007ffc355f0000 - 0x00007ffc356f0000 	C:\WINDOWS\system32\opengl32.dll
0x00007ffc35140000 - 0x00007ffc3516d000 	C:\WINDOWS\SYSTEM32\GLU32.dll
0x00007ffc7a750000 - 0x00007ffc7a789000 	C:\WINDOWS\SYSTEM32\dxcore.dll
0x00007ffc7f620000 - 0x00007ffc7f773000 	C:\WINDOWS\System32\MSCTF.dll
0x00007ffc3f230000 - 0x00007ffc3f3d9000 	C:\WINDOWS\system32\d3d9.dll
0x00007ffc716d0000 - 0x00007ffc7188b000 	C:\WINDOWS\System32\DriverStore\FileRepository\u0397033.inf_amd64_bf2b1fc18ba7195d\B396953\aticfx64.dll
0x00007ffc75b30000 - 0x00007ffc75b64000 	C:\WINDOWS\System32\DriverStore\FileRepository\u0397033.inf_amd64_bf2b1fc18ba7195d\B396953\atiu9p64.dll
0x00007ffc47090000 - 0x00007ffc47dd7000 	C:\WINDOWS\System32\DriverStore\FileRepository\u0397033.inf_amd64_bf2b1fc18ba7195d\B396953\atiumd64.dll
0x000000006e6d0000 - 0x000000006f5e3000 	C:\WINDOWS\System32\DriverStore\FileRepository\u0397033.inf_amd64_bf2b1fc18ba7195d\B396953\atiumd6a.dll
0x00007ffc7dd60000 - 0x00007ffc7e1d4000 	C:\WINDOWS\System32\SETUPAPI.dll
0x00007ffc72a20000 - 0x00007ffc72a55000 	C:\WINDOWS\SYSTEM32\amdihk64.dll
0x00007ffc759b0000 - 0x00007ffc759fa000 	C:\WINDOWS\SYSTEM32\directxdatabasehelper.dll
0x00007ffc6a1e0000 - 0x00007ffc6a267000 	C:\Users\Любовь\.jdks\openjdk-22.0.1\bin\freetype.dll
0x00007ffc6a010000 - 0x00007ffc6a0e7000 	C:\Users\Любовь\.jdks\openjdk-22.0.1\bin\fontmanager.dll
0x00007ffc6beb0000 - 0x00007ffc6bffb000 	C:\WINDOWS\SYSTEM32\textinputframework.dll

dbghelp: loaded successfully - version: 4.0.5 - missing functions: none
symbol engine: initialized successfully - sym options: 0x614 - pdb path: .;C:\Users\Любовь\.jdks\openjdk-22.0.1\bin;C:\WINDOWS\SYSTEM32;C:\WINDOWS\WinSxS\amd64_microsoft.windows.common-controls_6595b64144ccf1df_6.0.22621.3527_none_270e469b73872a76;C:\Users\Любовь\.jdks\openjdk-22.0.1\bin\server;C:\Program Files\JetBrains\IntelliJ IDEA Community Edition 2024.1.1\bin;C:\WINDOWS\System32\DriverStore\FileRepository\u0397033.inf_amd64_bf2b1fc18ba7195d\B396953

VM Arguments:
jvm_args: -javaagent:C:\Program Files\JetBrains\IntelliJ IDEA Community Edition 2024.1.1\lib\idea_rt.jar=59572:C:\Program Files\JetBrains\IntelliJ IDEA Community Edition 2024.1.1\bin -Dfile.encoding=UTF-8 -Dsun.stdout.encoding=UTF-8 -Dsun.stderr.encoding=UTF-8 
java_command: Main
java_class_path (initial): C:\Users\Любовь\IdeaProjects\VKC\out\production\VKC
Launcher Type: SUN_STANDARD

[Global flags]
     intx CICompilerCount                          = 4                                         {product} {ergonomic}
     uint ConcGCThreads                            = 3                                         {product} {ergonomic}
     uint G1ConcRefinementThreads                  = 10                                        {product} {ergonomic}
   size_t G1HeapRegionSize                         = 1048576                                   {product} {ergonomic}
   size_t InitialHeapSize                          = 125829120                                 {product} {ergonomic}
   size_t MarkStackSize                            = 4194304                                   {product} {ergonomic}
   size_t MaxHeapSize                              = 1983905792                                {product} {ergonomic}
   size_t MaxNewSize                               = 1190133760                                {product} {ergonomic}
   size_t MinHeapDeltaBytes                        = 1048576                                   {product} {ergonomic}
   size_t MinHeapSize                              = 8388608                                   {product} {ergonomic}
    uintx NonNMethodCodeHeapSize                   = 5839372                                {pd product} {ergonomic}
    uintx NonProfiledCodeHeapSize                  = 122909434                              {pd product} {ergonomic}
    uintx ProfiledCodeHeapSize                     = 122909434                              {pd product} {ergonomic}
    uintx ReservedCodeCacheSize                    = 251658240                              {pd product} {ergonomic}
     bool SegmentedCodeCache                       = true                                      {product} {ergonomic}
   size_t SoftMaxHeapSize                          = 1983905792                             {manageable} {ergonomic}
     bool UseCompressedOops                        = true                           {product lp64_product} {ergonomic}
     bool UseG1GC                                  = true                                      {product} {ergonomic}
     bool UseLargePagesIndividualAllocation        = false                                  {pd product} {ergonomic}

Logging:
Log output configuration:
 #0: stdout all=warning uptime,level,tags foldmultilines=false
 #1: stderr all=off uptime,level,tags foldmultilines=false

Environment Variables:
PATH=C:\Program Files (x86)\Embarcadero\Studio\22.0\bin;C:\Users\Public\Documents\Embarcadero\Studio\22.0\Bpl;C:\Program Files (x86)\Embarcadero\Studio\22.0\bin64;C:\Users\Public\Documents\Embarcadero\Studio\22.0\Bpl\Win64;C:\WINDOWS\system32;C:\WINDOWS;C:\WINDOWS\System32\Wbem;C:\WINDOWS\System32\WindowsPowerShell\v1.0\;C:\WINDOWS\System32\OpenSSH\;C:\Program Files\dotnet\;C:\Program Files (x86)\Windows Kits\10\Windows Performance Toolkit\;C:\Program Files\Git\cmd;C:\Program Files\nodejs\;C:\Users\Любовь\AppData\Local\Microsoft\WindowsApps;C:\Users\Любовь\.dotnet\tools;C:\Users\Любовь\AppData\Local\Programs\Microsoft VS Code\bin;C:\Users\Любовь\AppData\Roaming\npm
USERNAME=Любовь
OS=Windows_NT
PROCESSOR_IDENTIFIER=AMD64 Family 25 Model 80 Stepping 0, AuthenticAMD
TMP=C:\Users\E151~1\AppData\Local\Temp
TEMP=C:\Users\E151~1\AppData\Local\Temp




Periodic native trim disabled

---------------  S Y S T E M  ---------------

OS:
 Windows 11 , 64 bit Build 22621 (10.0.22621.3527)
OS uptime: 0 days 10:58 hours

CPU: total 12 (initial active 12) (12 cores per cpu, 2 threads per core) family 25 model 80 stepping 0 microcode 0x0, cx8, cmov, fxsr, ht, mmx, 3dnowpref, sse, sse2, sse3, ssse3, sse4a, sse4.1, sse4.2, popcnt, lzcnt, tsc, tscinvbit, avx, avx2, aes, erms, clmul, bmi1, bmi2, adx, sha, fma, vzeroupper, clflush, clflushopt, rdtscp, rdpid, fsrm, f16c, pku, cet_ss
Processor Information for all 12 processors :
  Max Mhz: 2301, Current Mhz: 2301, Mhz Limit: 2301

Memory: 4k page, system-wide physical 7561M (243M free)
TotalPageFile size 11561M (AvailPageFile size 2M)
current process WorkingSet (physical memory assigned to process): 80M, peak: 80M
current process commit charge ("private bytes"): 243M, peak: 244M

vm_info: OpenJDK 64-Bit Server VM (22.0.1+8-16) for windows-amd64 JRE (22.0.1+8-16), built on 2024-03-12T10:33:16Z by "mach5one" with MS VC++ 17.6 (VS2022)

END.
