#
# There is insufficient memory for the Java Runtime Environment to continue.
# Native memory allocation (mmap) failed to map 65536 bytes. Error detail: Failed to commit metaspace.
# Possible reasons:
#   The system is out of physical RAM or swap space
#   This process is running with CompressedOops enabled, and the Java Heap may be blocking the growth of the native heap
# Possible solutions:
#   Reduce memory load on the system
#   Increase physical memory or swap space
#   Check if swap backing store is full
#   Decrease Java heap size (-Xmx/-Xms)
#   Decrease number of Java threads
#   Decrease Java thread stack sizes (-Xss)
#   Set larger code cache with -XX:ReservedCodeCacheSize=
#   JVM is running with Unscaled Compressed Oops mode in which the Java heap is
#     placed in the first 4GB address space. The Java Heap base address is the
#     maximum limit for the native heap growth. Please use -XX:HeapBaseMinAddress
#     to set the Java Heap base and to place the Java Heap above 4GB virtual address.
# This output file may be truncated or incomplete.
#
#  Out of Memory Error (virtualSpaceNode.cpp:112), pid=4616, tid=12540
#
# JRE version: OpenJDK Runtime Environment (22.0.1+8) (build 22.0.1+8-16)
# Java VM: OpenJDK 64-Bit Server VM (22.0.1+8-16, mixed mode, sharing, tiered, compressed oops, compressed class ptrs, g1 gc, windows-amd64)
# No core dump will be written. Minidumps are not enabled by default on client versions of Windows
#

---------------  S U M M A R Y ------------

Command Line: -javaagent:C:\Program Files\JetBrains\IntelliJ IDEA Community Edition 2024.1.1\lib\idea_rt.jar=61556:C:\Program Files\JetBrains\IntelliJ IDEA Community Edition 2024.1.1\bin -Dfile.encoding=UTF-8 -Dsun.stdout.encoding=UTF-8 -Dsun.stderr.encoding=UTF-8 Main

Host: AMD Ryzen 5 5625U with Radeon Graphics         , 12 cores, 7G,  Windows 11 , 64 bit Build 22621 (10.0.22621.3527)
Time: Sat May 25 23:42:11 2024 RTZ 7 (s 11 , 64 bit Build 22621 (10.0.22621.3527) elapsed time: 1.955848 seconds (0d 0h 0m 1s)

---------------  T H R E A D  ---------------

Current thread (0x000000001f809550):  JavaThread "C1 CompilerThread0" daemon [_thread_in_vm, id=12540, stack(0x0000000065500000,0x0000000065600000) (1024K)]


Current CompileTask:
C1:1955 1283  s    3       java.lang.StringBuffer::toString (34 bytes)

Stack: [0x0000000065500000,0x0000000065600000]
Native frames: (J=compiled Java code, j=interpreted, Vv=VM code, C=native code)
V  [jvm.dll+0x6e2279]  (no source info available)
V  [jvm.dll+0x874e33]  (no source info available)
V  [jvm.dll+0x87725e]  (no source info available)
V  [jvm.dll+0x877933]  (no source info available)
V  [jvm.dll+0x27fd76]  (no source info available)
V  [jvm.dll+0x870a7e]  (no source info available)
V  [jvm.dll+0x6852e5]  (no source info available)
V  [jvm.dll+0x68534a]  (no source info available)
V  [jvm.dll+0x687b8a]  (no source info available)
V  [jvm.dll+0x2250ac]  (no source info available)
V  [jvm.dll+0x685cfe]  (no source info available)
V  [jvm.dll+0x6973da]  (no source info available)
V  [jvm.dll+0x690262]  (no source info available)
V  [jvm.dll+0x1f1c60]  (no source info available)
V  [jvm.dll+0x1f1e48]  (no source info available)
V  [jvm.dll+0x153462]  (no source info available)
V  [jvm.dll+0x1538a0]  (no source info available)
V  [jvm.dll+0x152c1d]  (no source info available)
V  [jvm.dll+0x154add]  (no source info available)
V  [jvm.dll+0x2569fe]  (no source info available)
V  [jvm.dll+0x254cba]  (no source info available)
V  [jvm.dll+0x3f5336]  (no source info available)
V  [jvm.dll+0x81d44b]  (no source info available)
V  [jvm.dll+0x6e0915]  (no source info available)
C  [ucrtbase.dll+0x29333]  (no source info available)
C  [KERNEL32.DLL+0x1257d]  (no source info available)
C  [ntdll.dll+0x5aa48]  (no source info available)


---------------  P R O C E S S  ---------------

Threads class SMR info:
_java_thread_list=0x0000000065831200, length=18, elements={
0x000000001f7f0980, 0x000000001f7f16a0, 0x000000001f7f5050, 0x000000001f7f5ab0,
0x000000001f7f8e30, 0x000000001f7fcd90, 0x000000001f804a90, 0x000000001f809550,
0x000000001f7c07e0, 0x00000000658a0270, 0x00000000658a08e0, 0x0000000065961e70,
0x0000000065965420, 0x0000000065969160, 0x0000000065795fb0, 0x00000000005a2cc0,
0x00000000657c4410, 0x000000006fca3600
}

Java Threads: ( => current thread )
  0x000000001f7f0980 JavaThread "Reference Handler"          daemon [_thread_blocked, id=6792, stack(0x000000001fd60000,0x000000001fe60000) (1024K)]
  0x000000001f7f16a0 JavaThread "Finalizer"                  daemon [_thread_blocked, id=12688, stack(0x000000001fe60000,0x000000001ff60000) (1024K)]
  0x000000001f7f5050 JavaThread "Signal Dispatcher"          daemon [_thread_blocked, id=2100, stack(0x0000000065000000,0x0000000065100000) (1024K)]
  0x000000001f7f5ab0 JavaThread "Attach Listener"            daemon [_thread_blocked, id=2832, stack(0x0000000065100000,0x0000000065200000) (1024K)]
  0x000000001f7f8e30 JavaThread "Service Thread"             daemon [_thread_blocked, id=6432, stack(0x0000000065200000,0x0000000065300000) (1024K)]
  0x000000001f7fcd90 JavaThread "Monitor Deflation Thread"   daemon [_thread_blocked, id=2984, stack(0x0000000065300000,0x0000000065400000) (1024K)]
  0x000000001f804a90 JavaThread "C2 CompilerThread0"         daemon [_thread_blocked, id=13988, stack(0x0000000065400000,0x0000000065500000) (1024K)]
=>0x000000001f809550 JavaThread "C1 CompilerThread0"         daemon [_thread_in_vm, id=12540, stack(0x0000000065500000,0x0000000065600000) (1024K)]
  0x000000001f7c07e0 JavaThread "Common-Cleaner"             daemon [_thread_blocked, id=13560, stack(0x0000000065a00000,0x0000000065b00000) (1024K)]
  0x00000000658a0270 JavaThread "Monitor Ctrl-Break"         daemon [_thread_in_native, id=12448, stack(0x0000000065b00000,0x0000000065c00000) (1024K)]
  0x00000000658a08e0 JavaThread "Notification Thread"        daemon [_thread_blocked, id=3468, stack(0x0000000065c00000,0x0000000065d00000) (1024K)]
  0x0000000065961e70 JavaThread "Java2D Disposer"            daemon [_thread_blocked, id=13884, stack(0x000000006e0e0000,0x000000006e1e0000) (1024K)]
  0x0000000065965420 JavaThread "AWT-Shutdown"                      [_thread_blocked, id=10200, stack(0x000000006e1e0000,0x000000006e2e0000) (1024K)]
  0x0000000065969160 JavaThread "AWT-Windows"                daemon [_thread_in_native, id=5144, stack(0x000000006e2e0000,0x000000006e3e0000) (1024K)]
  0x0000000065795fb0 JavaThread "AWT-EventQueue-0"                  [_thread_in_vm, id=8108, stack(0x0000000075690000,0x0000000075790000) (1024K)]
  0x00000000005a2cc0 JavaThread "DestroyJavaVM"                     [_thread_blocked, id=4076, stack(0x00000000009f0000,0x0000000000af0000) (1024K)]
  0x00000000657c4410 JavaThread "D3D Screen Updater"         daemon [_thread_blocked, id=12344, stack(0x0000000075890000,0x0000000075990000) (1024K)]
  0x000000006fca3600 JavaThread "C2 CompilerThread1"         daemon [_thread_blocked, id=9320, stack(0x0000000076d90000,0x0000000076e90000) (1024K)]
Total: 18

Other Threads:
  0x000000001f7d6a80 VMThread "VM Thread"                           [id=14020, stack(0x000000001fb50000,0x000000001fc50000) (1024K)]
  0x000000001f7bdbd0 WatcherThread "VM Periodic Task Thread"        [id=8980, stack(0x000000001fa50000,0x000000001fb50000) (1024K)]
  0x0000000002b4f0a0 WorkerThread "GC Thread#0"                     [id=14268, stack(0x000000001c8a0000,0x000000001c9a0000) (1024K)]
  0x0000000002b5eec0 ConcurrentGCThread "G1 Main Marker"            [id=12792, stack(0x000000001c9a0000,0x000000001caa0000) (1024K)]
  0x0000000002b60170 WorkerThread "G1 Conc#0"                       [id=11132, stack(0x000000001caa0000,0x000000001cba0000) (1024K)]
  0x0000000002bbe7d0 ConcurrentGCThread "G1 Refine#0"               [id=2600, stack(0x000000001f850000,0x000000001f950000) (1024K)]
  0x000000001f693560 ConcurrentGCThread "G1 Service"                [id=7764, stack(0x000000001f950000,0x000000001fa50000) (1024K)]
Total: 7

Threads with active compile tasks:
C1 CompilerThread0  1978 1283  s    3       java.lang.StringBuffer::toString (34 bytes)
Total: 1

VM state: not at safepoint (normal execution)

VM Mutex/Monitor currently owned by a thread:  ([mutex/lock_event])
[0x00007ffc4d2c9b38] Metaspace_lock - owner thread: 0x000000001f809550

Heap address: 0x0000000089c00000, size: 1892 MB, Compressed Oops mode: 32-bit

CDS archive(s) mapped at: [0x0000000020000000-0x0000000020c50000-0x0000000020c50000), size 12910592, SharedBaseAddress: 0x0000000020000000, ArchiveRelocationMode: 1.
Compressed class space mapped at: 0x0000000021000000-0x0000000061000000, reserved size: 1073741824
Narrow klass base: 0x0000000000000000, Narrow klass shift: 0, Narrow klass range: 0x61000000

GC Precious Log:
 CardTable entry size: 512
 Card Set container configuration: InlinePtr #cards 5 size 8 Array Of Cards #cards 12 size 40 Howl #buckets 4 coarsen threshold 1843 Howl Bitmap #cards 512 size 80 coarsen threshold 460 Card regions per heap region 1 cards per card region 2048
 CPUs: 12 total, 12 available
 Memory: 7561M
 Large Page Support: Disabled
 NUMA Support: Disabled
 Compressed Oops: Enabled (32-bit)
 Heap Region Size: 1M
 Heap Min Capacity: 8M
 Heap Initial Capacity: 120M
 Heap Max Capacity: 1892M
 Pre-touch: Disabled
 Parallel Workers: 10
 Concurrent Workers: 3
 Concurrent Refinement Workers: 10
 Periodic GC: Disabled

Heap:
 garbage-first heap   total reserved 1937408K, committed 122880K, used 11264K [0x0000000089c00000, 0x0000000100000000)
  region size 1024K, 12 young (12288K), 0 survivors (0K)
 Metaspace       used 9443K, committed 9728K, reserved 1114112K
  class space    used 1083K, committed 1216K, reserved 1048576K

Heap Regions: E=young(eden), S=young(survivor), O=old, HS=humongous(starts), HC=humongous(continues), CS=collection set, F=free, TAMS=top-at-mark-start, PB=parsable bottom
|   0|0x0000000089c00000, 0x0000000089c00000, 0x0000000089d00000|  0%| F|  |TAMS 0x0000000089c00000| PB 0x0000000089c00000| Untracked |  0
|   1|0x0000000089d00000, 0x0000000089d00000, 0x0000000089e00000|  0%| F|  |TAMS 0x0000000089d00000| PB 0x0000000089d00000| Untracked |  0
|   2|0x0000000089e00000, 0x0000000089e00000, 0x0000000089f00000|  0%| F|  |TAMS 0x0000000089e00000| PB 0x0000000089e00000| Untracked |  0
|   3|0x0000000089f00000, 0x0000000089f00000, 0x000000008a000000|  0%| F|  |TAMS 0x0000000089f00000| PB 0x0000000089f00000| Untracked |  0
|   4|0x000000008a000000, 0x000000008a000000, 0x000000008a100000|  0%| F|  |TAMS 0x000000008a000000| PB 0x000000008a000000| Untracked |  0
|   5|0x000000008a100000, 0x000000008a100000, 0x000000008a200000|  0%| F|  |TAMS 0x000000008a100000| PB 0x000000008a100000| Untracked |  0
|   6|0x000000008a200000, 0x000000008a200000, 0x000000008a300000|  0%| F|  |TAMS 0x000000008a200000| PB 0x000000008a200000| Untracked |  0
|   7|0x000000008a300000, 0x000000008a300000, 0x000000008a400000|  0%| F|  |TAMS 0x000000008a300000| PB 0x000000008a300000| Untracked |  0
|   8|0x000000008a400000, 0x000000008a400000, 0x000000008a500000|  0%| F|  |TAMS 0x000000008a400000| PB 0x000000008a400000| Untracked |  0
|   9|0x000000008a500000, 0x000000008a500000, 0x000000008a600000|  0%| F|  |TAMS 0x000000008a500000| PB 0x000000008a500000| Untracked |  0
|  10|0x000000008a600000, 0x000000008a600000, 0x000000008a700000|  0%| F|  |TAMS 0x000000008a600000| PB 0x000000008a600000| Untracked |  0
|  11|0x000000008a700000, 0x000000008a700000, 0x000000008a800000|  0%| F|  |TAMS 0x000000008a700000| PB 0x000000008a700000| Untracked |  0
|  12|0x000000008a800000, 0x000000008a800000, 0x000000008a900000|  0%| F|  |TAMS 0x000000008a800000| PB 0x000000008a800000| Untracked |  0
|  13|0x000000008a900000, 0x000000008a900000, 0x000000008aa00000|  0%| F|  |TAMS 0x000000008a900000| PB 0x000000008a900000| Untracked |  0
|  14|0x000000008aa00000, 0x000000008aa00000, 0x000000008ab00000|  0%| F|  |TAMS 0x000000008aa00000| PB 0x000000008aa00000| Untracked |  0
|  15|0x000000008ab00000, 0x000000008ab00000, 0x000000008ac00000|  0%| F|  |TAMS 0x000000008ab00000| PB 0x000000008ab00000| Untracked |  0
|  16|0x000000008ac00000, 0x000000008ac00000, 0x000000008ad00000|  0%| F|  |TAMS 0x000000008ac00000| PB 0x000000008ac00000| Untracked |  0
|  17|0x000000008ad00000, 0x000000008ad00000, 0x000000008ae00000|  0%| F|  |TAMS 0x000000008ad00000| PB 0x000000008ad00000| Untracked |  0
|  18|0x000000008ae00000, 0x000000008ae00000, 0x000000008af00000|  0%| F|  |TAMS 0x000000008ae00000| PB 0x000000008ae00000| Untracked |  0
|  19|0x000000008af00000, 0x000000008af00000, 0x000000008b000000|  0%| F|  |TAMS 0x000000008af00000| PB 0x000000008af00000| Untracked |  0
|  20|0x000000008b000000, 0x000000008b000000, 0x000000008b100000|  0%| F|  |TAMS 0x000000008b000000| PB 0x000000008b000000| Untracked |  0
|  21|0x000000008b100000, 0x000000008b100000, 0x000000008b200000|  0%| F|  |TAMS 0x000000008b100000| PB 0x000000008b100000| Untracked |  0
|  22|0x000000008b200000, 0x000000008b200000, 0x000000008b300000|  0%| F|  |TAMS 0x000000008b200000| PB 0x000000008b200000| Untracked |  0
|  23|0x000000008b300000, 0x000000008b300000, 0x000000008b400000|  0%| F|  |TAMS 0x000000008b300000| PB 0x000000008b300000| Untracked |  0
|  24|0x000000008b400000, 0x000000008b400000, 0x000000008b500000|  0%| F|  |TAMS 0x000000008b400000| PB 0x000000008b400000| Untracked |  0
|  25|0x000000008b500000, 0x000000008b500000, 0x000000008b600000|  0%| F|  |TAMS 0x000000008b500000| PB 0x000000008b500000| Untracked |  0
|  26|0x000000008b600000, 0x000000008b600000, 0x000000008b700000|  0%| F|  |TAMS 0x000000008b600000| PB 0x000000008b600000| Untracked |  0
|  27|0x000000008b700000, 0x000000008b700000, 0x000000008b800000|  0%| F|  |TAMS 0x000000008b700000| PB 0x000000008b700000| Untracked |  0
|  28|0x000000008b800000, 0x000000008b800000, 0x000000008b900000|  0%| F|  |TAMS 0x000000008b800000| PB 0x000000008b800000| Untracked |  0
|  29|0x000000008b900000, 0x000000008b900000, 0x000000008ba00000|  0%| F|  |TAMS 0x000000008b900000| PB 0x000000008b900000| Untracked |  0
|  30|0x000000008ba00000, 0x000000008ba00000, 0x000000008bb00000|  0%| F|  |TAMS 0x000000008ba00000| PB 0x000000008ba00000| Untracked |  0
|  31|0x000000008bb00000, 0x000000008bb00000, 0x000000008bc00000|  0%| F|  |TAMS 0x000000008bb00000| PB 0x000000008bb00000| Untracked |  0
|  32|0x000000008bc00000, 0x000000008bc00000, 0x000000008bd00000|  0%| F|  |TAMS 0x000000008bc00000| PB 0x000000008bc00000| Untracked |  0
|  33|0x000000008bd00000, 0x000000008bd00000, 0x000000008be00000|  0%| F|  |TAMS 0x000000008bd00000| PB 0x000000008bd00000| Untracked |  0
|  34|0x000000008be00000, 0x000000008be00000, 0x000000008bf00000|  0%| F|  |TAMS 0x000000008be00000| PB 0x000000008be00000| Untracked |  0
|  35|0x000000008bf00000, 0x000000008bf00000, 0x000000008c000000|  0%| F|  |TAMS 0x000000008bf00000| PB 0x000000008bf00000| Untracked |  0
|  36|0x000000008c000000, 0x000000008c000000, 0x000000008c100000|  0%| F|  |TAMS 0x000000008c000000| PB 0x000000008c000000| Untracked |  0
|  37|0x000000008c100000, 0x000000008c100000, 0x000000008c200000|  0%| F|  |TAMS 0x000000008c100000| PB 0x000000008c100000| Untracked |  0
|  38|0x000000008c200000, 0x000000008c200000, 0x000000008c300000|  0%| F|  |TAMS 0x000000008c200000| PB 0x000000008c200000| Untracked |  0
|  39|0x000000008c300000, 0x000000008c300000, 0x000000008c400000|  0%| F|  |TAMS 0x000000008c300000| PB 0x000000008c300000| Untracked |  0
|  40|0x000000008c400000, 0x000000008c400000, 0x000000008c500000|  0%| F|  |TAMS 0x000000008c400000| PB 0x000000008c400000| Untracked |  0
|  41|0x000000008c500000, 0x000000008c500000, 0x000000008c600000|  0%| F|  |TAMS 0x000000008c500000| PB 0x000000008c500000| Untracked |  0
|  42|0x000000008c600000, 0x000000008c600000, 0x000000008c700000|  0%| F|  |TAMS 0x000000008c600000| PB 0x000000008c600000| Untracked |  0
|  43|0x000000008c700000, 0x000000008c700000, 0x000000008c800000|  0%| F|  |TAMS 0x000000008c700000| PB 0x000000008c700000| Untracked |  0
|  44|0x000000008c800000, 0x000000008c800000, 0x000000008c900000|  0%| F|  |TAMS 0x000000008c800000| PB 0x000000008c800000| Untracked |  0
|  45|0x000000008c900000, 0x000000008c900000, 0x000000008ca00000|  0%| F|  |TAMS 0x000000008c900000| PB 0x000000008c900000| Untracked |  0
|  46|0x000000008ca00000, 0x000000008ca00000, 0x000000008cb00000|  0%| F|  |TAMS 0x000000008ca00000| PB 0x000000008ca00000| Untracked |  0
|  47|0x000000008cb00000, 0x000000008cb00000, 0x000000008cc00000|  0%| F|  |TAMS 0x000000008cb00000| PB 0x000000008cb00000| Untracked |  0
|  48|0x000000008cc00000, 0x000000008cc00000, 0x000000008cd00000|  0%| F|  |TAMS 0x000000008cc00000| PB 0x000000008cc00000| Untracked |  0
|  49|0x000000008cd00000, 0x000000008cd00000, 0x000000008ce00000|  0%| F|  |TAMS 0x000000008cd00000| PB 0x000000008cd00000| Untracked |  0
|  50|0x000000008ce00000, 0x000000008ce00000, 0x000000008cf00000|  0%| F|  |TAMS 0x000000008ce00000| PB 0x000000008ce00000| Untracked |  0
|  51|0x000000008cf00000, 0x000000008cf00000, 0x000000008d000000|  0%| F|  |TAMS 0x000000008cf00000| PB 0x000000008cf00000| Untracked |  0
|  52|0x000000008d000000, 0x000000008d000000, 0x000000008d100000|  0%| F|  |TAMS 0x000000008d000000| PB 0x000000008d000000| Untracked |  0
|  53|0x000000008d100000, 0x000000008d100000, 0x000000008d200000|  0%| F|  |TAMS 0x000000008d100000| PB 0x000000008d100000| Untracked |  0
|  54|0x000000008d200000, 0x000000008d200000, 0x000000008d300000|  0%| F|  |TAMS 0x000000008d200000| PB 0x000000008d200000| Untracked |  0
|  55|0x000000008d300000, 0x000000008d300000, 0x000000008d400000|  0%| F|  |TAMS 0x000000008d300000| PB 0x000000008d300000| Untracked |  0
|  56|0x000000008d400000, 0x000000008d400000, 0x000000008d500000|  0%| F|  |TAMS 0x000000008d400000| PB 0x000000008d400000| Untracked |  0
|  57|0x000000008d500000, 0x000000008d500000, 0x000000008d600000|  0%| F|  |TAMS 0x000000008d500000| PB 0x000000008d500000| Untracked |  0
|  58|0x000000008d600000, 0x000000008d600000, 0x000000008d700000|  0%| F|  |TAMS 0x000000008d600000| PB 0x000000008d600000| Untracked |  0
|  59|0x000000008d700000, 0x000000008d700000, 0x000000008d800000|  0%| F|  |TAMS 0x000000008d700000| PB 0x000000008d700000| Untracked |  0
|  60|0x000000008d800000, 0x000000008d800000, 0x000000008d900000|  0%| F|  |TAMS 0x000000008d800000| PB 0x000000008d800000| Untracked |  0
|  61|0x000000008d900000, 0x000000008d900000, 0x000000008da00000|  0%| F|  |TAMS 0x000000008d900000| PB 0x000000008d900000| Untracked |  0
|  62|0x000000008da00000, 0x000000008da00000, 0x000000008db00000|  0%| F|  |TAMS 0x000000008da00000| PB 0x000000008da00000| Untracked |  0
|  63|0x000000008db00000, 0x000000008db00000, 0x000000008dc00000|  0%| F|  |TAMS 0x000000008db00000| PB 0x000000008db00000| Untracked |  0
|  64|0x000000008dc00000, 0x000000008dc00000, 0x000000008dd00000|  0%| F|  |TAMS 0x000000008dc00000| PB 0x000000008dc00000| Untracked |  0
|  65|0x000000008dd00000, 0x000000008dd00000, 0x000000008de00000|  0%| F|  |TAMS 0x000000008dd00000| PB 0x000000008dd00000| Untracked |  0
|  66|0x000000008de00000, 0x000000008de00000, 0x000000008df00000|  0%| F|  |TAMS 0x000000008de00000| PB 0x000000008de00000| Untracked |  0
|  67|0x000000008df00000, 0x000000008df00000, 0x000000008e000000|  0%| F|  |TAMS 0x000000008df00000| PB 0x000000008df00000| Untracked |  0
|  68|0x000000008e000000, 0x000000008e000000, 0x000000008e100000|  0%| F|  |TAMS 0x000000008e000000| PB 0x000000008e000000| Untracked |  0
|  69|0x000000008e100000, 0x000000008e100000, 0x000000008e200000|  0%| F|  |TAMS 0x000000008e100000| PB 0x000000008e100000| Untracked |  0
|  70|0x000000008e200000, 0x000000008e200000, 0x000000008e300000|  0%| F|  |TAMS 0x000000008e200000| PB 0x000000008e200000| Untracked |  0
|  71|0x000000008e300000, 0x000000008e300000, 0x000000008e400000|  0%| F|  |TAMS 0x000000008e300000| PB 0x000000008e300000| Untracked |  0
|  72|0x000000008e400000, 0x000000008e400000, 0x000000008e500000|  0%| F|  |TAMS 0x000000008e400000| PB 0x000000008e400000| Untracked |  0
|  73|0x000000008e500000, 0x000000008e500000, 0x000000008e600000|  0%| F|  |TAMS 0x000000008e500000| PB 0x000000008e500000| Untracked |  0
|  74|0x000000008e600000, 0x000000008e600000, 0x000000008e700000|  0%| F|  |TAMS 0x000000008e600000| PB 0x000000008e600000| Untracked |  0
|  75|0x000000008e700000, 0x000000008e700000, 0x000000008e800000|  0%| F|  |TAMS 0x000000008e700000| PB 0x000000008e700000| Untracked |  0
|  76|0x000000008e800000, 0x000000008e800000, 0x000000008e900000|  0%| F|  |TAMS 0x000000008e800000| PB 0x000000008e800000| Untracked |  0
|  77|0x000000008e900000, 0x000000008e900000, 0x000000008ea00000|  0%| F|  |TAMS 0x000000008e900000| PB 0x000000008e900000| Untracked |  0
|  78|0x000000008ea00000, 0x000000008ea00000, 0x000000008eb00000|  0%| F|  |TAMS 0x000000008ea00000| PB 0x000000008ea00000| Untracked |  0
|  79|0x000000008eb00000, 0x000000008eb00000, 0x000000008ec00000|  0%| F|  |TAMS 0x000000008eb00000| PB 0x000000008eb00000| Untracked |  0
|  80|0x000000008ec00000, 0x000000008ec00000, 0x000000008ed00000|  0%| F|  |TAMS 0x000000008ec00000| PB 0x000000008ec00000| Untracked |  0
|  81|0x000000008ed00000, 0x000000008ed00000, 0x000000008ee00000|  0%| F|  |TAMS 0x000000008ed00000| PB 0x000000008ed00000| Untracked |  0
|  82|0x000000008ee00000, 0x000000008ee00000, 0x000000008ef00000|  0%| F|  |TAMS 0x000000008ee00000| PB 0x000000008ee00000| Untracked |  0
|  83|0x000000008ef00000, 0x000000008ef00000, 0x000000008f000000|  0%| F|  |TAMS 0x000000008ef00000| PB 0x000000008ef00000| Untracked |  0
|  84|0x000000008f000000, 0x000000008f000000, 0x000000008f100000|  0%| F|  |TAMS 0x000000008f000000| PB 0x000000008f000000| Untracked |  0
|  85|0x000000008f100000, 0x000000008f100000, 0x000000008f200000|  0%| F|  |TAMS 0x000000008f100000| PB 0x000000008f100000| Untracked |  0
|  86|0x000000008f200000, 0x000000008f200000, 0x000000008f300000|  0%| F|  |TAMS 0x000000008f200000| PB 0x000000008f200000| Untracked |  0
|  87|0x000000008f300000, 0x000000008f300000, 0x000000008f400000|  0%| F|  |TAMS 0x000000008f300000| PB 0x000000008f300000| Untracked |  0
|  88|0x000000008f400000, 0x000000008f400000, 0x000000008f500000|  0%| F|  |TAMS 0x000000008f400000| PB 0x000000008f400000| Untracked |  0
|  89|0x000000008f500000, 0x000000008f500000, 0x000000008f600000|  0%| F|  |TAMS 0x000000008f500000| PB 0x000000008f500000| Untracked |  0
|  90|0x000000008f600000, 0x000000008f600000, 0x000000008f700000|  0%| F|  |TAMS 0x000000008f600000| PB 0x000000008f600000| Untracked |  0
|  91|0x000000008f700000, 0x000000008f700000, 0x000000008f800000|  0%| F|  |TAMS 0x000000008f700000| PB 0x000000008f700000| Untracked |  0
|  92|0x000000008f800000, 0x000000008f800000, 0x000000008f900000|  0%| F|  |TAMS 0x000000008f800000| PB 0x000000008f800000| Untracked |  0
|  93|0x000000008f900000, 0x000000008f900000, 0x000000008fa00000|  0%| F|  |TAMS 0x000000008f900000| PB 0x000000008f900000| Untracked |  0
|  94|0x000000008fa00000, 0x000000008fa00000, 0x000000008fb00000|  0%| F|  |TAMS 0x000000008fa00000| PB 0x000000008fa00000| Untracked |  0
|  95|0x000000008fb00000, 0x000000008fb00000, 0x000000008fc00000|  0%| F|  |TAMS 0x000000008fb00000| PB 0x000000008fb00000| Untracked |  0
|  96|0x000000008fc00000, 0x000000008fc00000, 0x000000008fd00000|  0%| F|  |TAMS 0x000000008fc00000| PB 0x000000008fc00000| Untracked |  0
|  97|0x000000008fd00000, 0x000000008fd00000, 0x000000008fe00000|  0%| F|  |TAMS 0x000000008fd00000| PB 0x000000008fd00000| Untracked |  0
|  98|0x000000008fe00000, 0x000000008fe00000, 0x000000008ff00000|  0%| F|  |TAMS 0x000000008fe00000| PB 0x000000008fe00000| Untracked |  0
|  99|0x000000008ff00000, 0x000000008ff00000, 0x0000000090000000|  0%| F|  |TAMS 0x000000008ff00000| PB 0x000000008ff00000| Untracked |  0
| 100|0x0000000090000000, 0x0000000090000000, 0x0000000090100000|  0%| F|  |TAMS 0x0000000090000000| PB 0x0000000090000000| Untracked |  0
| 101|0x0000000090100000, 0x0000000090100000, 0x0000000090200000|  0%| F|  |TAMS 0x0000000090100000| PB 0x0000000090100000| Untracked |  0
| 102|0x0000000090200000, 0x0000000090200000, 0x0000000090300000|  0%| F|  |TAMS 0x0000000090200000| PB 0x0000000090200000| Untracked |  0
| 103|0x0000000090300000, 0x0000000090300000, 0x0000000090400000|  0%| F|  |TAMS 0x0000000090300000| PB 0x0000000090300000| Untracked |  0
| 104|0x0000000090400000, 0x0000000090400000, 0x0000000090500000|  0%| F|  |TAMS 0x0000000090400000| PB 0x0000000090400000| Untracked |  0
| 105|0x0000000090500000, 0x0000000090500000, 0x0000000090600000|  0%| F|  |TAMS 0x0000000090500000| PB 0x0000000090500000| Untracked |  0
| 106|0x0000000090600000, 0x0000000090600000, 0x0000000090700000|  0%| F|  |TAMS 0x0000000090600000| PB 0x0000000090600000| Untracked |  0
| 107|0x0000000090700000, 0x0000000090700000, 0x0000000090800000|  0%| F|  |TAMS 0x0000000090700000| PB 0x0000000090700000| Untracked |  0
| 108|0x0000000090800000, 0x00000000908f61a8, 0x0000000090900000| 96%| E|  |TAMS 0x0000000090800000| PB 0x0000000090800000| Complete |  0
| 109|0x0000000090900000, 0x0000000090a00000, 0x0000000090a00000|100%| E|CS|TAMS 0x0000000090900000| PB 0x0000000090900000| Complete |  0
| 110|0x0000000090a00000, 0x0000000090b00000, 0x0000000090b00000|100%| E|CS|TAMS 0x0000000090a00000| PB 0x0000000090a00000| Complete |  0
| 111|0x0000000090b00000, 0x0000000090c00000, 0x0000000090c00000|100%| E|CS|TAMS 0x0000000090b00000| PB 0x0000000090b00000| Complete |  0
| 112|0x0000000090c00000, 0x0000000090d00000, 0x0000000090d00000|100%| E|CS|TAMS 0x0000000090c00000| PB 0x0000000090c00000| Complete |  0
| 113|0x0000000090d00000, 0x0000000090e00000, 0x0000000090e00000|100%| E|CS|TAMS 0x0000000090d00000| PB 0x0000000090d00000| Complete |  0
| 114|0x0000000090e00000, 0x0000000090f00000, 0x0000000090f00000|100%| E|CS|TAMS 0x0000000090e00000| PB 0x0000000090e00000| Complete |  0
| 115|0x0000000090f00000, 0x0000000091000000, 0x0000000091000000|100%| E|CS|TAMS 0x0000000090f00000| PB 0x0000000090f00000| Complete |  0
| 116|0x0000000091000000, 0x0000000091100000, 0x0000000091100000|100%| E|CS|TAMS 0x0000000091000000| PB 0x0000000091000000| Complete |  0
| 117|0x0000000091100000, 0x0000000091200000, 0x0000000091200000|100%| E|CS|TAMS 0x0000000091100000| PB 0x0000000091100000| Complete |  0
| 118|0x0000000091200000, 0x0000000091300000, 0x0000000091300000|100%| E|CS|TAMS 0x0000000091200000| PB 0x0000000091200000| Complete |  0
| 119|0x0000000091300000, 0x0000000091400000, 0x0000000091400000|100%| E|CS|TAMS 0x0000000091300000| PB 0x0000000091300000| Complete |  0

Card table byte_map: [0x000000001a750000,0x000000001ab10000] _byte_map_base: 0x000000001a302000

Marking Bits: (CMBitMap*) 0x0000000002b4f7b0
 Bits: [0x000000001ab10000, 0x000000001c8a0000)

Polling page: 0x0000000000af0000

Metaspace:

Usage:
  Non-class:      8.16 MB used.
      Class:      1.06 MB used.
       Both:      9.22 MB used.

Virtual space:
  Non-class space:       64.00 MB reserved,       8.31 MB ( 13%) committed,  1 nodes.
      Class space:        1.00 GB reserved,       1.19 MB ( <1%) committed,  1 nodes.
             Both:        1.06 GB reserved,       9.50 MB ( <1%) committed. 

Chunk freelists:
   Non-Class:  7.00 MB
       Class:  14.74 MB
        Both:  21.74 MB

MaxMetaspaceSize: unlimited
CompressedClassSpaceSize: 1.00 GB
Initial GC threshold: 21.00 MB
Current GC threshold: 21.00 MB
CDS: on
 - commit_granule_bytes: 65536.
 - commit_granule_words: 8192.
 - virtual_space_node_default_size: 8388608.
 - enlarge_chunks_in_place: 1.
 - use_allocation_guard: 0.


Internal statistics:

num_allocs_failed_limit: 0.
num_arena_births: 238.
num_arena_deaths: 0.
num_vsnodes_births: 2.
num_vsnodes_deaths: 0.
num_space_committed: 152.
num_space_uncommitted: 0.
num_chunks_returned_to_freelist: 0.
num_chunks_taken_from_freelist: 309.
num_chunk_merges: 0.
num_chunk_splits: 184.
num_chunks_enlarged: 76.
num_inconsistent_stats: 0.

CodeHeap 'non-profiled nmethods': size=120000Kb used=383Kb max_used=383Kb free=119616Kb
 bounds [0x0000000012910000, 0x0000000012b80000, 0x0000000019e40000]
CodeHeap 'profiled nmethods': size=120000Kb used=1792Kb max_used=1792Kb free=118207Kb
 bounds [0x000000000ae40000, 0x000000000b0b0000, 0x0000000012370000]
CodeHeap 'non-nmethods': size=5760Kb used=1599Kb max_used=1627Kb free=4160Kb
 bounds [0x0000000012370000, 0x00000000125e0000, 0x0000000012910000]
 total_blobs=1942 nmethods=1282 adapters=565
 compilation: enabled
              stopped_count=0, restarted_count=0
 full_count=0

Compilation events (20 events):
Event: 1.953 Thread 0x000000001f809550 nmethod 1272 0x000000000affdc10 code [0x000000000affdde0, 0x000000000affe170]
Event: 1.953 Thread 0x000000001f809550 1269       3       javax.swing.text.html.StyleSheet$ViewAttributeSet::getAttribute (84 bytes)
Event: 1.953 Thread 0x000000001f804a90 nmethod 1276 0x000000001296ea90 code [0x000000001296ec20, 0x000000001296ece0]
Event: 1.953 Thread 0x000000001f804a90 1279       4       sun.font.CompositeStrike::getStrikeForSlot (50 bytes)
Event: 1.953 Thread 0x000000001f809550 nmethod 1269 0x000000000affe310 code [0x000000000affe580, 0x000000000afff300]
Event: 1.953 Thread 0x000000001f809550 1280       3       javax.swing.text.StyleContext$SmallAttributeSet::hashCode (32 bytes)
Event: 1.953 Thread 0x000000006fca3600 nmethod 1277 0x000000001296ed90 code [0x000000001296ef20, 0x000000001296f0a0]
Event: 1.953 Thread 0x000000001f809550 nmethod 1280 0x000000000afff610 code [0x000000000afff7c0, 0x000000000afffa78]
Event: 1.953 Thread 0x000000001f809550 1275       1       javax.swing.text.CompositeView::getViewCount (5 bytes)
Event: 1.953 Thread 0x000000001f804a90 nmethod 1279 0x000000001296f210 code [0x000000001296f3a0, 0x000000001296f4a8]
Event: 1.953 Thread 0x000000001f809550 nmethod 1275 0x000000001296f610 code [0x000000001296f7a0, 0x000000001296f868]
Event: 1.953 Thread 0x000000001f809550 1278       3       javax.swing.text.SegmentCache::getSharedInstance (4 bytes)
Event: 1.953 Thread 0x000000001f809550 nmethod 1278 0x000000000afffc10 code [0x000000000afffda0, 0x000000000afffe98]
Event: 1.953 Thread 0x000000001f809550 1282       3       java.util.HashMap::tableSizeFor (32 bytes)
Event: 1.954 Thread 0x000000001f809550 nmethod 1282 0x000000000affff10 code [0x000000000b0000c0, 0x000000000b0002c0]
Event: 1.954 Thread 0x000000001f809550 1271       1       java.awt.Font::hasLayoutAttributes (5 bytes)
Event: 1.954 Thread 0x000000001f809550 nmethod 1271 0x000000001296f910 code [0x000000001296faa0, 0x000000001296fb70]
Event: 1.954 Thread 0x000000001f809550 1281       1       javax.swing.text.SimpleAttributeSet$EmptyAttributeSet::getAttributeCount (2 bytes)
Event: 1.954 Thread 0x000000001f809550 nmethod 1281 0x000000001296fc10 code [0x000000001296fda0, 0x000000001296fe68]
Event: 1.954 Thread 0x000000001f809550 1283  s    3       java.lang.StringBuffer::toString (34 bytes)

GC Heap History (0 events):
No events

Dll operation events (13 events):
Event: 0.015 Loaded shared library C:\Users\Любовь\.jdks\openjdk-22.0.1\bin\java.dll
Event: 0.053 Loaded shared library C:\Users\Любовь\.jdks\openjdk-22.0.1\bin\jsvml.dll
Event: 0.093 Loaded shared library C:\Users\Любовь\.jdks\openjdk-22.0.1\bin\zip.dll
Event: 0.098 Loaded shared library C:\Users\Любовь\.jdks\openjdk-22.0.1\bin\instrument.dll
Event: 0.103 Loaded shared library C:\Users\Любовь\.jdks\openjdk-22.0.1\bin\net.dll
Event: 0.105 Loaded shared library C:\Users\Любовь\.jdks\openjdk-22.0.1\bin\nio.dll
Event: 0.110 Loaded shared library C:\Users\Любовь\.jdks\openjdk-22.0.1\bin\zip.dll
Event: 0.119 Loaded shared library C:\Program Files\JetBrains\IntelliJ IDEA Community Edition 2024.1.1\bin\breakgen64.dll
Event: 0.135 Loaded shared library C:\Users\Любовь\.jdks\openjdk-22.0.1\bin\extnet.dll
Event: 0.139 Loaded shared library C:\Users\Любовь\.jdks\openjdk-22.0.1\bin\jimage.dll
Event: 0.188 Loaded shared library C:\Users\Любовь\.jdks\openjdk-22.0.1\bin\awt.dll
Event: 0.510 Loaded shared library C:\Users\Любовь\.jdks\openjdk-22.0.1\bin\freetype.dll
Event: 0.513 Loaded shared library C:\Users\Любовь\.jdks\openjdk-22.0.1\bin\fontmanager.dll

Deoptimization events (20 events):
Event: 0.597 Thread 0x0000000065795fb0 Uncommon trap: trap_request=0xffffffbe fr.pc=0x0000000012947060 relative=0x0000000000000ba0
Event: 0.597 Thread 0x0000000065795fb0 Uncommon trap: reason=profile_predicate action=maybe_recompile pc=0x0000000012947060 method=jdk.internal.org.objectweb.asm.ByteVector.putUTF8(Ljava/lang/String;)Ljdk/internal/org/objectweb/asm/ByteVector; @ 79 c2
Event: 0.597 Thread 0x0000000065795fb0 DEOPT PACKING pc=0x0000000012947060 sp=0x000000007578da10
Event: 0.597 Thread 0x0000000065795fb0 DEOPT UNPACKING pc=0x00000000123c46a2 sp=0x000000007578d948 mode 2
Event: 0.597 Thread 0x0000000065795fb0 Uncommon trap: trap_request=0xffffffbe fr.pc=0x0000000012947060 relative=0x0000000000000ba0
Event: 0.597 Thread 0x0000000065795fb0 Uncommon trap: reason=profile_predicate action=maybe_recompile pc=0x0000000012947060 method=jdk.internal.org.objectweb.asm.ByteVector.putUTF8(Ljava/lang/String;)Ljdk/internal/org/objectweb/asm/ByteVector; @ 79 c2
Event: 0.597 Thread 0x0000000065795fb0 DEOPT PACKING pc=0x0000000012947060 sp=0x000000007578da80
Event: 0.597 Thread 0x0000000065795fb0 DEOPT UNPACKING pc=0x00000000123c46a2 sp=0x000000007578d9c8 mode 2
Event: 1.917 Thread 0x0000000065795fb0 Uncommon trap: trap_request=0xffffffde fr.pc=0x0000000012957d2c relative=0x000000000000098c
Event: 1.917 Thread 0x0000000065795fb0 Uncommon trap: reason=class_check action=maybe_recompile pc=0x0000000012957d2c method=java.util.HashMap.putVal(ILjava/lang/Object;Ljava/lang/Object;ZZ)Ljava/lang/Object; @ 253 c2
Event: 1.917 Thread 0x0000000065795fb0 DEOPT PACKING pc=0x0000000012957d2c sp=0x000000007578dc90
Event: 1.917 Thread 0x0000000065795fb0 DEOPT UNPACKING pc=0x00000000123c46a2 sp=0x000000007578dbb0 mode 2
Event: 1.950 Thread 0x0000000065795fb0 Uncommon trap: trap_request=0xffffffde fr.pc=0x0000000012957d2c relative=0x000000000000098c
Event: 1.950 Thread 0x0000000065795fb0 Uncommon trap: reason=class_check action=maybe_recompile pc=0x0000000012957d2c method=java.util.HashMap.putVal(ILjava/lang/Object;Ljava/lang/Object;ZZ)Ljava/lang/Object; @ 253 c2
Event: 1.950 Thread 0x0000000065795fb0 DEOPT PACKING pc=0x0000000012957d2c sp=0x000000007578dbf0
Event: 1.950 Thread 0x0000000065795fb0 DEOPT UNPACKING pc=0x00000000123c46a2 sp=0x000000007578db10 mode 2
Event: 1.953 Thread 0x0000000065795fb0 Uncommon trap: trap_request=0xffffffde fr.pc=0x0000000012957d2c relative=0x000000000000098c
Event: 1.953 Thread 0x0000000065795fb0 Uncommon trap: reason=class_check action=maybe_recompile pc=0x0000000012957d2c method=java.util.HashMap.putVal(ILjava/lang/Object;Ljava/lang/Object;ZZ)Ljava/lang/Object; @ 253 c2
Event: 1.953 Thread 0x0000000065795fb0 DEOPT PACKING pc=0x0000000012957d2c sp=0x000000007578db50
Event: 1.953 Thread 0x0000000065795fb0 DEOPT UNPACKING pc=0x00000000123c46a2 sp=0x000000007578da70 mode 2

Classes loaded (20 events):
Event: 1.944 Loading class javax/swing/plaf/metal/MetalRadioButtonUI done
Event: 1.944 Loading class javax/swing/plaf/metal/MetalCheckBoxUI done
Event: 1.944 Loading class javax/swing/plaf/basic/BasicBorders
Event: 1.945 Loading class javax/swing/plaf/basic/BasicBorders done
Event: 1.945 Loading class javax/swing/plaf/basic/BasicBorders$RadioButtonBorder
Event: 1.945 Loading class javax/swing/plaf/basic/BasicBorders$ButtonBorder
Event: 1.945 Loading class javax/swing/plaf/basic/BasicBorders$ButtonBorder done
Event: 1.945 Loading class javax/swing/plaf/basic/BasicBorders$RadioButtonBorder done
Event: 1.945 Loading class javax/swing/plaf/metal/MetalIconFactory
Event: 1.945 Loading class javax/swing/plaf/metal/MetalIconFactory done
Event: 1.945 Loading class javax/swing/plaf/metal/MetalIconFactory$CheckBoxIcon
Event: 1.946 Loading class javax/swing/Icon
Event: 1.946 Loading class javax/swing/Icon done
Event: 1.946 Loading class javax/swing/plaf/metal/MetalIconFactory$CheckBoxIcon done
Event: 1.946 Loading class javax/swing/plaf/basic/BasicButtonUI$KeyHandler
Event: 1.946 Loading class javax/swing/plaf/basic/BasicButtonUI$KeyHandler done
Event: 1.946 Loading class javax/swing/plaf/basic/BasicButtonUI$SelectPreviousBtn
Event: 1.946 Loading class javax/swing/plaf/basic/BasicButtonUI$SelectPreviousBtn done
Event: 1.946 Loading class javax/swing/plaf/basic/BasicButtonUI$SelectNextBtn
Event: 1.946 Loading class javax/swing/plaf/basic/BasicButtonUI$SelectNextBtn done

Classes unloaded (0 events):
No events

Classes redefined (0 events):
No events

Internal exceptions (20 events):
Event: 0.137 Thread 0x00000000658a0270 Exception <a 'java/lang/NoSuchMethodError'{0x0000000091184208}: 'void java.lang.invoke.DirectMethodHandle$Holder.invokeStatic(java.lang.Object, java.lang.Object)'> (0x0000000091184208) 
thrown [s\open\src\hotspot\share\interpreter\linkResolver.cpp, line 774]
Event: 0.146 Thread 0x00000000005a2cc0 Exception <a 'java/lang/NoSuchMethodError'{0x0000000091004780}: 'void java.lang.invoke.DirectMethodHandle$Holder.invokeVirtual(java.lang.Object, java.lang.Object)'> (0x0000000091004780) 
thrown [s\open\src\hotspot\share\interpreter\linkResolver.cpp, line 774]
Event: 0.147 Thread 0x00000000005a2cc0 Exception <a 'java/lang/NoSuchMethodError'{0x0000000091007f30}: 'void java.lang.invoke.DirectMethodHandle$Holder.invokeSpecial(java.lang.Object, java.lang.Object, java.lang.Object)'> (0x0000000091007f30) 
thrown [s\open\src\hotspot\share\interpreter\linkResolver.cpp, line 774]
Event: 0.151 Thread 0x00000000005a2cc0 Exception <a 'java/lang/NoSuchMethodError'{0x000000009101b228}: 'int java.lang.invoke.DirectMethodHandle$Holder.invokeSpecial(java.lang.Object, java.lang.Object, java.lang.Object, int)'> (0x000000009101b228) 
thrown [s\open\src\hotspot\share\interpreter\linkResolver.cpp, line 774]
Event: 0.154 Thread 0x00000000005a2cc0 Exception <a 'java/lang/NoSuchMethodError'{0x000000009102de78}: 'java.lang.Object java.lang.invoke.DirectMethodHandle$Holder.invokeStatic(java.lang.Object, java.lang.Object, java.lang.Object, java.lang.Object, int)'> (0x000000009102de78) 
thrown [s\open\src\hotspot\share\interpreter\linkResolver.cpp, line 774]
Event: 0.155 Thread 0x00000000005a2cc0 Exception <a 'java/lang/NoSuchMethodError'{0x0000000091035fc8}: 'long java.lang.invoke.DirectMethodHandle$Holder.invokeStatic(java.lang.Object, java.lang.Object, int)'> (0x0000000091035fc8) 
thrown [s\open\src\hotspot\share\interpreter\linkResolver.cpp, line 774]
Event: 0.156 Thread 0x00000000005a2cc0 Exception <a 'java/lang/NoSuchMethodError'{0x0000000091041788}: 'java.lang.Object java.lang.invoke.DelegatingMethodHandle$Holder.reinvoke_L(java.lang.Object, int, long, java.lang.Object, java.lang.Object, int, java.lang.Object)'> (0x0000000091041788) 
thrown [s\open\src\hotspot\share\interpreter\linkResolver.cpp, line 774]
Event: 0.158 Thread 0x00000000005a2cc0 Exception <a 'java/lang/NoSuchMethodError'{0x0000000091053d20}: 'int java.lang.invoke.DirectMethodHandle$Holder.invokeSpecial(java.lang.Object, java.lang.Object, java.lang.Object)'> (0x0000000091053d20) 
thrown [s\open\src\hotspot\share\interpreter\linkResolver.cpp, line 774]
Event: 0.161 Thread 0x00000000005a2cc0 Exception <a 'java/lang/NoSuchMethodError'{0x000000009106d2d0}: 'java.lang.Object java.lang.invoke.DirectMethodHandle$Holder.invokeStatic(java.lang.Object, java.lang.Object, int)'> (0x000000009106d2d0) 
thrown [s\open\src\hotspot\share\interpreter\linkResolver.cpp, line 774]
Event: 0.162 Thread 0x00000000005a2cc0 Exception <a 'java/lang/NoSuchMethodError'{0x0000000091078de0}: 'void java.lang.invoke.DelegatingMethodHandle$Holder.delegate(java.lang.Object, java.lang.Object, int, java.lang.Object)'> (0x0000000091078de0) 
thrown [s\open\src\hotspot\share\interpreter\linkResolver.cpp, line 774]
Event: 0.170 Thread 0x00000000005a2cc0 Exception <a 'java/lang/ClassNotFoundException'{0x0000000091089db0}: sun/awt/resources/spi/awtProvider> (0x0000000091089db0) 
thrown [s\open\src\hotspot\share\classfile\systemDictionary.cpp, line 313]
Event: 0.196 Thread 0x00000000005a2cc0 Exception <a 'java/io/FileNotFoundException'{0x00000000910d82a0}> (0x00000000910d82a0) 
thrown [s\open\src\hotspot\share\prims\jni.cpp, line 520]
Event: 0.202 Thread 0x00000000005a2cc0 Exception <a 'java/io/FileNotFoundException'{0x0000000090f06df8}> (0x0000000090f06df8) 
thrown [s\open\src\hotspot\share\prims\jni.cpp, line 520]
Event: 0.414 Thread 0x00000000005a2cc0 Exception <a 'java/lang/NoSuchMethodError'{0x0000000090e44b88}: 'java.lang.Object java.lang.invoke.DirectMethodHandle$Holder.newInvokeSpecial(java.lang.Object, java.lang.Object, java.lang.Object, java.lang.Object, java.lang.Object)'> (0x0000000090e44b88) 
thrown [s\open\src\hotspot\share\interpreter\linkResolver.cpp, line 774]
Event: 0.418 Thread 0x00000000005a2cc0 Exception <a 'java/lang/NoSuchMethodError'{0x0000000090e716d8}: 'java.lang.Object java.lang.invoke.DirectMethodHandle$Holder.invokeStatic(java.lang.Object, int, java.lang.Object)'> (0x0000000090e716d8) 
thrown [s\open\src\hotspot\share\interpreter\linkResolver.cpp, line 774]
Event: 0.438 Thread 0x00000000005a2cc0 Exception <a 'java/lang/ClassNotFoundException'{0x0000000090d13520}: com/sun/swing/internal/plaf/metal/resources/spi/metalProvider> (0x0000000090d13520) 
thrown [s\open\src\hotspot\share\classfile\systemDictionary.cpp, line 313]
Event: 0.439 Thread 0x00000000005a2cc0 Exception <a 'java/lang/ClassNotFoundException'{0x0000000090d17480}: com/sun/swing/internal/plaf/basic/resources/spi/basicProvider> (0x0000000090d17480) 
thrown [s\open\src\hotspot\share\classfile\systemDictionary.cpp, line 313]
Event: 0.455 Thread 0x00000000005a2cc0 Exception <a 'java/lang/NoSuchMethodError'{0x0000000090d33860}: 'int java.lang.invoke.Invokers$Holder.invokeExact_MT(java.lang.Object, java.lang.Object)'> (0x0000000090d33860) 
thrown [s\open\src\hotspot\share\interpreter\linkResolver.cpp, line 774]
Event: 0.503 Thread 0x00000000005a2cc0 Exception <a 'java/lang/NoSuchMethodError'{0x0000000090d65d90}: 'void java.lang.invoke.DirectMethodHandle$Holder.invokeStaticInit(java.lang.Object)'> (0x0000000090d65d90) 
thrown [s\open\src\hotspot\share\interpreter\linkResolver.cpp, line 774]
Event: 1.089 Thread 0x000000001f7f5ab0 Exception <a 'java/lang/NoSuchMethodError'{0x0000000090904a18}: 'java.lang.Object java.lang.invoke.Invokers$Holder.invokeExact_MT(java.lang.Object, java.lang.Object, java.lang.Object, java.lang.Object, java.lang.Object, java.lang.Object)'> (0x0000000090904a18) 
thrown [s\open\src\hotspot\share\interpreter\linkResolver.cpp, line 774]

ZGC Phase Switch (0 events):
No events

VM Operations (10 events):
Event: 0.080 Executing VM operation: HandshakeAllThreads (Deoptimize)
Event: 0.080 Executing VM operation: HandshakeAllThreads (Deoptimize) done
Event: 0.217 Executing VM operation: HandshakeAllThreads (Deoptimize)
Event: 0.217 Executing VM operation: HandshakeAllThreads (Deoptimize) done
Event: 0.459 Executing VM operation: HandshakeAllThreads (Deoptimize)
Event: 0.459 Executing VM operation: HandshakeAllThreads (Deoptimize) done
Event: 1.075 Executing VM operation: HandshakeAllThreads (Deoptimize)
Event: 1.075 Executing VM operation: HandshakeAllThreads (Deoptimize) done
Event: 1.075 Executing VM operation: Cleanup
Event: 1.075 Executing VM operation: Cleanup done

Events (20 events):
Event: 0.050 Thread 0x000000001f7f16a0 Thread added: 0x000000001f7f16a0
Event: 0.050 Thread 0x000000001f7f5050 Thread added: 0x000000001f7f5050
Event: 0.050 Thread 0x000000001f7f5ab0 Thread added: 0x000000001f7f5ab0
Event: 0.050 Thread 0x000000001f7f8e30 Thread added: 0x000000001f7f8e30
Event: 0.050 Thread 0x000000001f7fcd90 Thread added: 0x000000001f7fcd90
Event: 0.050 Thread 0x000000001f804a90 Thread added: 0x000000001f804a90
Event: 0.050 Thread 0x000000001f809550 Thread added: 0x000000001f809550
Event: 0.074 Thread 0x000000001f7c07e0 Thread added: 0x000000001f7c07e0
Event: 0.120 Thread 0x00000000658a0270 Thread added: 0x00000000658a0270
Event: 0.120 Thread 0x00000000658a08e0 Thread added: 0x00000000658a08e0
Event: 0.277 Thread 0x0000000065961e70 Thread added: 0x0000000065961e70
Event: 0.279 Thread 0x0000000065965420 Thread added: 0x0000000065965420
Event: 0.279 Thread 0x0000000065969160 Thread added: 0x0000000065969160
Event: 0.477 Thread 0x0000000065795fb0 Thread added: 0x0000000065795fb0
Event: 0.589 Thread 0x00000000005a2cc0 Thread exited: 0x00000000005a2cc0
Event: 0.589 Thread 0x00000000005a2cc0 Thread added: 0x00000000005a2cc0
Event: 0.597 Thread 0x00000000657c4410 Thread added: 0x00000000657c4410
Event: 1.078 Thread 0x000000006fb73f60 Thread added: 0x000000006fb73f60
Event: 1.204 Thread 0x000000006fb73f60 Thread exited: 0x000000006fb73f60
Event: 1.895 Thread 0x000000006fca3600 Thread added: 0x000000006fca3600


Dynamic libraries:
0x00007ff6faa00000 - 0x00007ff6faa0e000 	C:\Users\Любовь\.jdks\openjdk-22.0.1\bin\java.exe
0x00007ffc7fdf0000 - 0x00007ffc80007000 	C:\WINDOWS\SYSTEM32\ntdll.dll
0x00007ffc7e6c0000 - 0x00007ffc7e784000 	C:\WINDOWS\System32\KERNEL32.DLL
0x00007ffc7d140000 - 0x00007ffc7d4e7000 	C:\WINDOWS\System32\KERNELBASE.dll
0x00007ffc7d630000 - 0x00007ffc7d741000 	C:\WINDOWS\System32\ucrtbase.dll
0x00007ffc7a370000 - 0x00007ffc7a38b000 	C:\Users\Любовь\.jdks\openjdk-22.0.1\bin\VCRUNTIME140.dll
0x00007ffc76d70000 - 0x00007ffc76d87000 	C:\Users\Любовь\.jdks\openjdk-22.0.1\bin\jli.dll
0x00007ffc7fab0000 - 0x00007ffc7fc5e000 	C:\WINDOWS\System32\USER32.dll
0x00007ffc6ba90000 - 0x00007ffc6bd23000 	C:\WINDOWS\WinSxS\amd64_microsoft.windows.common-controls_6595b64144ccf1df_6.0.22621.3527_none_270e469b73872a76\COMCTL32.dll
0x00007ffc7d110000 - 0x00007ffc7d136000 	C:\WINDOWS\System32\win32u.dll
0x00007ffc7e520000 - 0x00007ffc7e5c7000 	C:\WINDOWS\System32\msvcrt.dll
0x00007ffc7fd80000 - 0x00007ffc7fda9000 	C:\WINDOWS\System32\GDI32.dll
0x00007ffc7da00000 - 0x00007ffc7db19000 	C:\WINDOWS\System32\gdi32full.dll
0x00007ffc7d520000 - 0x00007ffc7d5ba000 	C:\WINDOWS\System32\msvcp_win.dll
0x00007ffc7e5d0000 - 0x00007ffc7e601000 	C:\WINDOWS\System32\IMM32.DLL
0x00007ffc7a400000 - 0x00007ffc7a40c000 	C:\Users\Любовь\.jdks\openjdk-22.0.1\bin\vcruntime140_1.dll
0x00007ffc6a330000 - 0x00007ffc6a3be000 	C:\Users\Любовь\.jdks\openjdk-22.0.1\bin\msvcp140.dll
0x00007ffc4c660000 - 0x00007ffc4d3a7000 	C:\Users\Любовь\.jdks\openjdk-22.0.1\bin\server\jvm.dll
0x00007ffc7f0e0000 - 0x00007ffc7f192000 	C:\WINDOWS\System32\ADVAPI32.dll
0x00007ffc7e610000 - 0x00007ffc7e6b8000 	C:\WINDOWS\System32\sechost.dll
0x00007ffc7d4f0000 - 0x00007ffc7d518000 	C:\WINDOWS\System32\bcrypt.dll
0x00007ffc7fc60000 - 0x00007ffc7fd75000 	C:\WINDOWS\System32\RPCRT4.dll
0x00007ffc7f5a0000 - 0x00007ffc7f611000 	C:\WINDOWS\System32\WS2_32.dll
0x00007ffc7cfd0000 - 0x00007ffc7d01d000 	C:\WINDOWS\SYSTEM32\POWRPROF.dll
0x00007ffc750b0000 - 0x00007ffc750ba000 	C:\WINDOWS\SYSTEM32\VERSION.dll
0x00007ffc75890000 - 0x00007ffc758c4000 	C:\WINDOWS\SYSTEM32\WINMM.dll
0x00007ffc7cfb0000 - 0x00007ffc7cfc3000 	C:\WINDOWS\SYSTEM32\UMPDC.dll
0x00007ffc7c0d0000 - 0x00007ffc7c0e8000 	C:\WINDOWS\SYSTEM32\kernel.appcore.dll
0x00007ffc7a3e0000 - 0x00007ffc7a3ea000 	C:\Users\Любовь\.jdks\openjdk-22.0.1\bin\jimage.dll
0x00007ffc74220000 - 0x00007ffc74452000 	C:\WINDOWS\SYSTEM32\DBGHELP.DLL
0x00007ffc7f1a0000 - 0x00007ffc7f528000 	C:\WINDOWS\System32\combase.dll
0x00007ffc7f9c0000 - 0x00007ffc7fa97000 	C:\WINDOWS\System32\OLEAUT32.dll
0x00007ffc35060000 - 0x00007ffc35092000 	C:\WINDOWS\SYSTEM32\dbgcore.DLL
0x00007ffc7d810000 - 0x00007ffc7d889000 	C:\WINDOWS\System32\bcryptPrimitives.dll
0x00007ffc76af0000 - 0x00007ffc76aff000 	C:\Users\Любовь\.jdks\openjdk-22.0.1\bin\instrument.dll
0x00007ffc769c0000 - 0x00007ffc769de000 	C:\Users\Любовь\.jdks\openjdk-22.0.1\bin\java.dll
0x00007ffc7e790000 - 0x00007ffc7efec000 	C:\WINDOWS\System32\SHELL32.dll
0x00007ffc7f780000 - 0x00007ffc7f925000 	C:\WINDOWS\System32\ole32.dll
0x00007ffc7b050000 - 0x00007ffc7b946000 	C:\WINDOWS\SYSTEM32\windows.storage.dll
0x00007ffc7af10000 - 0x00007ffc7b04e000 	C:\WINDOWS\SYSTEM32\wintypes.dll
0x00007ffc7e420000 - 0x00007ffc7e515000 	C:\WINDOWS\System32\SHCORE.dll
0x00007ffc7f940000 - 0x00007ffc7f99e000 	C:\WINDOWS\System32\shlwapi.dll
0x00007ffc7d040000 - 0x00007ffc7d061000 	C:\WINDOWS\SYSTEM32\profapi.dll
0x00007ffc6a010000 - 0x00007ffc6a0e7000 	C:\Users\Любовь\.jdks\openjdk-22.0.1\bin\jsvml.dll
0x00007ffc76850000 - 0x00007ffc76867000 	C:\Users\Любовь\.jdks\openjdk-22.0.1\bin\zip.dll
0x00007ffc768a0000 - 0x00007ffc768b0000 	C:\Users\Любовь\.jdks\openjdk-22.0.1\bin\net.dll
0x00007ffc7c5a0000 - 0x00007ffc7c609000 	C:\WINDOWS\system32\mswsock.dll
0x00007ffc76870000 - 0x00007ffc76886000 	C:\Users\Любовь\.jdks\openjdk-22.0.1\bin\nio.dll
0x00007ffc6f390000 - 0x00007ffc6f3aa000 	C:\Program Files\JetBrains\IntelliJ IDEA Community Edition 2024.1.1\bin\breakgen64.dll
0x00007ffc6f460000 - 0x00007ffc6f469000 	C:\Users\Любовь\.jdks\openjdk-22.0.1\bin\extnet.dll
0x00007ffc443c0000 - 0x00007ffc4454d000 	C:\Users\Любовь\.jdks\openjdk-22.0.1\bin\awt.dll
0x00007ffc7a480000 - 0x00007ffc7a517000 	C:\WINDOWS\SYSTEM32\apphelp.dll
0x00007ffc7a990000 - 0x00007ffc7a9bb000 	C:\WINDOWS\system32\DWMAPI.DLL
0x00007ffc7a650000 - 0x00007ffc7a6fb000 	C:\WINDOWS\system32\uxtheme.dll
0x00007ffc355f0000 - 0x00007ffc356f0000 	C:\WINDOWS\system32\opengl32.dll
0x00007ffc35140000 - 0x00007ffc3516d000 	C:\WINDOWS\SYSTEM32\GLU32.dll
0x00007ffc7a750000 - 0x00007ffc7a789000 	C:\WINDOWS\SYSTEM32\dxcore.dll
0x00007ffc7f620000 - 0x00007ffc7f773000 	C:\WINDOWS\System32\MSCTF.dll
0x00007ffc3f230000 - 0x00007ffc3f3d9000 	C:\WINDOWS\system32\d3d9.dll
0x00007ffc716d0000 - 0x00007ffc7188b000 	C:\WINDOWS\System32\DriverStore\FileRepository\u0397033.inf_amd64_bf2b1fc18ba7195d\B396953\aticfx64.dll
0x00007ffc59090000 - 0x00007ffc590c4000 	C:\WINDOWS\System32\DriverStore\FileRepository\u0397033.inf_amd64_bf2b1fc18ba7195d\B396953\atiu9p64.dll
0x00007ffc0b6b0000 - 0x00007ffc0c3f7000 	C:\WINDOWS\System32\DriverStore\FileRepository\u0397033.inf_amd64_bf2b1fc18ba7195d\B396953\atiumd64.dll
0x000000006e6d0000 - 0x000000006f5e3000 	C:\WINDOWS\System32\DriverStore\FileRepository\u0397033.inf_amd64_bf2b1fc18ba7195d\B396953\atiumd6a.dll
0x00007ffc7dd60000 - 0x00007ffc7e1d4000 	C:\WINDOWS\System32\SETUPAPI.dll
0x00007ffc72a20000 - 0x00007ffc72a55000 	C:\WINDOWS\SYSTEM32\amdihk64.dll
0x00007ffc759b0000 - 0x00007ffc759fa000 	C:\WINDOWS\SYSTEM32\directxdatabasehelper.dll
0x00007ffc4b120000 - 0x00007ffc4b1a7000 	C:\Users\Любовь\.jdks\openjdk-22.0.1\bin\freetype.dll
0x00007ffc4aa60000 - 0x00007ffc4ab37000 	C:\Users\Любовь\.jdks\openjdk-22.0.1\bin\fontmanager.dll
0x00007ffc6beb0000 - 0x00007ffc6bffb000 	C:\WINDOWS\SYSTEM32\textinputframework.dll
0x00007ffc79c60000 - 0x00007ffc79d93000 	C:\WINDOWS\SYSTEM32\CoreMessaging.dll
0x00007ffc745a0000 - 0x00007ffc7490c000 	C:\WINDOWS\SYSTEM32\CoreUIComponents.dll
0x00007ffc7c820000 - 0x00007ffc7c82c000 	C:\WINDOWS\SYSTEM32\CRYPTBASE.DLL

dbghelp: loaded successfully - version: 4.0.5 - missing functions: none
symbol engine: initialized successfully - sym options: 0x614 - pdb path: .;C:\Users\Любовь\.jdks\openjdk-22.0.1\bin;C:\WINDOWS\SYSTEM32;C:\WINDOWS\WinSxS\amd64_microsoft.windows.common-controls_6595b64144ccf1df_6.0.22621.3527_none_270e469b73872a76;C:\Users\Любовь\.jdks\openjdk-22.0.1\bin\server;C:\Program Files\JetBrains\IntelliJ IDEA Community Edition 2024.1.1\bin;C:\WINDOWS\System32\DriverStore\FileRepository\u0397033.inf_amd64_bf2b1fc18ba7195d\B396953

VM Arguments:
jvm_args: -javaagent:C:\Program Files\JetBrains\IntelliJ IDEA Community Edition 2024.1.1\lib\idea_rt.jar=61556:C:\Program Files\JetBrains\IntelliJ IDEA Community Edition 2024.1.1\bin -Dfile.encoding=UTF-8 -Dsun.stdout.encoding=UTF-8 -Dsun.stderr.encoding=UTF-8 
java_command: Main
java_class_path (initial): C:\Users\Любовь\IdeaProjects\VKC\out\production\VKC
Launcher Type: SUN_STANDARD

[Global flags]
     intx CICompilerCount                          = 4                                         {product} {ergonomic}
     uint ConcGCThreads                            = 3                                         {product} {ergonomic}
     uint G1ConcRefinementThreads                  = 10                                        {product} {ergonomic}
   size_t G1HeapRegionSize                         = 1048576                                   {product} {ergonomic}
   size_t InitialHeapSize                          = 125829120                                 {product} {ergonomic}
   size_t MarkStackSize                            = 4194304                                   {product} {ergonomic}
   size_t MaxHeapSize                              = 1983905792                                {product} {ergonomic}
   size_t MaxNewSize                               = 1190133760                                {product} {ergonomic}
   size_t MinHeapDeltaBytes                        = 1048576                                   {product} {ergonomic}
   size_t MinHeapSize                              = 8388608                                   {product} {ergonomic}
    uintx NonNMethodCodeHeapSize                   = 5839372                                {pd product} {ergonomic}
    uintx NonProfiledCodeHeapSize                  = 122909434                              {pd product} {ergonomic}
    uintx ProfiledCodeHeapSize                     = 122909434                              {pd product} {ergonomic}
    uintx ReservedCodeCacheSize                    = 251658240                              {pd product} {ergonomic}
     bool SegmentedCodeCache                       = true                                      {product} {ergonomic}
   size_t SoftMaxHeapSize                          = 1983905792                             {manageable} {ergonomic}
     bool UseCompressedOops                        = true                           {product lp64_product} {ergonomic}
     bool UseG1GC                                  = true                                      {product} {ergonomic}
     bool UseLargePagesIndividualAllocation        = false                                  {pd product} {ergonomic}

Logging:
Log output configuration:
 #0: stdout all=warning uptime,level,tags foldmultilines=false
 #1: stderr all=off uptime,level,tags foldmultilines=false

Environment Variables:
PATH=C:\Program Files (x86)\Embarcadero\Studio\22.0\bin;C:\Users\Public\Documents\Embarcadero\Studio\22.0\Bpl;C:\Program Files (x86)\Embarcadero\Studio\22.0\bin64;C:\Users\Public\Documents\Embarcadero\Studio\22.0\Bpl\Win64;C:\WINDOWS\system32;C:\WINDOWS;C:\WINDOWS\System32\Wbem;C:\WINDOWS\System32\WindowsPowerShell\v1.0\;C:\WINDOWS\System32\OpenSSH\;C:\Program Files\dotnet\;C:\Program Files (x86)\Windows Kits\10\Windows Performance Toolkit\;C:\Program Files\Git\cmd;C:\Program Files\nodejs\;C:\Users\Любовь\AppData\Local\Microsoft\WindowsApps;C:\Users\Любовь\.dotnet\tools;C:\Users\Любовь\AppData\Local\Programs\Microsoft VS Code\bin;C:\Users\Любовь\AppData\Roaming\npm
USERNAME=Любовь
OS=Windows_NT
PROCESSOR_IDENTIFIER=AMD64 Family 25 Model 80 Stepping 0, AuthenticAMD
TMP=C:\Users\E151~1\AppData\Local\Temp
TEMP=C:\Users\E151~1\AppData\Local\Temp




Periodic native trim disabled

---------------  S Y S T E M  ---------------

OS:
 Windows 11 , 64 bit Build 22621 (10.0.22621.3527)
OS uptime: 0 days 15:20 hours

CPU: total 12 (initial active 12) (12 cores per cpu, 2 threads per core) family 25 model 80 stepping 0 microcode 0x0, cx8, cmov, fxsr, ht, mmx, 3dnowpref, sse, sse2, sse3, ssse3, sse4a, sse4.1, sse4.2, popcnt, lzcnt, tsc, tscinvbit, avx, avx2, aes, erms, clmul, bmi1, bmi2, adx, sha, fma, vzeroupper, clflush, clflushopt, rdtscp, rdpid, fsrm, f16c, pku, cet_ss
Processor Information for all 12 processors :
  Max Mhz: 2301, Current Mhz: 2301, Mhz Limit: 2301

Memory: 4k page, system-wide physical 7561M (435M free)
TotalPageFile size 11561M (AvailPageFile size 4M)
current process WorkingSet (physical memory assigned to process): 97M, peak: 97M
current process commit charge ("private bytes"): 258M, peak: 259M

vm_info: OpenJDK 64-Bit Server VM (22.0.1+8-16) for windows-amd64 JRE (22.0.1+8-16), built on 2024-03-12T10:33:16Z by "mach5one" with MS VC++ 17.6 (VS2022)

END.
