#
# There is insufficient memory for the Java Runtime Environment to continue.
# Native memory allocation (mmap) failed to map 125829120 bytes. Error detail: G1 virtual space
# Possible reasons:
#   The system is out of physical RAM or swap space
#   This process is running with CompressedOops enabled, and the Java Heap may be blocking the growth of the native heap
# Possible solutions:
#   Reduce memory load on the system
#   Increase physical memory or swap space
#   Check if swap backing store is full
#   Decrease Java heap size (-Xmx/-Xms)
#   Decrease number of Java threads
#   Decrease Java thread stack sizes (-Xss)
#   Set larger code cache with -XX:ReservedCodeCacheSize=
#   JVM is running with Unscaled Compressed Oops mode in which the Java heap is
#     placed in the first 4GB address space. The Java Heap base address is the
#     maximum limit for the native heap growth. Please use -XX:HeapBaseMinAddress
#     to set the Java Heap base and to place the Java Heap above 4GB virtual address.
# This output file may be truncated or incomplete.
#
#  Out of Memory Error (os_windows.cpp:3631), pid=10388, tid=17388
#
# JRE version:  (22.0.1+8) (build )
# Java VM: OpenJDK 64-Bit Server VM (22.0.1+8-16, mixed mode, sharing, tiered, compressed oops, compressed class ptrs, g1 gc, windows-amd64)
# No core dump will be written. Minidumps are not enabled by default on client versions of Windows
#

---------------  S U M M A R Y ------------

Command Line: -agentlib:jdwp=transport=dt_socket,address=127.0.0.1:64707,suspend=y,server=n -javaagent:C:\Users\Любовь\AppData\Local\JetBrains\IdeaIC2024.1\captureAgent\debugger-agent.jar -Dfile.encoding=UTF-8 -Dsun.stdout.encoding=UTF-8 -Dsun.stderr.encoding=UTF-8 Main

Host: AMD Ryzen 5 5625U with Radeon Graphics         , 12 cores, 7G,  Windows 11 , 64 bit Build 22621 (10.0.22621.3527)
Time: Mon Jun 10 23:14:11 2024 RTZ 7 (s 11 , 64 bit Build 22621 (10.0.22621.3527) elapsed time: 0.015121 seconds (0d 0h 0m 0s)

---------------  T H R E A D  ---------------

Current thread (0x0000000002ad8640):  JavaThread "Unknown thread" [_thread_in_vm, id=17388, stack(0x00000000021a0000,0x00000000022a0000) (1024K)]

Stack: [0x00000000021a0000,0x00000000022a0000]
Native frames: (J=compiled Java code, j=interpreted, Vv=VM code, C=native code)
V  [jvm.dll+0x6e2279]  (no source info available)
V  [jvm.dll+0x874e33]  (no source info available)
V  [jvm.dll+0x87725e]  (no source info available)
V  [jvm.dll+0x877933]  (no source info available)
V  [jvm.dll+0x27fd76]  (no source info available)
V  [jvm.dll+0x6de915]  (no source info available)
V  [jvm.dll+0x6d341a]  (no source info available)
V  [jvm.dll+0x3589da]  (no source info available)
V  [jvm.dll+0x360f06]  (no source info available)
V  [jvm.dll+0x3b3e2e]  (no source info available)
V  [jvm.dll+0x3b40d8]  (no source info available)
V  [jvm.dll+0x32c59c]  (no source info available)
V  [jvm.dll+0x32d158]  (no source info available)
V  [jvm.dll+0x83ccdc]  (no source info available)
V  [jvm.dll+0x3c0d71]  (no source info available)
V  [jvm.dll+0x825ccc]  (no source info available)
V  [jvm.dll+0x45b8fe]  (no source info available)
V  [jvm.dll+0x45d781]  (no source info available)
C  [jli.dll+0x52a3]  (no source info available)
C  [ucrtbase.dll+0x29333]  (no source info available)
C  [KERNEL32.DLL+0x1257d]  (no source info available)
C  [ntdll.dll+0x5aa48]  (no source info available)


---------------  P R O C E S S  ---------------

Threads class SMR info:
_java_thread_list=0x00007ffbceb0b1c8, length=0, elements={
}

Java Threads: ( => current thread )
Total: 0

Other Threads:
  0x0000000002b2dec0 WorkerThread "GC Thread#0"                     [id=16356, stack(0x000000001c880000,0x000000001c980000) (1024K)]
  0x0000000002b3e400 ConcurrentGCThread "G1 Main Marker"            [id=16940, stack(0x000000001c980000,0x000000001ca80000) (1024K)]
  0x0000000002b3ee20 WorkerThread "G1 Conc#0"                       [id=11728, stack(0x000000001ca80000,0x000000001cb80000) (1024K)]

[error occurred during error reporting (printing all threads), id 0xc0000005, EXCEPTION_ACCESS_VIOLATION (0xc0000005) at pc=0x00007ffbce25f367]
VM state: not at safepoint (not fully initialized)

VM Mutex/Monitor currently owned by a thread:  ([mutex/lock_event])
[0x00007ffbceb8bcb8] Heap_lock - owner thread: 0x0000000002ad8640

Heap address: 0x0000000089c00000, size: 1892 MB, Compressed Oops mode: 32-bit

CDS archive(s) mapped at: [0x0000000000000000-0x0000000000000000-0x0000000000000000), size 0, SharedBaseAddress: 0x0000000800000000, ArchiveRelocationMode: 1.
Narrow klass base: 0x0000000000000000, Narrow klass shift: 0, Narrow klass range: 0x0

GC Precious Log:
 CardTable entry size: 512
 Card Set container configuration: InlinePtr #cards 5 size 8 Array Of Cards #cards 12 size 40 Howl #buckets 4 coarsen threshold 1843 Howl Bitmap #cards 512 size 80 coarsen threshold 460 Card regions per heap region 1 cards per card region 2048

Heap:
 garbage-first heap   total reserved 1937408K, committed 0K, used 0K [0x0000000089c00000, 0x0000000100000000)
  region size 1024K, 0 young (0K), 0 survivors (0K)

[error occurred during error reporting (printing heap information), id 0xc0000005, EXCEPTION_ACCESS_VIOLATION (0xc0000005) at pc=0x00007ffbce65e429]
GC Heap History (0 events):
No events

Dll operation events (2 events):
Event: 0.011 Loaded shared library C:\Users\Любовь\.jdks\openjdk-22.0.1\bin\java.dll
Event: 0.011 Loaded shared library C:\Users\Любовь\.jdks\openjdk-22.0.1\bin\zip.dll

Deoptimization events (0 events):
No events

Classes loaded (0 events):
No events

Classes unloaded (0 events):
No events

Classes redefined (0 events):
No events

Internal exceptions (0 events):
No events

ZGC Phase Switch (0 events):
No events

VM Operations (0 events):
No events

Events (0 events):
No events


Dynamic libraries:
0x00007ff664640000 - 0x00007ff66464e000 	C:\Users\Любовь\.jdks\openjdk-22.0.1\bin\java.exe
0x00007ffc160d0000 - 0x00007ffc162e7000 	C:\WINDOWS\SYSTEM32\ntdll.dll
0x00007ffc14630000 - 0x00007ffc146f4000 	C:\WINDOWS\System32\KERNEL32.DLL
0x00007ffc13550000 - 0x00007ffc138f7000 	C:\WINDOWS\System32\KERNELBASE.dll
0x00007ffc13900000 - 0x00007ffc13a11000 	C:\WINDOWS\System32\ucrtbase.dll
0x00007ffc06c70000 - 0x00007ffc06c87000 	C:\Users\Любовь\.jdks\openjdk-22.0.1\bin\jli.dll
0x00007ffc07040000 - 0x00007ffc0705b000 	C:\Users\Любовь\.jdks\openjdk-22.0.1\bin\VCRUNTIME140.dll
0x00007ffc140e0000 - 0x00007ffc1428e000 	C:\WINDOWS\System32\USER32.dll
0x00007ffc01b20000 - 0x00007ffc01db3000 	C:\WINDOWS\WinSxS\amd64_microsoft.windows.common-controls_6595b64144ccf1df_6.0.22621.3527_none_270e469b73872a76\COMCTL32.dll
0x00007ffc13dd0000 - 0x00007ffc13df6000 	C:\WINDOWS\System32\win32u.dll
0x00007ffc15cb0000 - 0x00007ffc15d57000 	C:\WINDOWS\System32\msvcrt.dll
0x00007ffc140b0000 - 0x00007ffc140d9000 	C:\WINDOWS\System32\GDI32.dll
0x00007ffc13ac0000 - 0x00007ffc13bd9000 	C:\WINDOWS\System32\gdi32full.dll
0x00007ffc134b0000 - 0x00007ffc1354a000 	C:\WINDOWS\System32\msvcp_win.dll
0x00007ffc16050000 - 0x00007ffc16081000 	C:\WINDOWS\System32\IMM32.DLL
0x00007ffc071f0000 - 0x00007ffc071fc000 	C:\Users\Любовь\.jdks\openjdk-22.0.1\bin\vcruntime140_1.dll
0x00007ffbf7a10000 - 0x00007ffbf7a9e000 	C:\Users\Любовь\.jdks\openjdk-22.0.1\bin\msvcp140.dll
0x00007ffbcdf20000 - 0x00007ffbcec67000 	C:\Users\Любовь\.jdks\openjdk-22.0.1\bin\server\jvm.dll
0x00007ffc13e30000 - 0x00007ffc13ee2000 	C:\WINDOWS\System32\ADVAPI32.dll
0x00007ffc15c00000 - 0x00007ffc15ca8000 	C:\WINDOWS\System32\sechost.dll
0x00007ffc13a90000 - 0x00007ffc13ab8000 	C:\WINDOWS\System32\bcrypt.dll
0x00007ffc15d80000 - 0x00007ffc15e95000 	C:\WINDOWS\System32\RPCRT4.dll
0x00007ffc159c0000 - 0x00007ffc15a31000 	C:\WINDOWS\System32\WS2_32.dll
0x00007ffc132b0000 - 0x00007ffc132fd000 	C:\WINDOWS\SYSTEM32\POWRPROF.dll
0x00007ffc0b600000 - 0x00007ffc0b634000 	C:\WINDOWS\SYSTEM32\WINMM.dll
0x00007ffc094a0000 - 0x00007ffc094aa000 	C:\WINDOWS\SYSTEM32\VERSION.dll
0x00007ffc13290000 - 0x00007ffc132a3000 	C:\WINDOWS\SYSTEM32\UMPDC.dll
0x00007ffc12410000 - 0x00007ffc12428000 	C:\WINDOWS\SYSTEM32\kernel.appcore.dll
0x00007ffc07030000 - 0x00007ffc0703a000 	C:\Users\Любовь\.jdks\openjdk-22.0.1\bin\jimage.dll
0x00007ffc09b10000 - 0x00007ffc09d42000 	C:\WINDOWS\SYSTEM32\DBGHELP.DLL
0x00007ffc142a0000 - 0x00007ffc14628000 	C:\WINDOWS\System32\combase.dll
0x00007ffc15220000 - 0x00007ffc152f7000 	C:\WINDOWS\System32\OLEAUT32.dll
0x00007ffbc52b0000 - 0x00007ffbc52e2000 	C:\WINDOWS\SYSTEM32\dbgcore.DLL
0x00007ffc13be0000 - 0x00007ffc13c59000 	C:\WINDOWS\System32\bcryptPrimitives.dll
0x00007ffbffb50000 - 0x00007ffbffb8c000 	C:\Users\Любовь\.jdks\openjdk-22.0.1\bin\jdwp.dll
0x00007ffc00940000 - 0x00007ffc0094f000 	C:\Users\Любовь\.jdks\openjdk-22.0.1\bin\instrument.dll
0x00007ffc05910000 - 0x00007ffc0592e000 	C:\Users\Любовь\.jdks\openjdk-22.0.1\bin\java.dll
0x00007ffc14700000 - 0x00007ffc14f5c000 	C:\WINDOWS\System32\SHELL32.dll
0x00007ffc15ea0000 - 0x00007ffc16045000 	C:\WINDOWS\System32\ole32.dll
0x00007ffc00850000 - 0x00007ffc00867000 	C:\Users\Любовь\.jdks\openjdk-22.0.1\bin\zip.dll

dbghelp: loaded successfully - version: 4.0.5 - missing functions: none
symbol engine: initialized successfully - sym options: 0x614 - pdb path: .;C:\Users\Любовь\.jdks\openjdk-22.0.1\bin;C:\WINDOWS\SYSTEM32;C:\WINDOWS\WinSxS\amd64_microsoft.windows.common-controls_6595b64144ccf1df_6.0.22621.3527_none_270e469b73872a76;C:\Users\Любовь\.jdks\openjdk-22.0.1\bin\server

VM Arguments:
jvm_args: -agentlib:jdwp=transport=dt_socket,address=127.0.0.1:64707,suspend=y,server=n -javaagent:C:\Users\Любовь\AppData\Local\JetBrains\IdeaIC2024.1\captureAgent\debugger-agent.jar -Dfile.encoding=UTF-8 -Dsun.stdout.encoding=UTF-8 -Dsun.stderr.encoding=UTF-8 
java_command: Main
java_class_path (initial): C:\Users\Любовь\IdeaProjects\VKC\out\production\VKC;C:\Users\Любовь\Downloads\sqlite-jdbc-3.45.2.0.jar;C:\Users\Любовь\Downloads\slf4j-simple-1.7.36.jar;C:\Users\Любовь\Downloads\slf4j-api-1.7.36.jar;C:\Program Files\JetBrains\IntelliJ IDEA Community Edition 2024.1.1\lib\idea_rt.jar
Launcher Type: SUN_STANDARD

[Global flags]
     intx CICompilerCount                          = 4                                         {product} {ergonomic}
     uint ConcGCThreads                            = 3                                         {product} {ergonomic}
     uint G1ConcRefinementThreads                  = 10                                        {product} {ergonomic}
   size_t G1HeapRegionSize                         = 1048576                                   {product} {ergonomic}
   size_t InitialHeapSize                          = 125829120                                 {product} {ergonomic}
   size_t MarkStackSize                            = 4194304                                   {product} {ergonomic}
   size_t MaxHeapSize                              = 1983905792                                {product} {ergonomic}
   size_t MinHeapDeltaBytes                        = 1048576                                   {product} {ergonomic}
   size_t MinHeapSize                              = 8388608                                   {product} {ergonomic}
    uintx NonNMethodCodeHeapSize                   = 5839372                                {pd product} {ergonomic}
    uintx NonProfiledCodeHeapSize                  = 122909434                              {pd product} {ergonomic}
    uintx ProfiledCodeHeapSize                     = 122909434                              {pd product} {ergonomic}
    uintx ReservedCodeCacheSize                    = 251658240                              {pd product} {ergonomic}
     bool SegmentedCodeCache                       = true                                      {product} {ergonomic}
   size_t SoftMaxHeapSize                          = 1983905792                             {manageable} {ergonomic}
     bool UseCompressedOops                        = true                           {product lp64_product} {ergonomic}
     bool UseG1GC                                  = true                                      {product} {ergonomic}
     bool UseLargePagesIndividualAllocation        = false                                  {pd product} {ergonomic}

Logging:
Log output configuration:
 #0: stdout all=warning uptime,level,tags foldmultilines=false
 #1: stderr all=off uptime,level,tags foldmultilines=false

Environment Variables:
PATH=C:\Program Files (x86)\Embarcadero\Studio\22.0\bin;C:\Users\Public\Documents\Embarcadero\Studio\22.0\Bpl;C:\Program Files (x86)\Embarcadero\Studio\22.0\bin64;C:\Users\Public\Documents\Embarcadero\Studio\22.0\Bpl\Win64;C:\WINDOWS\system32;C:\WINDOWS;C:\WINDOWS\System32\Wbem;C:\WINDOWS\System32\WindowsPowerShell\v1.0\;C:\WINDOWS\System32\OpenSSH\;C:\Program Files\dotnet\;C:\Program Files (x86)\Windows Kits\10\Windows Performance Toolkit\;C:\Program Files\Git\cmd;C:\Program Files\nodejs\;C:\Users\Любовь\AppData\Local\Microsoft\WindowsApps;C:\Users\Любовь\.dotnet\tools;C:\Users\Любовь\AppData\Local\Programs\Microsoft VS Code\bin;C:\Users\Любовь\AppData\Roaming\npm
USERNAME=Любовь
OS=Windows_NT
PROCESSOR_IDENTIFIER=AMD64 Family 25 Model 80 Stepping 0, AuthenticAMD
TMP=C:\Users\E151~1\AppData\Local\Temp
TEMP=C:\Users\E151~1\AppData\Local\Temp




Periodic native trim disabled

---------------  S Y S T E M  ---------------

OS:
 Windows 11 , 64 bit Build 22621 (10.0.22621.3527)
OS uptime: 6 days 14:19 hours

CPU: total 12 (initial active 12) (12 cores per cpu, 2 threads per core) family 25 model 80 stepping 0 microcode 0x0, cx8, cmov, fxsr, ht, mmx, 3dnowpref, sse, sse2, sse3, ssse3, sse4a, sse4.1, sse4.2, popcnt, lzcnt, tsc, tscinvbit, avx, avx2, aes, erms, clmul, bmi1, bmi2, adx, sha, fma, vzeroupper, clflush, clflushopt, rdtscp, rdpid, fsrm, f16c, pku, cet_ss
Processor Information for all 12 processors :
  Max Mhz: 2301, Current Mhz: 2301, Mhz Limit: 2301

Memory: 4k page, system-wide physical 7561M (2176M free)
TotalPageFile size 11561M (AvailPageFile size 30M)
current process WorkingSet (physical memory assigned to process): 12M, peak: 12M
current process commit charge ("private bytes"): 64M, peak: 184M

vm_info: OpenJDK 64-Bit Server VM (22.0.1+8-16) for windows-amd64 JRE (22.0.1+8-16), built on 2024-03-12T10:33:16Z by "mach5one" with MS VC++ 17.6 (VS2022)

END.
